#
# There is insufficient memory for the Java Runtime Environment to continue.
# Native memory allocation (mmap) failed to map 1431830528 bytes for committing reserved memory.
# Possible reasons:
#   The system is out of physical RAM or swap space
#   In 32 bit mode, the process size limit was hit
# Possible solutions:
#   Reduce memory load on the system
#   Increase physical memory or swap space
#   Check if swap backing store is full
#   Use 64 bit Java on a 64 bit OS
#   Decrease Java heap size (-Xmx/-Xms)
#   Decrease number of Java threads
#   Decrease Java thread stack sizes (-Xss)
#   Set larger code cache with -XX:ReservedCodeCacheSize=
# This output file may be truncated or incomplete.
#
#  Out of Memory Error (os_linux.cpp:2627), pid=6716, tid=140466118174464
#
# JRE version:  (8.0_71-b15) (build )
# Java VM: Java HotSpot(TM) 64-Bit Server VM (25.71-b15 mixed mode linux-amd64 compressed oops)
# Failed to write core dump. Core dumps have been disabled. To enable core dumping, try "ulimit -c unlimited" before starting Java again
#

---------------  T H R E A D  ---------------

Current thread (0x00007fc0c4009800):  JavaThread "Unknown thread" [_thread_in_vm, id=6738, stack(0x00007fc0d103a000,0x00007fc0d113b000)]

Stack: [0x00007fc0d103a000,0x00007fc0d113b000],  sp=0x00007fc0d11390f0,  free space=1020k
Native frames: (J=compiled Java code, j=interpreted, Vv=VM code, C=native code)
V  [libjvm.so+0xaba71a]  VMError::report_and_die()+0x2ba
V  [libjvm.so+0x4f9ecb]  report_vm_out_of_memory(char const*, int, unsigned long, VMErrorType, char const*)+0x8b
V  [libjvm.so+0x91b553]  os::Linux::commit_memory_impl(char*, unsigned long, bool)+0x103
V  [libjvm.so+0x91baa9]  os::pd_commit_memory(char*, unsigned long, unsigned long, bool)+0x29
V  [libjvm.so+0x915dba]  os::commit_memory(char*, unsigned long, unsigned long, bool)+0x2a
V  [libjvm.so+0x989463]  PSVirtualSpace::expand_by(unsigned long)+0x53
V  [libjvm.so+0x9795a7]  PSOldGen::initialize(ReservedSpace, unsigned long, char const*, int)+0xb7
V  [libjvm.so+0x2d827a]  AdjoiningGenerations::AdjoiningGenerations(ReservedSpace, GenerationSizer*, unsigned long)+0x39a
V  [libjvm.so+0x93e876]  ParallelScavengeHeap::initialize()+0x1d6
V  [libjvm.so+0xa82f4b]  Universe::initialize_heap()+0xfb
V  [libjvm.so+0xa832be]  universe_init()+0x3e
V  [libjvm.so+0x639305]  init_globals()+0x65
V  [libjvm.so+0xa674be]  Threads::create_vm(JavaVMInitArgs*, bool*)+0x23e
V  [libjvm.so+0x6cd824]  JNI_CreateJavaVM+0x74
C  [libjli.so+0x745e]  JavaMain+0x9e
C  [libpthread.so.0+0x8182]  start_thread+0xc2


---------------  P R O C E S S  ---------------

Java Threads: ( => current thread )

Other Threads:

=>0x00007fc0c4009800 (exited) JavaThread "Unknown thread" [_thread_in_vm, id=6738, stack(0x00007fc0d103a000,0x00007fc0d113b000)]

VM state:not at safepoint (not fully initialized)

VM Mutex/Monitor currently owned by a thread: None

GC Heap History (0 events):
No events

Deoptimization events (0 events):
No events

Internal exceptions (0 events):
No events

Events (0 events):
No events


Dynamic libraries:
00400000-00401000 r-xp 00000000 08:01 3806047                            /home/mysql1/installPage/jdk1.8.0_71/bin/java
00600000-00601000 rw-p 00000000 08:01 3806047                            /home/mysql1/installPage/jdk1.8.0_71/bin/java
017ed000-0180e000 rw-p 00000000 00:00 0                                  [heap]
d5580000-100000000 rw-p 00000000 00:00 0 
7fc0b448e000-7fc0b4624000 rw-p 00000000 00:00 0 
7fc0b4624000-7fc0b48ce000 ---p 00000000 00:00 0 
7fc0b48ce000-7fc0b4a2f000 rw-p 00000000 00:00 0 
7fc0b4a2f000-7fc0b4de5000 ---p 00000000 00:00 0 
7fc0b4de5000-7fc0b5055000 rwxp 00000000 00:00 0 
7fc0b5055000-7fc0c3de5000 ---p 00000000 00:00 0 
7fc0c3de5000-7fc0c3dff000 r-xp 00000000 08:01 3806435                    /home/mysql1/installPage/jdk1.8.0_71/jre/lib/amd64/libzip.so
7fc0c3dff000-7fc0c3fff000 ---p 0001a000 08:01 3806435                    /home/mysql1/installPage/jdk1.8.0_71/jre/lib/amd64/libzip.so
7fc0c3fff000-7fc0c4000000 rw-p 0001a000 08:01 3806435                    /home/mysql1/installPage/jdk1.8.0_71/jre/lib/amd64/libzip.so
7fc0c4000000-7fc0c4032000 rw-p 00000000 00:00 0 
7fc0c4032000-7fc0c8000000 ---p 00000000 00:00 0 
7fc0c80c8000-7fc0c81b7000 rw-p 00000000 00:00 0 
7fc0c81b7000-7fc0c81c2000 r-xp 00000000 08:01 790551                     /lib/x86_64-linux-gnu/libnss_files-2.19.so
7fc0c81c2000-7fc0c83c1000 ---p 0000b000 08:01 790551                     /lib/x86_64-linux-gnu/libnss_files-2.19.so
7fc0c83c1000-7fc0c83c2000 r--p 0000a000 08:01 790551                     /lib/x86_64-linux-gnu/libnss_files-2.19.so
7fc0c83c2000-7fc0c83c3000 rw-p 0000b000 08:01 790551                     /lib/x86_64-linux-gnu/libnss_files-2.19.so
7fc0c83c3000-7fc0c83ce000 r-xp 00000000 08:01 790561                     /lib/x86_64-linux-gnu/libnss_nis-2.19.so
7fc0c83ce000-7fc0c85cd000 ---p 0000b000 08:01 790561                     /lib/x86_64-linux-gnu/libnss_nis-2.19.so
7fc0c85cd000-7fc0c85ce000 r--p 0000a000 08:01 790561                     /lib/x86_64-linux-gnu/libnss_nis-2.19.so
7fc0c85ce000-7fc0c85cf000 rw-p 0000b000 08:01 790561                     /lib/x86_64-linux-gnu/libnss_nis-2.19.so
7fc0c85cf000-7fc0c85e6000 r-xp 00000000 08:01 790545                     /lib/x86_64-linux-gnu/libnsl-2.19.so
7fc0c85e6000-7fc0c87e5000 ---p 00017000 08:01 790545                     /lib/x86_64-linux-gnu/libnsl-2.19.so
7fc0c87e5000-7fc0c87e6000 r--p 00016000 08:01 790545                     /lib/x86_64-linux-gnu/libnsl-2.19.so
7fc0c87e6000-7fc0c87e7000 rw-p 00017000 08:01 790545                     /lib/x86_64-linux-gnu/libnsl-2.19.so
7fc0c87e7000-7fc0c87e9000 rw-p 00000000 00:00 0 
7fc0c87e9000-7fc0c87f2000 r-xp 00000000 08:01 790547                     /lib/x86_64-linux-gnu/libnss_compat-2.19.so
7fc0c87f2000-7fc0c89f1000 ---p 00009000 08:01 790547                     /lib/x86_64-linux-gnu/libnss_compat-2.19.so
7fc0c89f1000-7fc0c89f2000 r--p 00008000 08:01 790547                     /lib/x86_64-linux-gnu/libnss_compat-2.19.so
7fc0c89f2000-7fc0c89f3000 rw-p 00009000 08:01 790547                     /lib/x86_64-linux-gnu/libnss_compat-2.19.so
7fc0c89f3000-7fc0c8a1d000 r-xp 00000000 08:01 3806422                    /home/mysql1/installPage/jdk1.8.0_71/jre/lib/amd64/libjava.so
7fc0c8a1d000-7fc0c8c1d000 ---p 0002a000 08:01 3806422                    /home/mysql1/installPage/jdk1.8.0_71/jre/lib/amd64/libjava.so
7fc0c8c1d000-7fc0c8c1f000 rw-p 0002a000 08:01 3806422                    /home/mysql1/installPage/jdk1.8.0_71/jre/lib/amd64/libjava.so
7fc0c8c1f000-7fc0c8c2c000 r-xp 00000000 08:01 3806412                    /home/mysql1/installPage/jdk1.8.0_71/jre/lib/amd64/libverify.so
7fc0c8c2c000-7fc0c8e2c000 ---p 0000d000 08:01 3806412                    /home/mysql1/installPage/jdk1.8.0_71/jre/lib/amd64/libverify.so
7fc0c8e2c000-7fc0c8e2e000 rw-p 0000d000 08:01 3806412                    /home/mysql1/installPage/jdk1.8.0_71/jre/lib/amd64/libverify.so
7fc0c8e2e000-7fc0c9aed000 r-xp 00000000 08:01 3806428                    /home/mysql1/installPage/jdk1.8.0_71/jre/lib/amd64/server/libjvm.so
7fc0c9aed000-7fc0c9cec000 ---p 00cbf000 08:01 3806428                    /home/mysql1/installPage/jdk1.8.0_71/jre/lib/amd64/server/libjvm.so
7fc0c9cec000-7fc0c9dc5000 rw-p 00cbe000 08:01 3806428                    /home/mysql1/installPage/jdk1.8.0_71/jre/lib/amd64/server/libjvm.so
7fc0c9dc5000-7fc0c9e0e000 rw-p 00000000 00:00 0 
7fc0c9e0e000-7fc0c9e14000 r-xp 00000000 08:01 4072044                    /usr/lib/x86_64-linux-gnu/libdatrie.so.1.3.1
7fc0c9e14000-7fc0ca013000 ---p 00006000 08:01 4072044                    /usr/lib/x86_64-linux-gnu/libdatrie.so.1.3.1
7fc0ca013000-7fc0ca014000 r--p 00005000 08:01 4072044                    /usr/lib/x86_64-linux-gnu/libdatrie.so.1.3.1
7fc0ca014000-7fc0ca015000 rw-p 00006000 08:01 4072044                    /usr/lib/x86_64-linux-gnu/libdatrie.so.1.3.1
7fc0ca015000-7fc0ca02f000 r-xp 00000000 08:01 4072270                    /usr/lib/x86_64-linux-gnu/libgraphite2.so.3.0.1
7fc0ca02f000-7fc0ca22e000 ---p 0001a000 08:01 4072270                    /usr/lib/x86_64-linux-gnu/libgraphite2.so.3.0.1
7fc0ca22e000-7fc0ca230000 r--p 00019000 08:01 4072270                    /usr/lib/x86_64-linux-gnu/libgraphite2.so.3.0.1
7fc0ca230000-7fc0ca231000 rw-p 0001b000 08:01 4072270                    /usr/lib/x86_64-linux-gnu/libgraphite2.so.3.0.1
7fc0ca231000-7fc0ca236000 r-xp 00000000 08:01 4071852                    /usr/lib/x86_64-linux-gnu/libXdmcp.so.6.0.0
7fc0ca236000-7fc0ca435000 ---p 00005000 08:01 4071852                    /usr/lib/x86_64-linux-gnu/libXdmcp.so.6.0.0
7fc0ca435000-7fc0ca436000 r--p 00004000 08:01 4071852                    /usr/lib/x86_64-linux-gnu/libXdmcp.so.6.0.0
7fc0ca436000-7fc0ca437000 rw-p 00005000 08:01 4071852                    /usr/lib/x86_64-linux-gnu/libXdmcp.so.6.0.0
7fc0ca437000-7fc0ca439000 r-xp 00000000 08:01 4071841                    /usr/lib/x86_64-linux-gnu/libXau.so.6.0.0
7fc0ca439000-7fc0ca639000 ---p 00002000 08:01 4071841                    /usr/lib/x86_64-linux-gnu/libXau.so.6.0.0
7fc0ca639000-7fc0ca63a000 r--p 00002000 08:01 4071841                    /usr/lib/x86_64-linux-gnu/libXau.so.6.0.0
7fc0ca63a000-7fc0ca63b000 rw-p 00003000 08:01 4071841                    /usr/lib/x86_64-linux-gnu/libXau.so.6.0.0
7fc0ca63b000-7fc0ca662000 r-xp 00000000 08:01 787434                     /lib/x86_64-linux-gnu/libexpat.so.1.6.0
7fc0ca662000-7fc0ca862000 ---p 00027000 08:01 787434                     /lib/x86_64-linux-gnu/libexpat.so.1.6.0
7fc0ca862000-7fc0ca864000 r--p 00027000 08:01 787434                     /lib/x86_64-linux-gnu/libexpat.so.1.6.0
7fc0ca864000-7fc0ca865000 rw-p 00029000 08:01 787434                     /lib/x86_64-linux-gnu/libexpat.so.1.6.0
7fc0ca865000-7fc0ca86d000 r-xp 00000000 08:01 4072769                    /usr/lib/x86_64-linux-gnu/libthai.so.0.2.0
7fc0ca86d000-7fc0caa6c000 ---p 00008000 08:01 4072769                    /usr/lib/x86_64-linux-gnu/libthai.so.0.2.0
7fc0caa6c000-7fc0caa6d000 r--p 00007000 08:01 4072769                    /usr/lib/x86_64-linux-gnu/libthai.so.0.2.0
7fc0caa6d000-7fc0caa6e000 rw-p 00008000 08:01 4072769                    /usr/lib/x86_64-linux-gnu/libthai.so.0.2.0
7fc0caa6e000-7fc0caac1000 r-xp 00000000 08:01 4067530                    /usr/lib/x86_64-linux-gnu/libharfbuzz.so.0.927.0
7fc0caac1000-7fc0cacc1000 ---p 00053000 08:01 4067530                    /usr/lib/x86_64-linux-gnu/libharfbuzz.so.0.927.0
7fc0cacc1000-7fc0cacc2000 r--p 00053000 08:01 4067530                    /usr/lib/x86_64-linux-gnu/libharfbuzz.so.0.927.0
7fc0cacc2000-7fc0cacc3000 rw-p 00054000 08:01 4067530                    /usr/lib/x86_64-linux-gnu/libharfbuzz.so.0.927.0
7fc0cacc3000-7fc0cacda000 r-xp 00000000 08:01 790602                     /lib/x86_64-linux-gnu/libresolv-2.19.so
7fc0cacda000-7fc0caeda000 ---p 00017000 08:01 790602                     /lib/x86_64-linux-gnu/libresolv-2.19.so
7fc0caeda000-7fc0caedb000 r--p 00017000 08:01 790602                     /lib/x86_64-linux-gnu/libresolv-2.19.so
7fc0caedb000-7fc0caedc000 rw-p 00018000 08:01 790602                     /lib/x86_64-linux-gnu/libresolv-2.19.so
7fc0caedc000-7fc0caede000 rw-p 00000000 00:00 0 
7fc0caede000-7fc0caefe000 r-xp 00000000 08:01 790606                     /lib/x86_64-linux-gnu/libselinux.so.1
7fc0caefe000-7fc0cb0fd000 ---p 00020000 08:01 790606                     /lib/x86_64-linux-gnu/libselinux.so.1
7fc0cb0fd000-7fc0cb0fe000 r--p 0001f000 08:01 790606                     /lib/x86_64-linux-gnu/libselinux.so.1
7fc0cb0fe000-7fc0cb0ff000 rw-p 00020000 08:01 790606                     /lib/x86_64-linux-gnu/libselinux.so.1
7fc0cb0ff000-7fc0cb101000 rw-p 00000000 00:00 0 
7fc0cb101000-7fc0cb108000 r-xp 00000000 08:01 790604                     /lib/x86_64-linux-gnu/librt-2.19.so
7fc0cb108000-7fc0cb307000 ---p 00007000 08:01 790604                     /lib/x86_64-linux-gnu/librt-2.19.so
7fc0cb307000-7fc0cb308000 r--p 00006000 08:01 790604                     /lib/x86_64-linux-gnu/librt-2.19.so
7fc0cb308000-7fc0cb309000 rw-p 00007000 08:01 790604                     /lib/x86_64-linux-gnu/librt-2.19.so
7fc0cb309000-7fc0cb321000 r-xp 00000000 08:01 790639                     /lib/x86_64-linux-gnu/libz.so.1.2.8
7fc0cb321000-7fc0cb520000 ---p 00018000 08:01 790639                     /lib/x86_64-linux-gnu/libz.so.1.2.8
7fc0cb520000-7fc0cb521000 r--p 00017000 08:01 790639                     /lib/x86_64-linux-gnu/libz.so.1.2.8
7fc0cb521000-7fc0cb522000 rw-p 00018000 08:01 790639                     /lib/x86_64-linux-gnu/libz.so.1.2.8
7fc0cb522000-7fc0cb52a000 r-xp 00000000 08:01 4072897                    /usr/lib/x86_64-linux-gnu/libxcb-render.so.0.0.0
7fc0cb52a000-7fc0cb729000 ---p 00008000 08:01 4072897                    /usr/lib/x86_64-linux-gnu/libxcb-render.so.0.0.0
7fc0cb729000-7fc0cb72a000 r--p 00007000 08:01 4072897                    /usr/lib/x86_64-linux-gnu/libxcb-render.so.0.0.0
7fc0cb72a000-7fc0cb72b000 rw-p 00008000 08:01 4072897                    /usr/lib/x86_64-linux-gnu/libxcb-render.so.0.0.0
7fc0cb72b000-7fc0cb72d000 r-xp 00000000 08:01 4072901                    /usr/lib/x86_64-linux-gnu/libxcb-shm.so.0.0.0
7fc0cb72d000-7fc0cb92c000 ---p 00002000 08:01 4072901                    /usr/lib/x86_64-linux-gnu/libxcb-shm.so.0.0.0
7fc0cb92c000-7fc0cb92d000 r--p 00001000 08:01 4072901                    /usr/lib/x86_64-linux-gnu/libxcb-shm.so.0.0.0
7fc0cb92d000-7fc0cb92e000 rw-p 00002000 08:01 4072901                    /usr/lib/x86_64-linux-gnu/libxcb-shm.so.0.0.0
7fc0cb92e000-7fc0cb953000 r-xp 00000000 08:01 787437                     /lib/x86_64-linux-gnu/libpng12.so.0.50.0
7fc0cb953000-7fc0cbb52000 ---p 00025000 08:01 787437                     /lib/x86_64-linux-gnu/libpng12.so.0.50.0
7fc0cbb52000-7fc0cbb53000 r--p 00024000 08:01 787437                     /lib/x86_64-linux-gnu/libpng12.so.0.50.0
7fc0cbb53000-7fc0cbb54000 rw-p 00025000 08:01 787437                     /lib/x86_64-linux-gnu/libpng12.so.0.50.0
7fc0cbb54000-7fc0cbbf4000 r-xp 00000000 08:01 4067515                    /usr/lib/x86_64-linux-gnu/libpixman-1.so.0.30.2
7fc0cbbf4000-7fc0cbdf4000 ---p 000a0000 08:01 4067515                    /usr/lib/x86_64-linux-gnu/libpixman-1.so.0.30.2
7fc0cbdf4000-7fc0cbdfb000 r--p 000a0000 08:01 4067515                    /usr/lib/x86_64-linux-gnu/libpixman-1.so.0.30.2
7fc0cbdfb000-7fc0cbdfc000 rw-p 000a7000 08:01 4067515                    /usr/lib/x86_64-linux-gnu/libpixman-1.so.0.30.2
7fc0cbdfc000-7fc0cbe19000 r-xp 00000000 08:01 4072911                    /usr/lib/x86_64-linux-gnu/libxcb.so.1.1.0
7fc0cbe19000-7fc0cc019000 ---p 0001d000 08:01 4072911                    /usr/lib/x86_64-linux-gnu/libxcb.so.1.1.0
7fc0cc019000-7fc0cc01a000 r--p 0001d000 08:01 4072911                    /usr/lib/x86_64-linux-gnu/libxcb.so.1.1.0
7fc0cc01a000-7fc0cc01b000 rw-p 0001e000 08:01 4072911                    /usr/lib/x86_64-linux-gnu/libxcb.so.1.1.0
7fc0cc01b000-7fc0cc0b8000 r-xp 00000000 08:01 4067512                    /usr/lib/x86_64-linux-gnu/libfreetype.so.6.11.1
7fc0cc0b8000-7fc0cc2b7000 ---p 0009d000 08:01 4067512                    /usr/lib/x86_64-linux-gnu/libfreetype.so.6.11.1
7fc0cc2b7000-7fc0cc2bd000 r--p 0009c000 08:01 4067512                    /usr/lib/x86_64-linux-gnu/libfreetype.so.6.11.1
7fc0cc2bd000-7fc0cc2be000 rw-p 000a2000 08:01 4067512                    /usr/lib/x86_64-linux-gnu/libfreetype.so.6.11.1
7fc0cc2be000-7fc0cc2fb000 r-xp 00000000 08:01 786523                     /lib/x86_64-linux-gnu/libpcre.so.3.13.1
7fc0cc2fb000-7fc0cc4fa000 ---p 0003d000 08:01 786523                     /lib/x86_64-linux-gnu/libpcre.so.3.13.1
7fc0cc4fa000-7fc0cc4fb000 r--p 0003c000 08:01 786523                     /lib/x86_64-linux-gnu/libpcre.so.3.13.1
7fc0cc4fb000-7fc0cc4fc000 rw-p 0003d000 08:01 786523                     /lib/x86_64-linux-gnu/libpcre.so.3.13.1
7fc0cc4fc000-7fc0cc503000 r-xp 00000000 08:01 4072119                    /usr/lib/x86_64-linux-gnu/libffi.so.6.0.1
7fc0cc503000-7fc0cc702000 ---p 00007000 08:01 4072119                    /usr/lib/x86_64-linux-gnu/libffi.so.6.0.1
7fc0cc702000-7fc0cc703000 r--p 00006000 08:01 4072119                    /usr/lib/x86_64-linux-gnu/libffi.so.6.0.1
7fc0cc703000-7fc0cc704000 rw-p 00007000 08:01 4072119                    /usr/lib/x86_64-linux-gnu/libffi.so.6.0.1
7fc0cc704000-7fc0cc715000 r-xp 00000000 08:01 4063687                    /usr/lib/x86_64-linux-gnu/libXext.so.6.4.0
7fc0cc715000-7fc0cc914000 ---p 00011000 08:01 4063687                    /usr/lib/x86_64-linux-gnu/libXext.so.6.4.0
7fc0cc914000-7fc0cc915000 r--p 00010000 08:01 4063687                    /usr/lib/x86_64-linux-gnu/libXext.so.6.4.0
7fc0cc915000-7fc0cc916000 rw-p 00011000 08:01 4063687                    /usr/lib/x86_64-linux-gnu/libXext.so.6.4.0
7fc0cc916000-7fc0cc918000 r-xp 00000000 08:01 4071850                    /usr/lib/x86_64-linux-gnu/libXdamage.so.1.1.0
7fc0cc918000-7fc0ccb17000 ---p 00002000 08:01 4071850                    /usr/lib/x86_64-linux-gnu/libXdamage.so.1.1.0
7fc0ccb17000-7fc0ccb18000 r--p 00001000 08:01 4071850                    /usr/lib/x86_64-linux-gnu/libXdamage.so.1.1.0
7fc0ccb18000-7fc0ccb19000 rw-p 00002000 08:01 4071850                    /usr/lib/x86_64-linux-gnu/libXdamage.so.1.1.0
7fc0ccb19000-7fc0ccb1b000 r-xp 00000000 08:01 4071846                    /usr/lib/x86_64-linux-gnu/libXcomposite.so.1.0.0
7fc0ccb1b000-7fc0ccd1a000 ---p 00002000 08:01 4071846                    /usr/lib/x86_64-linux-gnu/libXcomposite.so.1.0.0
7fc0ccd1a000-7fc0ccd1b000 r--p 00001000 08:01 4071846                    /usr/lib/x86_64-linux-gnu/libXcomposite.so.1.0.0
7fc0ccd1b000-7fc0ccd1c000 rw-p 00002000 08:01 4071846                    /usr/lib/x86_64-linux-gnu/libXcomposite.so.1.0.0
7fc0ccd1c000-7fc0ccd25000 r-xp 00000000 08:01 4071848                    /usr/lib/x86_64-linux-gnu/libXcursor.so.1.0.2
7fc0ccd25000-7fc0ccf24000 ---p 00009000 08:01 4071848                    /usr/lib/x86_64-linux-gnu/libXcursor.so.1.0.2
7fc0ccf24000-7fc0ccf25000 r--p 00008000 08:01 4071848                    /usr/lib/x86_64-linux-gnu/libXcursor.so.1.0.2
7fc0ccf25000-7fc0ccf26000 rw-p 00009000 08:01 4071848                    /usr/lib/x86_64-linux-gnu/libXcursor.so.1.0.2
7fc0ccf26000-7fc0ccf2f000 r-xp 00000000 08:01 4071874                    /usr/lib/x86_64-linux-gnu/libXrandr.so.2.2.0
7fc0ccf2f000-7fc0cd12e000 ---p 00009000 08:01 4071874                    /usr/lib/x86_64-linux-gnu/libXrandr.so.2.2.0
7fc0cd12e000-7fc0cd12f000 r--p 00008000 08:01 4071874                    /usr/lib/x86_64-linux-gnu/libXrandr.so.2.2.0
7fc0cd12f000-7fc0cd130000 rw-p 00009000 08:01 4071874                    /usr/lib/x86_64-linux-gnu/libXrandr.so.2.2.0
7fc0cd130000-7fc0cd13f000 r-xp 00000000 08:01 4067544                    /usr/lib/x86_64-linux-gnu/libXi.so.6.1.0
7fc0cd13f000-7fc0cd33e000 ---p 0000f000 08:01 4067544                    /usr/lib/x86_64-linux-gnu/libXi.so.6.1.0
7fc0cd33e000-7fc0cd33f000 r--p 0000e000 08:01 4067544                    /usr/lib/x86_64-linux-gnu/libXi.so.6.1.0
7fc0cd33f000-7fc0cd340000 rw-p 0000f000 08:01 4067544                    /usr/lib/x86_64-linux-gnu/libXi.so.6.1.0
7fc0cd340000-7fc0cd342000 r-xp 00000000 08:01 4071864                    /usr/lib/x86_64-linux-gnu/libXinerama.so.1.0.0
7fc0cd342000-7fc0cd541000 ---p 00002000 08:01 4071864                    /usr/lib/x86_64-linux-gnu/libXinerama.so.1.0.0
7fc0cd541000-7fc0cd542000 r--p 00001000 08:01 4071864                    /usr/lib/x86_64-linux-gnu/libXinerama.so.1.0.0
7fc0cd542000-7fc0cd543000 rw-p 00002000 08:01 4071864                    /usr/lib/x86_64-linux-gnu/libXinerama.so.1.0.0
7fc0cd543000-7fc0cd54c000 r-xp 00000000 08:01 4067519                    /usr/lib/x86_64-linux-gnu/libXrender.so.1.3.0
7fc0cd54c000-7fc0cd74b000 ---p 00009000 08:01 4067519                    /usr/lib/x86_64-linux-gnu/libXrender.so.1.3.0
7fc0cd74b000-7fc0cd74c000 r--p 00008000 08:01 4067519                    /usr/lib/x86_64-linux-gnu/libXrender.so.1.3.0
7fc0cd74c000-7fc0cd74d000 rw-p 00009000 08:01 4067519                    /usr/lib/x86_64-linux-gnu/libXrender.so.1.3.0
7fc0cd74d000-7fc0cd852000 r-xp 00000000 08:01 790526                     /lib/x86_64-linux-gnu/libm-2.19.so
7fc0cd852000-7fc0cda51000 ---p 00105000 08:01 790526                     /lib/x86_64-linux-gnu/libm-2.19.so
7fc0cda51000-7fc0cda52000 r--p 00104000 08:01 790526                     /lib/x86_64-linux-gnu/libm-2.19.so
7fc0cda52000-7fc0cda53000 rw-p 00105000 08:01 790526                     /lib/x86_64-linux-gnu/libm-2.19.so
7fc0cda53000-7fc0cda8d000 r-xp 00000000 08:01 4072133                    /usr/lib/x86_64-linux-gnu/libfontconfig.so.1.8.0
7fc0cda8d000-7fc0cdc8c000 ---p 0003a000 08:01 4072133                    /usr/lib/x86_64-linux-gnu/libfontconfig.so.1.8.0
7fc0cdc8c000-7fc0cdc8e000 r--p 00039000 08:01 4072133                    /usr/lib/x86_64-linux-gnu/libfontconfig.so.1.8.0
7fc0cdc8e000-7fc0cdc8f000 rw-p 0003b000 08:01 4072133                    /usr/lib/x86_64-linux-gnu/libfontconfig.so.1.8.0
7fc0cdc8f000-7fc0cdcd9000 r-xp 00000000 08:01 4067537                    /usr/lib/x86_64-linux-gnu/libpango-1.0.so.0.3600.3
7fc0cdcd9000-7fc0cded9000 ---p 0004a000 08:01 4067537                    /usr/lib/x86_64-linux-gnu/libpango-1.0.so.0.3600.3
7fc0cded9000-7fc0cdedb000 r--p 0004a000 08:01 4067537                    /usr/lib/x86_64-linux-gnu/libpango-1.0.so.0.3600.3
7fc0cdedb000-7fc0cdedc000 rw-p 0004c000 08:01 4067537                    /usr/lib/x86_64-linux-gnu/libpango-1.0.so.0.3600.3
7fc0cdedc000-7fc0cdef0000 r-xp 00000000 08:01 4067539                    /usr/lib/x86_64-linux-gnu/libpangoft2-1.0.so.0.3600.3
7fc0cdef0000-7fc0ce0ef000 ---p 00014000 08:01 4067539                    /usr/lib/x86_64-linux-gnu/libpangoft2-1.0.so.0.3600.3
7fc0ce0ef000-7fc0ce0f0000 r--p 00013000 08:01 4067539                    /usr/lib/x86_64-linux-gnu/libpangoft2-1.0.so.0.3600.3
7fc0ce0f0000-7fc0ce0f1000 rw-p 00014000 08:01 4067539                    /usr/lib/x86_64-linux-gnu/libpangoft2-1.0.so.0.3600.3
7fc0ce0f1000-7fc0ce25d000 r-xp 00000000 08:01 4063618                    /usr/lib/x86_64-linux-gnu/libgio-2.0.so.0.4002.0
7fc0ce25d000-7fc0ce45c000 ---p 0016c000 08:01 4063618                    /usr/lib/x86_64-linux-gnu/libgio-2.0.so.0.4002.0
7fc0ce45c000-7fc0ce460000 r--p 0016b000 08:01 4063618                    /usr/lib/x86_64-linux-gnu/libgio-2.0.so.0.4002.0
7fc0ce460000-7fc0ce462000 rw-p 0016f000 08:01 4063618                    /usr/lib/x86_64-linux-gnu/libgio-2.0.so.0.4002.0
7fc0ce462000-7fc0ce464000 rw-p 00000000 00:00 0 
7fc0ce464000-7fc0ce484000 r-xp 00000000 08:01 4067527                    /usr/lib/x86_64-linux-gnu/libgdk_pixbuf-2.0.so.0.3000.7
7fc0ce484000-7fc0ce683000 ---p 00020000 08:01 4067527                    /usr/lib/x86_64-linux-gnu/libgdk_pixbuf-2.0.so.0.3000.7
7fc0ce683000-7fc0ce684000 r--p 0001f000 08:01 4067527                    /usr/lib/x86_64-linux-gnu/libgdk_pixbuf-2.0.so.0.3000.7
7fc0ce684000-7fc0ce685000 rw-p 00020000 08:01 4067527                    /usr/lib/x86_64-linux-gnu/libgdk_pixbuf-2.0.so.0.3000.7
7fc0ce685000-7fc0ce78b000 r-xp 00000000 08:01 4067521                    /usr/lib/x86_64-linux-gnu/libcairo.so.2.11301.0
7fc0ce78b000-7fc0ce98a000 ---p 00106000 08:01 4067521                    /usr/lib/x86_64-linux-gnu/libcairo.so.2.11301.0
7fc0ce98a000-7fc0ce98d000 r--p 00105000 08:01 4067521                    /usr/lib/x86_64-linux-gnu/libcairo.so.2.11301.0
7fc0ce98d000-7fc0ce98e000 rw-p 00108000 08:01 4067521                    /usr/lib/x86_64-linux-gnu/libcairo.so.2.11301.0
7fc0ce98e000-7fc0ce990000 rw-p 00000000 00:00 0 
7fc0ce990000-7fc0ce9af000 r-xp 00000000 08:01 4071933                    /usr/lib/x86_64-linux-gnu/libatk-1.0.so.0.21009.1
7fc0ce9af000-7fc0cebaf000 ---p 0001f000 08:01 4071933                    /usr/lib/x86_64-linux-gnu/libatk-1.0.so.0.21009.1
7fc0cebaf000-7fc0cebb1000 r--p 0001f000 08:01 4071933                    /usr/lib/x86_64-linux-gnu/libatk-1.0.so.0.21009.1
7fc0cebb1000-7fc0cebb2000 rw-p 00021000 08:01 4071933                    /usr/lib/x86_64-linux-gnu/libatk-1.0.so.0.21009.1
7fc0cebb2000-7fc0cebb7000 r-xp 00000000 08:01 4063711                    /usr/lib/x86_64-linux-gnu/libXfixes.so.3.1.0
7fc0cebb7000-7fc0cedb6000 ---p 00005000 08:01 4063711                    /usr/lib/x86_64-linux-gnu/libXfixes.so.3.1.0
7fc0cedb6000-7fc0cedb7000 r--p 00004000 08:01 4063711                    /usr/lib/x86_64-linux-gnu/libXfixes.so.3.1.0
7fc0cedb7000-7fc0cedb8000 rw-p 00005000 08:01 4063711                    /usr/lib/x86_64-linux-gnu/libXfixes.so.3.1.0
7fc0cedb8000-7fc0ceee8000 r-xp 00000000 08:01 4071837                    /usr/lib/x86_64-linux-gnu/libX11.so.6.3.0
7fc0ceee8000-7fc0cf0e8000 ---p 00130000 08:01 4071837                    /usr/lib/x86_64-linux-gnu/libX11.so.6.3.0
7fc0cf0e8000-7fc0cf0e9000 r--p 00130000 08:01 4071837                    /usr/lib/x86_64-linux-gnu/libX11.so.6.3.0
7fc0cf0e9000-7fc0cf0ed000 rw-p 00131000 08:01 4071837                    /usr/lib/x86_64-linux-gnu/libX11.so.6.3.0
7fc0cf0ed000-7fc0cf0f8000 r-xp 00000000 08:01 4067535                    /usr/lib/x86_64-linux-gnu/libpangocairo-1.0.so.0.3600.3
7fc0cf0f8000-7fc0cf2f8000 ---p 0000b000 08:01 4067535                    /usr/lib/x86_64-linux-gnu/libpangocairo-1.0.so.0.3600.3
7fc0cf2f8000-7fc0cf2f9000 r--p 0000b000 08:01 4067535                    /usr/lib/x86_64-linux-gnu/libpangocairo-1.0.so.0.3600.3
7fc0cf2f9000-7fc0cf2fa000 rw-p 0000c000 08:01 4067535                    /usr/lib/x86_64-linux-gnu/libpangocairo-1.0.so.0.3600.3
7fc0cf2fa000-7fc0cf2fd000 r-xp 00000000 08:01 4063596                    /usr/lib/x86_64-linux-gnu/libgmodule-2.0.so.0.4002.0
7fc0cf2fd000-7fc0cf4fc000 ---p 00003000 08:01 4063596                    /usr/lib/x86_64-linux-gnu/libgmodule-2.0.so.0.4002.0
7fc0cf4fc000-7fc0cf4fd000 r--p 00002000 08:01 4063596                    /usr/lib/x86_64-linux-gnu/libgmodule-2.0.so.0.4002.0
7fc0cf4fd000-7fc0cf4fe000 rw-p 00003000 08:01 4063596                    /usr/lib/x86_64-linux-gnu/libgmodule-2.0.so.0.4002.0
7fc0cf4fe000-7fc0cf604000 r-xp 00000000 08:01 787439                     /lib/x86_64-linux-gnu/libglib-2.0.so.0.4002.0
7fc0cf604000-7fc0cf803000 ---p 00106000 08:01 787439                     /lib/x86_64-linux-gnu/libglib-2.0.so.0.4002.0
7fc0cf803000-7fc0cf804000 r--p 00105000 08:01 787439                     /lib/x86_64-linux-gnu/libglib-2.0.so.0.4002.0
7fc0cf804000-7fc0cf805000 rw-p 00106000 08:01 787439                     /lib/x86_64-linux-gnu/libglib-2.0.so.0.4002.0
7fc0cf805000-7fc0cf806000 rw-p 00000000 00:00 0 
7fc0cf806000-7fc0cf855000 r-xp 00000000 08:01 4063614                    /usr/lib/x86_64-linux-gnu/libgobject-2.0.so.0.4002.0
7fc0cf855000-7fc0cfa55000 ---p 0004f000 08:01 4063614                    /usr/lib/x86_64-linux-gnu/libgobject-2.0.so.0.4002.0
7fc0cfa55000-7fc0cfa56000 r--p 0004f000 08:01 4063614                    /usr/lib/x86_64-linux-gnu/libgobject-2.0.so.0.4002.0
7fc0cfa56000-7fc0cfa57000 rw-p 00050000 08:01 4063614                    /usr/lib/x86_64-linux-gnu/libgobject-2.0.so.0.4002.0
7fc0cfa57000-7fc0cfb04000 r-xp 00000000 08:01 4067548                    /usr/lib/x86_64-linux-gnu/libgdk-x11-2.0.so.0.2400.23
7fc0cfb04000-7fc0cfd04000 ---p 000ad000 08:01 4067548                    /usr/lib/x86_64-linux-gnu/libgdk-x11-2.0.so.0.2400.23
7fc0cfd04000-7fc0cfd08000 r--p 000ad000 08:01 4067548                    /usr/lib/x86_64-linux-gnu/libgdk-x11-2.0.so.0.2400.23
7fc0cfd08000-7fc0cfd0a000 rw-p 000b1000 08:01 4067548                    /usr/lib/x86_64-linux-gnu/libgdk-x11-2.0.so.0.2400.23
7fc0cfd0a000-7fc0d013a000 r-xp 00000000 08:01 4067549                    /usr/lib/x86_64-linux-gnu/libgtk-x11-2.0.so.0.2400.23
7fc0d013a000-7fc0d0339000 ---p 00430000 08:01 4067549                    /usr/lib/x86_64-linux-gnu/libgtk-x11-2.0.so.0.2400.23
7fc0d0339000-7fc0d0340000 r--p 0042f000 08:01 4067549                    /usr/lib/x86_64-linux-gnu/libgtk-x11-2.0.so.0.2400.23
7fc0d0340000-7fc0d0344000 rw-p 00436000 08:01 4067549                    /usr/lib/x86_64-linux-gnu/libgtk-x11-2.0.so.0.2400.23
7fc0d0344000-7fc0d0347000 rw-p 00000000 00:00 0 
7fc0d0347000-7fc0d0503000 r-xp 00000000 08:01 790476                     /lib/x86_64-linux-gnu/libc-2.19.so
7fc0d0503000-7fc0d0702000 ---p 001bc000 08:01 790476                     /lib/x86_64-linux-gnu/libc-2.19.so
7fc0d0702000-7fc0d0706000 r--p 001bb000 08:01 790476                     /lib/x86_64-linux-gnu/libc-2.19.so
7fc0d0706000-7fc0d0708000 rw-p 001bf000 08:01 790476                     /lib/x86_64-linux-gnu/libc-2.19.so
7fc0d0708000-7fc0d070d000 rw-p 00000000 00:00 0 
7fc0d070d000-7fc0d0710000 r-xp 00000000 08:01 790493                     /lib/x86_64-linux-gnu/libdl-2.19.so
7fc0d0710000-7fc0d090f000 ---p 00003000 08:01 790493                     /lib/x86_64-linux-gnu/libdl-2.19.so
7fc0d090f000-7fc0d0910000 r--p 00002000 08:01 790493                     /lib/x86_64-linux-gnu/libdl-2.19.so
7fc0d0910000-7fc0d0911000 rw-p 00003000 08:01 790493                     /lib/x86_64-linux-gnu/libdl-2.19.so
7fc0d0911000-7fc0d0926000 r-xp 00000000 08:01 3805305                    /home/mysql1/installPage/jdk1.8.0_71/lib/amd64/jli/libjli.so
7fc0d0926000-7fc0d0b26000 ---p 00015000 08:01 3805305                    /home/mysql1/installPage/jdk1.8.0_71/lib/amd64/jli/libjli.so
7fc0d0b26000-7fc0d0b27000 rw-p 00015000 08:01 3805305                    /home/mysql1/installPage/jdk1.8.0_71/lib/amd64/jli/libjli.so
7fc0d0b27000-7fc0d0b40000 r-xp 00000000 08:01 790596                     /lib/x86_64-linux-gnu/libpthread-2.19.so
7fc0d0b40000-7fc0d0d3f000 ---p 00019000 08:01 790596                     /lib/x86_64-linux-gnu/libpthread-2.19.so
7fc0d0d3f000-7fc0d0d40000 r--p 00018000 08:01 790596                     /lib/x86_64-linux-gnu/libpthread-2.19.so
7fc0d0d40000-7fc0d0d41000 rw-p 00019000 08:01 790596                     /lib/x86_64-linux-gnu/libpthread-2.19.so
7fc0d0d41000-7fc0d0d45000 rw-p 00000000 00:00 0 
7fc0d0d45000-7fc0d0d46000 r-xp 00000000 08:01 1310792                    /opt/sublime_text/libsublime-imfix.so
7fc0d0d46000-7fc0d0f45000 ---p 00001000 08:01 1310792                    /opt/sublime_text/libsublime-imfix.so
7fc0d0f45000-7fc0d0f46000 r--p 00000000 08:01 1310792                    /opt/sublime_text/libsublime-imfix.so
7fc0d0f46000-7fc0d0f47000 rw-p 00001000 08:01 1310792                    /opt/sublime_text/libsublime-imfix.so
7fc0d0f47000-7fc0d0f6a000 r-xp 00000000 08:01 790452                     /lib/x86_64-linux-gnu/ld-2.19.so
7fc0d103a000-7fc0d103d000 ---p 00000000 00:00 0 
7fc0d103d000-7fc0d1151000 rw-p 00000000 00:00 0                          [stack:6738]
7fc0d115a000-7fc0d115d000 rw-p 00000000 00:00 0 
7fc0d115d000-7fc0d1165000 rw-s 00000000 08:01 3805962                    /tmp/hsperfdata_root/6716
7fc0d1165000-7fc0d1166000 rw-p 00000000 00:00 0 
7fc0d1166000-7fc0d1167000 r--p 00000000 00:00 0 
7fc0d1167000-7fc0d1169000 rw-p 00000000 00:00 0 
7fc0d1169000-7fc0d116a000 r--p 00022000 08:01 790452                     /lib/x86_64-linux-gnu/ld-2.19.so
7fc0d116a000-7fc0d116b000 rw-p 00023000 08:01 790452                     /lib/x86_64-linux-gnu/ld-2.19.so
7fc0d116b000-7fc0d116c000 rw-p 00000000 00:00 0 
7fff1ad22000-7fff1ad43000 rw-p 00000000 00:00 0                          [stack]
7fff1adfe000-7fff1ae00000 r-xp 00000000 00:00 0                          [vdso]
ffffffffff600000-ffffffffff601000 r-xp 00000000 00:00 0                  [vsyscall]

VM Arguments:
jvm_args: -Xms2g -Xmx2g 
java_command: org.apache.spark.deploy.SparkSubmit pyspark-shell
java_class_path (initial): /home/mysql1/spark/conf/:/home/mysql1/spark/lib/spark-assembly-1.6.2-hadoop2.6.0.jar:/home/mysql1/spark/lib/datanucleus-rdbms-3.2.9.jar:/home/mysql1/spark/lib/datanucleus-api-jdo-3.2.6.jar:/home/mysql1/spark/lib/datanucleus-core-3.2.10.jar:/home/mysql1/hadoop/etc/hadoop/
Launcher Type: SUN_STANDARD

Environment Variables:
JAVA_HOME=/home/mysql1/installPage/jdk1.8.0_71
PATH=/usr/local/sbin:/usr/local/bin:/usr/sbin:/usr/bin:/sbin:/bin:/usr/games:/usr/local/games:/home/mysql1/spark/bin:/home/mysql1/hadoop/bin:/home/mysql1/installPage/jdk1.8.0_71/bin:/home/mysql1/hadoop/sbin:/home/mysql1/hive/bin:/home/mysql1/installPage/scala-2.11.8/bin:/home/mysql1/spark/python:/home/mysql1/spark/python/pyspark:/home/mysql1/spark/python/lib/py4j:/home/mysql1/spark/python:/home/mysql1/spark/bin:/home/mysql1/hadoop/bin:/home/mysql1/installPage/jdk1.8.0_71/bin:/home/mysql1/hadoop/sbin:/home/mysql1/hive/bin:/home/mysql1/installPage/scala-2.11.8/bin:/home/mysql1/spark/python:/home/mysql1/spark/python/pyspark:/home/mysql1/spark/python/lib/py4j:/home/mysql1/spark/bin:/home/mysql1/hadoop/bin:/home/mysql1/installPage/jdk1.8.0_71/bin:/home/mysql1/hadoop/sbin:/home/mysql1/hive/bin:/home/mysql1/installPage/scala-2.11.8/bin:/home/mysql1/spark/python:/home/mysql1/spark/python/pyspark:/home/mysql1/spark/python/lib/py4j
USERNAME=root
LD_PRELOAD=/opt/sublime_text/libsublime-imfix.so
SHELL=/bin/bash
DISPLAY=:0

Signal Handlers:
SIGSEGV: [libjvm.so+0xabafa0], sa_mask[0]=11111111011111111101111111111110, sa_flags=SA_RESTART|SA_SIGINFO
SIGBUS: [libjvm.so+0xabafa0], sa_mask[0]=11111111011111111101111111111110, sa_flags=SA_RESTART|SA_SIGINFO
SIGFPE: [libjvm.so+0x9183c0], sa_mask[0]=11111111011111111101111111111110, sa_flags=SA_RESTART|SA_SIGINFO
SIGPIPE: [libjvm.so+0x9183c0], sa_mask[0]=11111111011111111101111111111110, sa_flags=SA_RESTART|SA_SIGINFO
SIGXFSZ: [libjvm.so+0x9183c0], sa_mask[0]=11111111011111111101111111111110, sa_flags=SA_RESTART|SA_SIGINFO
SIGILL: [libjvm.so+0x9183c0], sa_mask[0]=11111111011111111101111111111110, sa_flags=SA_RESTART|SA_SIGINFO
SIGUSR1: SIG_DFL, sa_mask[0]=00000000000000000000000000000000, sa_flags=none
SIGUSR2: [libjvm.so+0x9199f0], sa_mask[0]=00000000000000000000000000000000, sa_flags=SA_RESTART|SA_SIGINFO
SIGHUP: SIG_DFL, sa_mask[0]=00000000000000000000000000000000, sa_flags=none
SIGINT: SIG_IGN, sa_mask[0]=00000000000000000000000000000000, sa_flags=none
SIGTERM: SIG_DFL, sa_mask[0]=00000000000000000000000000000000, sa_flags=none
SIGQUIT: SIG_DFL, sa_mask[0]=00000000000000000000000000000000, sa_flags=none


---------------  S Y S T E M  ---------------

OS:DISTRIB_ID=Ubuntu
DISTRIB_RELEASE=14.04
DISTRIB_CODENAME=trusty
DISTRIB_DESCRIPTION="Ubuntu 14.04.1 LTS"

uname:Linux 3.13.0-32-generic #57-Ubuntu SMP Tue Jul 15 03:51:08 UTC 2014 x86_64
libc:glibc 2.19 NPTL 2.19 
rlimit: STACK 8192k, CORE 0k, NPROC 31343, NOFILE 4096, AS infinity
load average:0.92 0.77 0.71

/proc/meminfo:
MemTotal:        4033512 kB
MemFree:          912004 kB
Buffers:            2796 kB
Cached:           171136 kB
SwapCached:       132764 kB
Active:          1807944 kB
Inactive:         930700 kB
Active(anon):    1716564 kB
Inactive(anon):   880936 kB
Active(file):      91380 kB
Inactive(file):    49764 kB
Unevictable:          32 kB
Mlocked:              32 kB
SwapTotal:       1046524 kB
SwapFree:         256928 kB
Dirty:               524 kB
Writeback:             0 kB
AnonPages:       2440852 kB
Mapped:            99528 kB
Shmem:             32852 kB
Slab:              82524 kB
SReclaimable:      32608 kB
SUnreclaim:        49916 kB
KernelStack:       11032 kB
PageTables:        38780 kB
NFS_Unstable:          0 kB
Bounce:                0 kB
WritebackTmp:          0 kB
CommitLimit:     3063280 kB
Committed_AS:    9693032 kB
VmallocTotal:   34359738367 kB
VmallocUsed:      174600 kB
VmallocChunk:   34359536180 kB
HardwareCorrupted:     0 kB
AnonHugePages:   1357824 kB
HugePages_Total:       0
HugePages_Free:        0
HugePages_Rsvd:        0
HugePages_Surp:        0
Hugepagesize:       2048 kB
DirectMap4k:       55104 kB
DirectMap2M:     3090432 kB
DirectMap1G:     3145728 kB


CPU:total 2 (2 cores per cpu, 1 threads per core) family 6 model 60 stepping 3, cmov, cx8, fxsr, mmx, sse, sse2, sse3, ssse3, sse4.1, sse4.2, popcnt, avx, avx2, aes, clmul, erms, lzcnt, tsc, tscinvbit, bmi1, bmi2

/proc/cpuinfo:
processor	: 0
vendor_id	: GenuineIntel
cpu family	: 6
model		: 60
model name	: Intel(R) Core(TM) i3-4130 CPU @ 3.40GHz
stepping	: 3
microcode	: 0x1e
cpu MHz		: 3400.000
cache size	: 3072 KB
physical id	: 0
siblings	: 2
core id		: 0
cpu cores	: 2
apicid		: 0
initial apicid	: 0
fpu		: yes
fpu_exception	: yes
cpuid level	: 13
wp		: yes
flags		: fpu vme de pse tsc msr pae mce cx8 apic sep mtrr pge mca cmov pat pse36 clflush dts mmx fxsr sse sse2 ss ht syscall nx pdpe1gb rdtscp lm constant_tsc arch_perfmon pebs bts nopl xtopology tsc_reliable nonstop_tsc aperfmperf eagerfpu pni pclmulqdq ssse3 fma cx16 pcid sse4_1 sse4_2 x2apic movbe popcnt tsc_deadline_timer aes xsave avx f16c rdrand hypervisor lahf_lm abm arat xsaveopt pln pts dtherm fsgsbase tsc_adjust bmi1 avx2 smep bmi2 invpcid
bogomips	: 6800.00
clflush size	: 64
cache_alignment	: 64
address sizes	: 42 bits physical, 48 bits virtual
power management:

processor	: 1
vendor_id	: GenuineIntel
cpu family	: 6
model		: 60
model name	: Intel(R) Core(TM) i3-4130 CPU @ 3.40GHz
stepping	: 3
microcode	: 0x1e
cpu MHz		: 3400.000
cache size	: 3072 KB
physical id	: 0
siblings	: 2
core id		: 1
cpu cores	: 2
apicid		: 1
initial apicid	: 1
fpu		: yes
fpu_exception	: yes
cpuid level	: 13
wp		: yes
flags		: fpu vme de pse tsc msr pae mce cx8 apic sep mtrr pge mca cmov pat pse36 clflush dts mmx fxsr sse sse2 ss ht syscall nx pdpe1gb rdtscp lm constant_tsc arch_perfmon pebs bts nopl xtopology tsc_reliable nonstop_tsc aperfmperf eagerfpu pni pclmulqdq ssse3 fma cx16 pcid sse4_1 sse4_2 x2apic movbe popcnt tsc_deadline_timer aes xsave avx f16c rdrand hypervisor lahf_lm abm arat xsaveopt pln pts dtherm fsgsbase tsc_adjust bmi1 avx2 smep bmi2 invpcid
bogomips	: 6800.00
clflush size	: 64
cache_alignment	: 64
address sizes	: 42 bits physical, 48 bits virtual
power management:



Memory: 4k page, physical 4033512k(912004k free), swap 1046524k(256928k free)

vm_info: Java HotSpot(TM) 64-Bit Server VM (25.71-b15) for linux-amd64 JRE (1.8.0_71-b15), built on Dec 22 2015 18:21:33 by "java_re" with gcc 4.3.0 20080428 (Red Hat 4.3.0-8)

time: Wed Jul 27 17:20:23 2016
elapsed time: 0 seconds (0d 0h 0m 0s)

