#
# There is insufficient memory for the Java Runtime Environment to continue.
# Native memory allocation (mmap) failed to map 1431830528 bytes for committing reserved memory.
# Possible reasons:
#   The system is out of physical RAM or swap space
#   In 32 bit mode, the process size limit was hit
# Possible solutions:
#   Reduce memory load on the system
#   Increase physical memory or swap space
#   Check if swap backing store is full
#   Use 64 bit Java on a 64 bit OS
#   Decrease Java heap size (-Xmx/-Xms)
#   Decrease number of Java threads
#   Decrease Java thread stack sizes (-Xss)
#   Set larger code cache with -XX:ReservedCodeCacheSize=
# This output file may be truncated or incomplete.
#
#  Out of Memory Error (os_linux.cpp:2627), pid=6856, tid=140556834387712
#
# JRE version:  (8.0_71-b15) (build )
# Java VM: Java HotSpot(TM) 64-Bit Server VM (25.71-b15 mixed mode linux-amd64 compressed oops)
# Failed to write core dump. Core dumps have been disabled. To enable core dumping, try "ulimit -c unlimited" before starting Java again
#

---------------  T H R E A D  ---------------

Current thread (0x00007fd5e0009800):  JavaThread "Unknown thread" [_thread_in_vm, id=6882, stack(0x00007fd5f01f3000,0x00007fd5f02f4000)]

Stack: [0x00007fd5f01f3000,0x00007fd5f02f4000],  sp=0x00007fd5f02f20f0,  free space=1020k
Native frames: (J=compiled Java code, j=interpreted, Vv=VM code, C=native code)
V  [libjvm.so+0xaba71a]  VMError::report_and_die()+0x2ba
V  [libjvm.so+0x4f9ecb]  report_vm_out_of_memory(char const*, int, unsigned long, VMErrorType, char const*)+0x8b
V  [libjvm.so+0x91b553]  os::Linux::commit_memory_impl(char*, unsigned long, bool)+0x103
V  [libjvm.so+0x91baa9]  os::pd_commit_memory(char*, unsigned long, unsigned long, bool)+0x29
V  [libjvm.so+0x915dba]  os::commit_memory(char*, unsigned long, unsigned long, bool)+0x2a
V  [libjvm.so+0x989463]  PSVirtualSpace::expand_by(unsigned long)+0x53
V  [libjvm.so+0x9795a7]  PSOldGen::initialize(ReservedSpace, unsigned long, char const*, int)+0xb7
V  [libjvm.so+0x2d827a]  AdjoiningGenerations::AdjoiningGenerations(ReservedSpace, GenerationSizer*, unsigned long)+0x39a
V  [libjvm.so+0x93e876]  ParallelScavengeHeap::initialize()+0x1d6
V  [libjvm.so+0xa82f4b]  Universe::initialize_heap()+0xfb
V  [libjvm.so+0xa832be]  universe_init()+0x3e
V  [libjvm.so+0x639305]  init_globals()+0x65
V  [libjvm.so+0xa674be]  Threads::create_vm(JavaVMInitArgs*, bool*)+0x23e
V  [libjvm.so+0x6cd824]  JNI_CreateJavaVM+0x74
C  [libjli.so+0x745e]  JavaMain+0x9e
C  [libpthread.so.0+0x8182]  start_thread+0xc2


---------------  P R O C E S S  ---------------

Java Threads: ( => current thread )

Other Threads:

=>0x00007fd5e0009800 (exited) JavaThread "Unknown thread" [_thread_in_vm, id=6882, stack(0x00007fd5f01f3000,0x00007fd5f02f4000)]

VM state:not at safepoint (not fully initialized)

VM Mutex/Monitor currently owned by a thread: None

GC Heap History (0 events):
No events

Deoptimization events (0 events):
No events

Internal exceptions (0 events):
No events

Events (0 events):
No events


Dynamic libraries:
00400000-00401000 r-xp 00000000 08:01 3806047                            /home/mysql1/installPage/jdk1.8.0_71/bin/java
00600000-00601000 rw-p 00000000 08:01 3806047                            /home/mysql1/installPage/jdk1.8.0_71/bin/java
00fcb000-00fec000 rw-p 00000000 00:00 0                                  [heap]
d5580000-100000000 rw-p 00000000 00:00 0 
7fd5d1000000-7fd5d1270000 rwxp 00000000 00:00 0 
7fd5d1270000-7fd5e0000000 ---p 00000000 00:00 0 
7fd5e0000000-7fd5e0032000 rw-p 00000000 00:00 0 
7fd5e0032000-7fd5e4000000 ---p 00000000 00:00 0 
7fd5e670f000-7fd5e6994000 rw-p 00000000 00:00 0 
7fd5e6994000-7fd5e6c3e000 ---p 00000000 00:00 0 
7fd5e6c3e000-7fd5e6d9f000 rw-p 00000000 00:00 0 
7fd5e6d9f000-7fd5e7155000 ---p 00000000 00:00 0 
7fd5e7155000-7fd5e716f000 r-xp 00000000 08:01 3806435                    /home/mysql1/installPage/jdk1.8.0_71/jre/lib/amd64/libzip.so
7fd5e716f000-7fd5e736f000 ---p 0001a000 08:01 3806435                    /home/mysql1/installPage/jdk1.8.0_71/jre/lib/amd64/libzip.so
7fd5e736f000-7fd5e7370000 rw-p 0001a000 08:01 3806435                    /home/mysql1/installPage/jdk1.8.0_71/jre/lib/amd64/libzip.so
7fd5e7370000-7fd5e737b000 r-xp 00000000 08:01 790551                     /lib/x86_64-linux-gnu/libnss_files-2.19.so
7fd5e737b000-7fd5e757a000 ---p 0000b000 08:01 790551                     /lib/x86_64-linux-gnu/libnss_files-2.19.so
7fd5e757a000-7fd5e757b000 r--p 0000a000 08:01 790551                     /lib/x86_64-linux-gnu/libnss_files-2.19.so
7fd5e757b000-7fd5e757c000 rw-p 0000b000 08:01 790551                     /lib/x86_64-linux-gnu/libnss_files-2.19.so
7fd5e757c000-7fd5e7587000 r-xp 00000000 08:01 790561                     /lib/x86_64-linux-gnu/libnss_nis-2.19.so
7fd5e7587000-7fd5e7786000 ---p 0000b000 08:01 790561                     /lib/x86_64-linux-gnu/libnss_nis-2.19.so
7fd5e7786000-7fd5e7787000 r--p 0000a000 08:01 790561                     /lib/x86_64-linux-gnu/libnss_nis-2.19.so
7fd5e7787000-7fd5e7788000 rw-p 0000b000 08:01 790561                     /lib/x86_64-linux-gnu/libnss_nis-2.19.so
7fd5e7788000-7fd5e779f000 r-xp 00000000 08:01 790545                     /lib/x86_64-linux-gnu/libnsl-2.19.so
7fd5e779f000-7fd5e799e000 ---p 00017000 08:01 790545                     /lib/x86_64-linux-gnu/libnsl-2.19.so
7fd5e799e000-7fd5e799f000 r--p 00016000 08:01 790545                     /lib/x86_64-linux-gnu/libnsl-2.19.so
7fd5e799f000-7fd5e79a0000 rw-p 00017000 08:01 790545                     /lib/x86_64-linux-gnu/libnsl-2.19.so
7fd5e79a0000-7fd5e79a2000 rw-p 00000000 00:00 0 
7fd5e79a2000-7fd5e79ab000 r-xp 00000000 08:01 790547                     /lib/x86_64-linux-gnu/libnss_compat-2.19.so
7fd5e79ab000-7fd5e7baa000 ---p 00009000 08:01 790547                     /lib/x86_64-linux-gnu/libnss_compat-2.19.so
7fd5e7baa000-7fd5e7bab000 r--p 00008000 08:01 790547                     /lib/x86_64-linux-gnu/libnss_compat-2.19.so
7fd5e7bab000-7fd5e7bac000 rw-p 00009000 08:01 790547                     /lib/x86_64-linux-gnu/libnss_compat-2.19.so
7fd5e7bac000-7fd5e7bd6000 r-xp 00000000 08:01 3806422                    /home/mysql1/installPage/jdk1.8.0_71/jre/lib/amd64/libjava.so
7fd5e7bd6000-7fd5e7dd6000 ---p 0002a000 08:01 3806422                    /home/mysql1/installPage/jdk1.8.0_71/jre/lib/amd64/libjava.so
7fd5e7dd6000-7fd5e7dd8000 rw-p 0002a000 08:01 3806422                    /home/mysql1/installPage/jdk1.8.0_71/jre/lib/amd64/libjava.so
7fd5e7dd8000-7fd5e7de5000 r-xp 00000000 08:01 3806412                    /home/mysql1/installPage/jdk1.8.0_71/jre/lib/amd64/libverify.so
7fd5e7de5000-7fd5e7fe5000 ---p 0000d000 08:01 3806412                    /home/mysql1/installPage/jdk1.8.0_71/jre/lib/amd64/libverify.so
7fd5e7fe5000-7fd5e7fe7000 rw-p 0000d000 08:01 3806412                    /home/mysql1/installPage/jdk1.8.0_71/jre/lib/amd64/libverify.so
7fd5e7fe7000-7fd5e8ca6000 r-xp 00000000 08:01 3806428                    /home/mysql1/installPage/jdk1.8.0_71/jre/lib/amd64/server/libjvm.so
7fd5e8ca6000-7fd5e8ea5000 ---p 00cbf000 08:01 3806428                    /home/mysql1/installPage/jdk1.8.0_71/jre/lib/amd64/server/libjvm.so
7fd5e8ea5000-7fd5e8f7e000 rw-p 00cbe000 08:01 3806428                    /home/mysql1/installPage/jdk1.8.0_71/jre/lib/amd64/server/libjvm.so
7fd5e8f7e000-7fd5e8fc7000 rw-p 00000000 00:00 0 
7fd5e8fc7000-7fd5e8fcd000 r-xp 00000000 08:01 4072044                    /usr/lib/x86_64-linux-gnu/libdatrie.so.1.3.1
7fd5e8fcd000-7fd5e91cc000 ---p 00006000 08:01 4072044                    /usr/lib/x86_64-linux-gnu/libdatrie.so.1.3.1
7fd5e91cc000-7fd5e91cd000 r--p 00005000 08:01 4072044                    /usr/lib/x86_64-linux-gnu/libdatrie.so.1.3.1
7fd5e91cd000-7fd5e91ce000 rw-p 00006000 08:01 4072044                    /usr/lib/x86_64-linux-gnu/libdatrie.so.1.3.1
7fd5e91ce000-7fd5e91e8000 r-xp 00000000 08:01 4072270                    /usr/lib/x86_64-linux-gnu/libgraphite2.so.3.0.1
7fd5e91e8000-7fd5e93e7000 ---p 0001a000 08:01 4072270                    /usr/lib/x86_64-linux-gnu/libgraphite2.so.3.0.1
7fd5e93e7000-7fd5e93e9000 r--p 00019000 08:01 4072270                    /usr/lib/x86_64-linux-gnu/libgraphite2.so.3.0.1
7fd5e93e9000-7fd5e93ea000 rw-p 0001b000 08:01 4072270                    /usr/lib/x86_64-linux-gnu/libgraphite2.so.3.0.1
7fd5e93ea000-7fd5e93ef000 r-xp 00000000 08:01 4071852                    /usr/lib/x86_64-linux-gnu/libXdmcp.so.6.0.0
7fd5e93ef000-7fd5e95ee000 ---p 00005000 08:01 4071852                    /usr/lib/x86_64-linux-gnu/libXdmcp.so.6.0.0
7fd5e95ee000-7fd5e95ef000 r--p 00004000 08:01 4071852                    /usr/lib/x86_64-linux-gnu/libXdmcp.so.6.0.0
7fd5e95ef000-7fd5e95f0000 rw-p 00005000 08:01 4071852                    /usr/lib/x86_64-linux-gnu/libXdmcp.so.6.0.0
7fd5e95f0000-7fd5e95f2000 r-xp 00000000 08:01 4071841                    /usr/lib/x86_64-linux-gnu/libXau.so.6.0.0
7fd5e95f2000-7fd5e97f2000 ---p 00002000 08:01 4071841                    /usr/lib/x86_64-linux-gnu/libXau.so.6.0.0
7fd5e97f2000-7fd5e97f3000 r--p 00002000 08:01 4071841                    /usr/lib/x86_64-linux-gnu/libXau.so.6.0.0
7fd5e97f3000-7fd5e97f4000 rw-p 00003000 08:01 4071841                    /usr/lib/x86_64-linux-gnu/libXau.so.6.0.0
7fd5e97f4000-7fd5e981b000 r-xp 00000000 08:01 787434                     /lib/x86_64-linux-gnu/libexpat.so.1.6.0
7fd5e981b000-7fd5e9a1b000 ---p 00027000 08:01 787434                     /lib/x86_64-linux-gnu/libexpat.so.1.6.0
7fd5e9a1b000-7fd5e9a1d000 r--p 00027000 08:01 787434                     /lib/x86_64-linux-gnu/libexpat.so.1.6.0
7fd5e9a1d000-7fd5e9a1e000 rw-p 00029000 08:01 787434                     /lib/x86_64-linux-gnu/libexpat.so.1.6.0
7fd5e9a1e000-7fd5e9a26000 r-xp 00000000 08:01 4072769                    /usr/lib/x86_64-linux-gnu/libthai.so.0.2.0
7fd5e9a26000-7fd5e9c25000 ---p 00008000 08:01 4072769                    /usr/lib/x86_64-linux-gnu/libthai.so.0.2.0
7fd5e9c25000-7fd5e9c26000 r--p 00007000 08:01 4072769                    /usr/lib/x86_64-linux-gnu/libthai.so.0.2.0
7fd5e9c26000-7fd5e9c27000 rw-p 00008000 08:01 4072769                    /usr/lib/x86_64-linux-gnu/libthai.so.0.2.0
7fd5e9c27000-7fd5e9c7a000 r-xp 00000000 08:01 4067530                    /usr/lib/x86_64-linux-gnu/libharfbuzz.so.0.927.0
7fd5e9c7a000-7fd5e9e7a000 ---p 00053000 08:01 4067530                    /usr/lib/x86_64-linux-gnu/libharfbuzz.so.0.927.0
7fd5e9e7a000-7fd5e9e7b000 r--p 00053000 08:01 4067530                    /usr/lib/x86_64-linux-gnu/libharfbuzz.so.0.927.0
7fd5e9e7b000-7fd5e9e7c000 rw-p 00054000 08:01 4067530                    /usr/lib/x86_64-linux-gnu/libharfbuzz.so.0.927.0
7fd5e9e7c000-7fd5e9e93000 r-xp 00000000 08:01 790602                     /lib/x86_64-linux-gnu/libresolv-2.19.so
7fd5e9e93000-7fd5ea093000 ---p 00017000 08:01 790602                     /lib/x86_64-linux-gnu/libresolv-2.19.so
7fd5ea093000-7fd5ea094000 r--p 00017000 08:01 790602                     /lib/x86_64-linux-gnu/libresolv-2.19.so
7fd5ea094000-7fd5ea095000 rw-p 00018000 08:01 790602                     /lib/x86_64-linux-gnu/libresolv-2.19.so
7fd5ea095000-7fd5ea097000 rw-p 00000000 00:00 0 
7fd5ea097000-7fd5ea0b7000 r-xp 00000000 08:01 790606                     /lib/x86_64-linux-gnu/libselinux.so.1
7fd5ea0b7000-7fd5ea2b6000 ---p 00020000 08:01 790606                     /lib/x86_64-linux-gnu/libselinux.so.1
7fd5ea2b6000-7fd5ea2b7000 r--p 0001f000 08:01 790606                     /lib/x86_64-linux-gnu/libselinux.so.1
7fd5ea2b7000-7fd5ea2b8000 rw-p 00020000 08:01 790606                     /lib/x86_64-linux-gnu/libselinux.so.1
7fd5ea2b8000-7fd5ea2ba000 rw-p 00000000 00:00 0 
7fd5ea2ba000-7fd5ea2c1000 r-xp 00000000 08:01 790604                     /lib/x86_64-linux-gnu/librt-2.19.so
7fd5ea2c1000-7fd5ea4c0000 ---p 00007000 08:01 790604                     /lib/x86_64-linux-gnu/librt-2.19.so
7fd5ea4c0000-7fd5ea4c1000 r--p 00006000 08:01 790604                     /lib/x86_64-linux-gnu/librt-2.19.so
7fd5ea4c1000-7fd5ea4c2000 rw-p 00007000 08:01 790604                     /lib/x86_64-linux-gnu/librt-2.19.so
7fd5ea4c2000-7fd5ea4da000 r-xp 00000000 08:01 790639                     /lib/x86_64-linux-gnu/libz.so.1.2.8
7fd5ea4da000-7fd5ea6d9000 ---p 00018000 08:01 790639                     /lib/x86_64-linux-gnu/libz.so.1.2.8
7fd5ea6d9000-7fd5ea6da000 r--p 00017000 08:01 790639                     /lib/x86_64-linux-gnu/libz.so.1.2.8
7fd5ea6da000-7fd5ea6db000 rw-p 00018000 08:01 790639                     /lib/x86_64-linux-gnu/libz.so.1.2.8
7fd5ea6db000-7fd5ea6e3000 r-xp 00000000 08:01 4072897                    /usr/lib/x86_64-linux-gnu/libxcb-render.so.0.0.0
7fd5ea6e3000-7fd5ea8e2000 ---p 00008000 08:01 4072897                    /usr/lib/x86_64-linux-gnu/libxcb-render.so.0.0.0
7fd5ea8e2000-7fd5ea8e3000 r--p 00007000 08:01 4072897                    /usr/lib/x86_64-linux-gnu/libxcb-render.so.0.0.0
7fd5ea8e3000-7fd5ea8e4000 rw-p 00008000 08:01 4072897                    /usr/lib/x86_64-linux-gnu/libxcb-render.so.0.0.0
7fd5ea8e4000-7fd5ea8e6000 r-xp 00000000 08:01 4072901                    /usr/lib/x86_64-linux-gnu/libxcb-shm.so.0.0.0
7fd5ea8e6000-7fd5eaae5000 ---p 00002000 08:01 4072901                    /usr/lib/x86_64-linux-gnu/libxcb-shm.so.0.0.0
7fd5eaae5000-7fd5eaae6000 r--p 00001000 08:01 4072901                    /usr/lib/x86_64-linux-gnu/libxcb-shm.so.0.0.0
7fd5eaae6000-7fd5eaae7000 rw-p 00002000 08:01 4072901                    /usr/lib/x86_64-linux-gnu/libxcb-shm.so.0.0.0
7fd5eaae7000-7fd5eab0c000 r-xp 00000000 08:01 787437                     /lib/x86_64-linux-gnu/libpng12.so.0.50.0
7fd5eab0c000-7fd5ead0b000 ---p 00025000 08:01 787437                     /lib/x86_64-linux-gnu/libpng12.so.0.50.0
7fd5ead0b000-7fd5ead0c000 r--p 00024000 08:01 787437                     /lib/x86_64-linux-gnu/libpng12.so.0.50.0
7fd5ead0c000-7fd5ead0d000 rw-p 00025000 08:01 787437                     /lib/x86_64-linux-gnu/libpng12.so.0.50.0
7fd5ead0d000-7fd5eadad000 r-xp 00000000 08:01 4067515                    /usr/lib/x86_64-linux-gnu/libpixman-1.so.0.30.2
7fd5eadad000-7fd5eafad000 ---p 000a0000 08:01 4067515                    /usr/lib/x86_64-linux-gnu/libpixman-1.so.0.30.2
7fd5eafad000-7fd5eafb4000 r--p 000a0000 08:01 4067515                    /usr/lib/x86_64-linux-gnu/libpixman-1.so.0.30.2
7fd5eafb4000-7fd5eafb5000 rw-p 000a7000 08:01 4067515                    /usr/lib/x86_64-linux-gnu/libpixman-1.so.0.30.2
7fd5eafb5000-7fd5eafd2000 r-xp 00000000 08:01 4072911                    /usr/lib/x86_64-linux-gnu/libxcb.so.1.1.0
7fd5eafd2000-7fd5eb1d2000 ---p 0001d000 08:01 4072911                    /usr/lib/x86_64-linux-gnu/libxcb.so.1.1.0
7fd5eb1d2000-7fd5eb1d3000 r--p 0001d000 08:01 4072911                    /usr/lib/x86_64-linux-gnu/libxcb.so.1.1.0
7fd5eb1d3000-7fd5eb1d4000 rw-p 0001e000 08:01 4072911                    /usr/lib/x86_64-linux-gnu/libxcb.so.1.1.0
7fd5eb1d4000-7fd5eb271000 r-xp 00000000 08:01 4067512                    /usr/lib/x86_64-linux-gnu/libfreetype.so.6.11.1
7fd5eb271000-7fd5eb470000 ---p 0009d000 08:01 4067512                    /usr/lib/x86_64-linux-gnu/libfreetype.so.6.11.1
7fd5eb470000-7fd5eb476000 r--p 0009c000 08:01 4067512                    /usr/lib/x86_64-linux-gnu/libfreetype.so.6.11.1
7fd5eb476000-7fd5eb477000 rw-p 000a2000 08:01 4067512                    /usr/lib/x86_64-linux-gnu/libfreetype.so.6.11.1
7fd5eb477000-7fd5eb4b4000 r-xp 00000000 08:01 786523                     /lib/x86_64-linux-gnu/libpcre.so.3.13.1
7fd5eb4b4000-7fd5eb6b3000 ---p 0003d000 08:01 786523                     /lib/x86_64-linux-gnu/libpcre.so.3.13.1
7fd5eb6b3000-7fd5eb6b4000 r--p 0003c000 08:01 786523                     /lib/x86_64-linux-gnu/libpcre.so.3.13.1
7fd5eb6b4000-7fd5eb6b5000 rw-p 0003d000 08:01 786523                     /lib/x86_64-linux-gnu/libpcre.so.3.13.1
7fd5eb6b5000-7fd5eb6bc000 r-xp 00000000 08:01 4072119                    /usr/lib/x86_64-linux-gnu/libffi.so.6.0.1
7fd5eb6bc000-7fd5eb8bb000 ---p 00007000 08:01 4072119                    /usr/lib/x86_64-linux-gnu/libffi.so.6.0.1
7fd5eb8bb000-7fd5eb8bc000 r--p 00006000 08:01 4072119                    /usr/lib/x86_64-linux-gnu/libffi.so.6.0.1
7fd5eb8bc000-7fd5eb8bd000 rw-p 00007000 08:01 4072119                    /usr/lib/x86_64-linux-gnu/libffi.so.6.0.1
7fd5eb8bd000-7fd5eb8ce000 r-xp 00000000 08:01 4063687                    /usr/lib/x86_64-linux-gnu/libXext.so.6.4.0
7fd5eb8ce000-7fd5ebacd000 ---p 00011000 08:01 4063687                    /usr/lib/x86_64-linux-gnu/libXext.so.6.4.0
7fd5ebacd000-7fd5ebace000 r--p 00010000 08:01 4063687                    /usr/lib/x86_64-linux-gnu/libXext.so.6.4.0
7fd5ebace000-7fd5ebacf000 rw-p 00011000 08:01 4063687                    /usr/lib/x86_64-linux-gnu/libXext.so.6.4.0
7fd5ebacf000-7fd5ebad1000 r-xp 00000000 08:01 4071850                    /usr/lib/x86_64-linux-gnu/libXdamage.so.1.1.0
7fd5ebad1000-7fd5ebcd0000 ---p 00002000 08:01 4071850                    /usr/lib/x86_64-linux-gnu/libXdamage.so.1.1.0
7fd5ebcd0000-7fd5ebcd1000 r--p 00001000 08:01 4071850                    /usr/lib/x86_64-linux-gnu/libXdamage.so.1.1.0
7fd5ebcd1000-7fd5ebcd2000 rw-p 00002000 08:01 4071850                    /usr/lib/x86_64-linux-gnu/libXdamage.so.1.1.0
7fd5ebcd2000-7fd5ebcd4000 r-xp 00000000 08:01 4071846                    /usr/lib/x86_64-linux-gnu/libXcomposite.so.1.0.0
7fd5ebcd4000-7fd5ebed3000 ---p 00002000 08:01 4071846                    /usr/lib/x86_64-linux-gnu/libXcomposite.so.1.0.0
7fd5ebed3000-7fd5ebed4000 r--p 00001000 08:01 4071846                    /usr/lib/x86_64-linux-gnu/libXcomposite.so.1.0.0
7fd5ebed4000-7fd5ebed5000 rw-p 00002000 08:01 4071846                    /usr/lib/x86_64-linux-gnu/libXcomposite.so.1.0.0
7fd5ebed5000-7fd5ebede000 r-xp 00000000 08:01 4071848                    /usr/lib/x86_64-linux-gnu/libXcursor.so.1.0.2
7fd5ebede000-7fd5ec0dd000 ---p 00009000 08:01 4071848                    /usr/lib/x86_64-linux-gnu/libXcursor.so.1.0.2
7fd5ec0dd000-7fd5ec0de000 r--p 00008000 08:01 4071848                    /usr/lib/x86_64-linux-gnu/libXcursor.so.1.0.2
7fd5ec0de000-7fd5ec0df000 rw-p 00009000 08:01 4071848                    /usr/lib/x86_64-linux-gnu/libXcursor.so.1.0.2
7fd5ec0df000-7fd5ec0e8000 r-xp 00000000 08:01 4071874                    /usr/lib/x86_64-linux-gnu/libXrandr.so.2.2.0
7fd5ec0e8000-7fd5ec2e7000 ---p 00009000 08:01 4071874                    /usr/lib/x86_64-linux-gnu/libXrandr.so.2.2.0
7fd5ec2e7000-7fd5ec2e8000 r--p 00008000 08:01 4071874                    /usr/lib/x86_64-linux-gnu/libXrandr.so.2.2.0
7fd5ec2e8000-7fd5ec2e9000 rw-p 00009000 08:01 4071874                    /usr/lib/x86_64-linux-gnu/libXrandr.so.2.2.0
7fd5ec2e9000-7fd5ec2f8000 r-xp 00000000 08:01 4067544                    /usr/lib/x86_64-linux-gnu/libXi.so.6.1.0
7fd5ec2f8000-7fd5ec4f7000 ---p 0000f000 08:01 4067544                    /usr/lib/x86_64-linux-gnu/libXi.so.6.1.0
7fd5ec4f7000-7fd5ec4f8000 r--p 0000e000 08:01 4067544                    /usr/lib/x86_64-linux-gnu/libXi.so.6.1.0
7fd5ec4f8000-7fd5ec4f9000 rw-p 0000f000 08:01 4067544                    /usr/lib/x86_64-linux-gnu/libXi.so.6.1.0
7fd5ec4f9000-7fd5ec4fb000 r-xp 00000000 08:01 4071864                    /usr/lib/x86_64-linux-gnu/libXinerama.so.1.0.0
7fd5ec4fb000-7fd5ec6fa000 ---p 00002000 08:01 4071864                    /usr/lib/x86_64-linux-gnu/libXinerama.so.1.0.0
7fd5ec6fa000-7fd5ec6fb000 r--p 00001000 08:01 4071864                    /usr/lib/x86_64-linux-gnu/libXinerama.so.1.0.0
7fd5ec6fb000-7fd5ec6fc000 rw-p 00002000 08:01 4071864                    /usr/lib/x86_64-linux-gnu/libXinerama.so.1.0.0
7fd5ec6fc000-7fd5ec705000 r-xp 00000000 08:01 4067519                    /usr/lib/x86_64-linux-gnu/libXrender.so.1.3.0
7fd5ec705000-7fd5ec904000 ---p 00009000 08:01 4067519                    /usr/lib/x86_64-linux-gnu/libXrender.so.1.3.0
7fd5ec904000-7fd5ec905000 r--p 00008000 08:01 4067519                    /usr/lib/x86_64-linux-gnu/libXrender.so.1.3.0
7fd5ec905000-7fd5ec906000 rw-p 00009000 08:01 4067519                    /usr/lib/x86_64-linux-gnu/libXrender.so.1.3.0
7fd5ec906000-7fd5eca0b000 r-xp 00000000 08:01 790526                     /lib/x86_64-linux-gnu/libm-2.19.so
7fd5eca0b000-7fd5ecc0a000 ---p 00105000 08:01 790526                     /lib/x86_64-linux-gnu/libm-2.19.so
7fd5ecc0a000-7fd5ecc0b000 r--p 00104000 08:01 790526                     /lib/x86_64-linux-gnu/libm-2.19.so
7fd5ecc0b000-7fd5ecc0c000 rw-p 00105000 08:01 790526                     /lib/x86_64-linux-gnu/libm-2.19.so
7fd5ecc0c000-7fd5ecc46000 r-xp 00000000 08:01 4072133                    /usr/lib/x86_64-linux-gnu/libfontconfig.so.1.8.0
7fd5ecc46000-7fd5ece45000 ---p 0003a000 08:01 4072133                    /usr/lib/x86_64-linux-gnu/libfontconfig.so.1.8.0
7fd5ece45000-7fd5ece47000 r--p 00039000 08:01 4072133                    /usr/lib/x86_64-linux-gnu/libfontconfig.so.1.8.0
7fd5ece47000-7fd5ece48000 rw-p 0003b000 08:01 4072133                    /usr/lib/x86_64-linux-gnu/libfontconfig.so.1.8.0
7fd5ece48000-7fd5ece92000 r-xp 00000000 08:01 4067537                    /usr/lib/x86_64-linux-gnu/libpango-1.0.so.0.3600.3
7fd5ece92000-7fd5ed092000 ---p 0004a000 08:01 4067537                    /usr/lib/x86_64-linux-gnu/libpango-1.0.so.0.3600.3
7fd5ed092000-7fd5ed094000 r--p 0004a000 08:01 4067537                    /usr/lib/x86_64-linux-gnu/libpango-1.0.so.0.3600.3
7fd5ed094000-7fd5ed095000 rw-p 0004c000 08:01 4067537                    /usr/lib/x86_64-linux-gnu/libpango-1.0.so.0.3600.3
7fd5ed095000-7fd5ed0a9000 r-xp 00000000 08:01 4067539                    /usr/lib/x86_64-linux-gnu/libpangoft2-1.0.so.0.3600.3
7fd5ed0a9000-7fd5ed2a8000 ---p 00014000 08:01 4067539                    /usr/lib/x86_64-linux-gnu/libpangoft2-1.0.so.0.3600.3
7fd5ed2a8000-7fd5ed2a9000 r--p 00013000 08:01 4067539                    /usr/lib/x86_64-linux-gnu/libpangoft2-1.0.so.0.3600.3
7fd5ed2a9000-7fd5ed2aa000 rw-p 00014000 08:01 4067539                    /usr/lib/x86_64-linux-gnu/libpangoft2-1.0.so.0.3600.3
7fd5ed2aa000-7fd5ed416000 r-xp 00000000 08:01 4063618                    /usr/lib/x86_64-linux-gnu/libgio-2.0.so.0.4002.0
7fd5ed416000-7fd5ed615000 ---p 0016c000 08:01 4063618                    /usr/lib/x86_64-linux-gnu/libgio-2.0.so.0.4002.0
7fd5ed615000-7fd5ed619000 r--p 0016b000 08:01 4063618                    /usr/lib/x86_64-linux-gnu/libgio-2.0.so.0.4002.0
7fd5ed619000-7fd5ed61b000 rw-p 0016f000 08:01 4063618                    /usr/lib/x86_64-linux-gnu/libgio-2.0.so.0.4002.0
7fd5ed61b000-7fd5ed61d000 rw-p 00000000 00:00 0 
7fd5ed61d000-7fd5ed63d000 r-xp 00000000 08:01 4067527                    /usr/lib/x86_64-linux-gnu/libgdk_pixbuf-2.0.so.0.3000.7
7fd5ed63d000-7fd5ed83c000 ---p 00020000 08:01 4067527                    /usr/lib/x86_64-linux-gnu/libgdk_pixbuf-2.0.so.0.3000.7
7fd5ed83c000-7fd5ed83d000 r--p 0001f000 08:01 4067527                    /usr/lib/x86_64-linux-gnu/libgdk_pixbuf-2.0.so.0.3000.7
7fd5ed83d000-7fd5ed83e000 rw-p 00020000 08:01 4067527                    /usr/lib/x86_64-linux-gnu/libgdk_pixbuf-2.0.so.0.3000.7
7fd5ed83e000-7fd5ed944000 r-xp 00000000 08:01 4067521                    /usr/lib/x86_64-linux-gnu/libcairo.so.2.11301.0
7fd5ed944000-7fd5edb43000 ---p 00106000 08:01 4067521                    /usr/lib/x86_64-linux-gnu/libcairo.so.2.11301.0
7fd5edb43000-7fd5edb46000 r--p 00105000 08:01 4067521                    /usr/lib/x86_64-linux-gnu/libcairo.so.2.11301.0
7fd5edb46000-7fd5edb47000 rw-p 00108000 08:01 4067521                    /usr/lib/x86_64-linux-gnu/libcairo.so.2.11301.0
7fd5edb47000-7fd5edb49000 rw-p 00000000 00:00 0 
7fd5edb49000-7fd5edb68000 r-xp 00000000 08:01 4071933                    /usr/lib/x86_64-linux-gnu/libatk-1.0.so.0.21009.1
7fd5edb68000-7fd5edd68000 ---p 0001f000 08:01 4071933                    /usr/lib/x86_64-linux-gnu/libatk-1.0.so.0.21009.1
7fd5edd68000-7fd5edd6a000 r--p 0001f000 08:01 4071933                    /usr/lib/x86_64-linux-gnu/libatk-1.0.so.0.21009.1
7fd5edd6a000-7fd5edd6b000 rw-p 00021000 08:01 4071933                    /usr/lib/x86_64-linux-gnu/libatk-1.0.so.0.21009.1
7fd5edd6b000-7fd5edd70000 r-xp 00000000 08:01 4063711                    /usr/lib/x86_64-linux-gnu/libXfixes.so.3.1.0
7fd5edd70000-7fd5edf6f000 ---p 00005000 08:01 4063711                    /usr/lib/x86_64-linux-gnu/libXfixes.so.3.1.0
7fd5edf6f000-7fd5edf70000 r--p 00004000 08:01 4063711                    /usr/lib/x86_64-linux-gnu/libXfixes.so.3.1.0
7fd5edf70000-7fd5edf71000 rw-p 00005000 08:01 4063711                    /usr/lib/x86_64-linux-gnu/libXfixes.so.3.1.0
7fd5edf71000-7fd5ee0a1000 r-xp 00000000 08:01 4071837                    /usr/lib/x86_64-linux-gnu/libX11.so.6.3.0
7fd5ee0a1000-7fd5ee2a1000 ---p 00130000 08:01 4071837                    /usr/lib/x86_64-linux-gnu/libX11.so.6.3.0
7fd5ee2a1000-7fd5ee2a2000 r--p 00130000 08:01 4071837                    /usr/lib/x86_64-linux-gnu/libX11.so.6.3.0
7fd5ee2a2000-7fd5ee2a6000 rw-p 00131000 08:01 4071837                    /usr/lib/x86_64-linux-gnu/libX11.so.6.3.0
7fd5ee2a6000-7fd5ee2b1000 r-xp 00000000 08:01 4067535                    /usr/lib/x86_64-linux-gnu/libpangocairo-1.0.so.0.3600.3
7fd5ee2b1000-7fd5ee4b1000 ---p 0000b000 08:01 4067535                    /usr/lib/x86_64-linux-gnu/libpangocairo-1.0.so.0.3600.3
7fd5ee4b1000-7fd5ee4b2000 r--p 0000b000 08:01 4067535                    /usr/lib/x86_64-linux-gnu/libpangocairo-1.0.so.0.3600.3
7fd5ee4b2000-7fd5ee4b3000 rw-p 0000c000 08:01 4067535                    /usr/lib/x86_64-linux-gnu/libpangocairo-1.0.so.0.3600.3
7fd5ee4b3000-7fd5ee4b6000 r-xp 00000000 08:01 4063596                    /usr/lib/x86_64-linux-gnu/libgmodule-2.0.so.0.4002.0
7fd5ee4b6000-7fd5ee6b5000 ---p 00003000 08:01 4063596                    /usr/lib/x86_64-linux-gnu/libgmodule-2.0.so.0.4002.0
7fd5ee6b5000-7fd5ee6b6000 r--p 00002000 08:01 4063596                    /usr/lib/x86_64-linux-gnu/libgmodule-2.0.so.0.4002.0
7fd5ee6b6000-7fd5ee6b7000 rw-p 00003000 08:01 4063596                    /usr/lib/x86_64-linux-gnu/libgmodule-2.0.so.0.4002.0
7fd5ee6b7000-7fd5ee7bd000 r-xp 00000000 08:01 787439                     /lib/x86_64-linux-gnu/libglib-2.0.so.0.4002.0
7fd5ee7bd000-7fd5ee9bc000 ---p 00106000 08:01 787439                     /lib/x86_64-linux-gnu/libglib-2.0.so.0.4002.0
7fd5ee9bc000-7fd5ee9bd000 r--p 00105000 08:01 787439                     /lib/x86_64-linux-gnu/libglib-2.0.so.0.4002.0
7fd5ee9bd000-7fd5ee9be000 rw-p 00106000 08:01 787439                     /lib/x86_64-linux-gnu/libglib-2.0.so.0.4002.0
7fd5ee9be000-7fd5ee9bf000 rw-p 00000000 00:00 0 
7fd5ee9bf000-7fd5eea0e000 r-xp 00000000 08:01 4063614                    /usr/lib/x86_64-linux-gnu/libgobject-2.0.so.0.4002.0
7fd5eea0e000-7fd5eec0e000 ---p 0004f000 08:01 4063614                    /usr/lib/x86_64-linux-gnu/libgobject-2.0.so.0.4002.0
7fd5eec0e000-7fd5eec0f000 r--p 0004f000 08:01 4063614                    /usr/lib/x86_64-linux-gnu/libgobject-2.0.so.0.4002.0
7fd5eec0f000-7fd5eec10000 rw-p 00050000 08:01 4063614                    /usr/lib/x86_64-linux-gnu/libgobject-2.0.so.0.4002.0
7fd5eec10000-7fd5eecbd000 r-xp 00000000 08:01 4067548                    /usr/lib/x86_64-linux-gnu/libgdk-x11-2.0.so.0.2400.23
7fd5eecbd000-7fd5eeebd000 ---p 000ad000 08:01 4067548                    /usr/lib/x86_64-linux-gnu/libgdk-x11-2.0.so.0.2400.23
7fd5eeebd000-7fd5eeec1000 r--p 000ad000 08:01 4067548                    /usr/lib/x86_64-linux-gnu/libgdk-x11-2.0.so.0.2400.23
7fd5eeec1000-7fd5eeec3000 rw-p 000b1000 08:01 4067548                    /usr/lib/x86_64-linux-gnu/libgdk-x11-2.0.so.0.2400.23
7fd5eeec3000-7fd5ef2f3000 r-xp 00000000 08:01 4067549                    /usr/lib/x86_64-linux-gnu/libgtk-x11-2.0.so.0.2400.23
7fd5ef2f3000-7fd5ef4f2000 ---p 00430000 08:01 4067549                    /usr/lib/x86_64-linux-gnu/libgtk-x11-2.0.so.0.2400.23
7fd5ef4f2000-7fd5ef4f9000 r--p 0042f000 08:01 4067549                    /usr/lib/x86_64-linux-gnu/libgtk-x11-2.0.so.0.2400.23
7fd5ef4f9000-7fd5ef4fd000 rw-p 00436000 08:01 4067549                    /usr/lib/x86_64-linux-gnu/libgtk-x11-2.0.so.0.2400.23
7fd5ef4fd000-7fd5ef500000 rw-p 00000000 00:00 0 
7fd5ef500000-7fd5ef6bc000 r-xp 00000000 08:01 790476                     /lib/x86_64-linux-gnu/libc-2.19.so
7fd5ef6bc000-7fd5ef8bb000 ---p 001bc000 08:01 790476                     /lib/x86_64-linux-gnu/libc-2.19.so
7fd5ef8bb000-7fd5ef8bf000 r--p 001bb000 08:01 790476                     /lib/x86_64-linux-gnu/libc-2.19.so
7fd5ef8bf000-7fd5ef8c1000 rw-p 001bf000 08:01 790476                     /lib/x86_64-linux-gnu/libc-2.19.so
7fd5ef8c1000-7fd5ef8c6000 rw-p 00000000 00:00 0 
7fd5ef8c6000-7fd5ef8c9000 r-xp 00000000 08:01 790493                     /lib/x86_64-linux-gnu/libdl-2.19.so
7fd5ef8c9000-7fd5efac8000 ---p 00003000 08:01 790493                     /lib/x86_64-linux-gnu/libdl-2.19.so
7fd5efac8000-7fd5efac9000 r--p 00002000 08:01 790493                     /lib/x86_64-linux-gnu/libdl-2.19.so
7fd5efac9000-7fd5efaca000 rw-p 00003000 08:01 790493                     /lib/x86_64-linux-gnu/libdl-2.19.so
7fd5efaca000-7fd5efadf000 r-xp 00000000 08:01 3805305                    /home/mysql1/installPage/jdk1.8.0_71/lib/amd64/jli/libjli.so
7fd5efadf000-7fd5efcdf000 ---p 00015000 08:01 3805305                    /home/mysql1/installPage/jdk1.8.0_71/lib/amd64/jli/libjli.so
7fd5efcdf000-7fd5efce0000 rw-p 00015000 08:01 3805305                    /home/mysql1/installPage/jdk1.8.0_71/lib/amd64/jli/libjli.so
7fd5efce0000-7fd5efcf9000 r-xp 00000000 08:01 790596                     /lib/x86_64-linux-gnu/libpthread-2.19.so
7fd5efcf9000-7fd5efef8000 ---p 00019000 08:01 790596                     /lib/x86_64-linux-gnu/libpthread-2.19.so
7fd5efef8000-7fd5efef9000 r--p 00018000 08:01 790596                     /lib/x86_64-linux-gnu/libpthread-2.19.so
7fd5efef9000-7fd5efefa000 rw-p 00019000 08:01 790596                     /lib/x86_64-linux-gnu/libpthread-2.19.so
7fd5efefa000-7fd5efefe000 rw-p 00000000 00:00 0 
7fd5efefe000-7fd5efeff000 r-xp 00000000 08:01 1310792                    /opt/sublime_text/libsublime-imfix.so
7fd5efeff000-7fd5f00fe000 ---p 00001000 08:01 1310792                    /opt/sublime_text/libsublime-imfix.so
7fd5f00fe000-7fd5f00ff000 r--p 00000000 08:01 1310792                    /opt/sublime_text/libsublime-imfix.so
7fd5f00ff000-7fd5f0100000 rw-p 00001000 08:01 1310792                    /opt/sublime_text/libsublime-imfix.so
7fd5f0100000-7fd5f0123000 r-xp 00000000 08:01 790452                     /lib/x86_64-linux-gnu/ld-2.19.so
7fd5f01f3000-7fd5f01f6000 ---p 00000000 00:00 0 
7fd5f01f6000-7fd5f030a000 rw-p 00000000 00:00 0                          [stack:6882]
7fd5f0313000-7fd5f0316000 rw-p 00000000 00:00 0 
7fd5f0316000-7fd5f031e000 rw-s 00000000 08:01 3805962                    /tmp/hsperfdata_root/6856
7fd5f031e000-7fd5f031f000 rw-p 00000000 00:00 0 
7fd5f031f000-7fd5f0320000 r--p 00000000 00:00 0 
7fd5f0320000-7fd5f0322000 rw-p 00000000 00:00 0 
7fd5f0322000-7fd5f0323000 r--p 00022000 08:01 790452                     /lib/x86_64-linux-gnu/ld-2.19.so
7fd5f0323000-7fd5f0324000 rw-p 00023000 08:01 790452                     /lib/x86_64-linux-gnu/ld-2.19.so
7fd5f0324000-7fd5f0325000 rw-p 00000000 00:00 0 
7fffbec2a000-7fffbec4b000 rw-p 00000000 00:00 0                          [stack]
7fffbec75000-7fffbec77000 r-xp 00000000 00:00 0                          [vdso]
ffffffffff600000-ffffffffff601000 r-xp 00000000 00:00 0                  [vsyscall]

VM Arguments:
jvm_args: -Xms2g -Xmx2g 
java_command: org.apache.spark.deploy.SparkSubmit pyspark-shell
java_class_path (initial): /home/mysql1/spark/conf/:/home/mysql1/spark/lib/spark-assembly-1.6.2-hadoop2.6.0.jar:/home/mysql1/spark/lib/datanucleus-rdbms-3.2.9.jar:/home/mysql1/spark/lib/datanucleus-api-jdo-3.2.6.jar:/home/mysql1/spark/lib/datanucleus-core-3.2.10.jar:/home/mysql1/hadoop/etc/hadoop/
Launcher Type: SUN_STANDARD

Environment Variables:
JAVA_HOME=/home/mysql1/installPage/jdk1.8.0_71
PATH=/usr/local/sbin:/usr/local/bin:/usr/sbin:/usr/bin:/sbin:/bin:/usr/games:/usr/local/games:/home/mysql1/spark/bin:/home/mysql1/hadoop/bin:/home/mysql1/installPage/jdk1.8.0_71/bin:/home/mysql1/hadoop/sbin:/home/mysql1/hive/bin:/home/mysql1/installPage/scala-2.11.8/bin:/home/mysql1/spark/python:/home/mysql1/spark/python/pyspark:/home/mysql1/spark/python/lib/py4j:/home/mysql1/spark/python:/home/mysql1/spark/bin:/home/mysql1/hadoop/bin:/home/mysql1/installPage/jdk1.8.0_71/bin:/home/mysql1/hadoop/sbin:/home/mysql1/hive/bin:/home/mysql1/installPage/scala-2.11.8/bin:/home/mysql1/spark/python:/home/mysql1/spark/python/pyspark:/home/mysql1/spark/python/lib/py4j:/home/mysql1/spark/bin:/home/mysql1/hadoop/bin:/home/mysql1/installPage/jdk1.8.0_71/bin:/home/mysql1/hadoop/sbin:/home/mysql1/hive/bin:/home/mysql1/installPage/scala-2.11.8/bin:/home/mysql1/spark/python:/home/mysql1/spark/python/pyspark:/home/mysql1/spark/python/lib/py4j
USERNAME=root
LD_PRELOAD=/opt/sublime_text/libsublime-imfix.so
SHELL=/bin/bash
DISPLAY=:0

Signal Handlers:
SIGSEGV: [libjvm.so+0xabafa0], sa_mask[0]=11111111011111111101111111111110, sa_flags=SA_RESTART|SA_SIGINFO
SIGBUS: [libjvm.so+0xabafa0], sa_mask[0]=11111111011111111101111111111110, sa_flags=SA_RESTART|SA_SIGINFO
SIGFPE: [libjvm.so+0x9183c0], sa_mask[0]=11111111011111111101111111111110, sa_flags=SA_RESTART|SA_SIGINFO
SIGPIPE: [libjvm.so+0x9183c0], sa_mask[0]=11111111011111111101111111111110, sa_flags=SA_RESTART|SA_SIGINFO
SIGXFSZ: [libjvm.so+0x9183c0], sa_mask[0]=11111111011111111101111111111110, sa_flags=SA_RESTART|SA_SIGINFO
SIGILL: [libjvm.so+0x9183c0], sa_mask[0]=11111111011111111101111111111110, sa_flags=SA_RESTART|SA_SIGINFO
SIGUSR1: SIG_DFL, sa_mask[0]=00000000000000000000000000000000, sa_flags=none
SIGUSR2: [libjvm.so+0x9199f0], sa_mask[0]=00000000000000000000000000000000, sa_flags=SA_RESTART|SA_SIGINFO
SIGHUP: SIG_DFL, sa_mask[0]=00000000000000000000000000000000, sa_flags=none
SIGINT: SIG_IGN, sa_mask[0]=00000000000000000000000000000000, sa_flags=none
SIGTERM: SIG_DFL, sa_mask[0]=00000000000000000000000000000000, sa_flags=none
SIGQUIT: SIG_DFL, sa_mask[0]=00000000000000000000000000000000, sa_flags=none


---------------  S Y S T E M  ---------------

OS:DISTRIB_ID=Ubuntu
DISTRIB_RELEASE=14.04
DISTRIB_CODENAME=trusty
DISTRIB_DESCRIPTION="Ubuntu 14.04.1 LTS"

uname:Linux 3.13.0-32-generic #57-Ubuntu SMP Tue Jul 15 03:51:08 UTC 2014 x86_64
libc:glibc 2.19 NPTL 2.19 
rlimit: STACK 8192k, CORE 0k, NPROC 31343, NOFILE 4096, AS infinity
load average:0.46 0.67 0.68

/proc/meminfo:
MemTotal:        4033512 kB
MemFree:          899008 kB
Buffers:            4580 kB
Cached:           184284 kB
SwapCached:       135932 kB
Active:          1800412 kB
Inactive:         951844 kB
Active(anon):    1708200 kB
Inactive(anon):   890428 kB
Active(file):      92212 kB
Inactive(file):    61416 kB
Unevictable:          32 kB
Mlocked:              32 kB
SwapTotal:       1046524 kB
SwapFree:         260808 kB
Dirty:               396 kB
Writeback:             0 kB
AnonPages:       2436220 kB
Mapped:           103688 kB
Shmem:             35236 kB
Slab:              82600 kB
SReclaimable:      32608 kB
SUnreclaim:        49992 kB
KernelStack:       11240 kB
PageTables:        38656 kB
NFS_Unstable:          0 kB
Bounce:                0 kB
WritebackTmp:          0 kB
CommitLimit:     3063280 kB
Committed_AS:    9727816 kB
VmallocTotal:   34359738367 kB
VmallocUsed:      174600 kB
VmallocChunk:   34359536180 kB
HardwareCorrupted:     0 kB
AnonHugePages:   1359872 kB
HugePages_Total:       0
HugePages_Free:        0
HugePages_Rsvd:        0
HugePages_Surp:        0
Hugepagesize:       2048 kB
DirectMap4k:       55104 kB
DirectMap2M:     3090432 kB
DirectMap1G:     3145728 kB


CPU:total 2 (2 cores per cpu, 1 threads per core) family 6 model 60 stepping 3, cmov, cx8, fxsr, mmx, sse, sse2, sse3, ssse3, sse4.1, sse4.2, popcnt, avx, avx2, aes, clmul, erms, lzcnt, tsc, tscinvbit, bmi1, bmi2

/proc/cpuinfo:
processor	: 0
vendor_id	: GenuineIntel
cpu family	: 6
model		: 60
model name	: Intel(R) Core(TM) i3-4130 CPU @ 3.40GHz
stepping	: 3
microcode	: 0x1e
cpu MHz		: 3400.000
cache size	: 3072 KB
physical id	: 0
siblings	: 2
core id		: 0
cpu cores	: 2
apicid		: 0
initial apicid	: 0
fpu		: yes
fpu_exception	: yes
cpuid level	: 13
wp		: yes
flags		: fpu vme de pse tsc msr pae mce cx8 apic sep mtrr pge mca cmov pat pse36 clflush dts mmx fxsr sse sse2 ss ht syscall nx pdpe1gb rdtscp lm constant_tsc arch_perfmon pebs bts nopl xtopology tsc_reliable nonstop_tsc aperfmperf eagerfpu pni pclmulqdq ssse3 fma cx16 pcid sse4_1 sse4_2 x2apic movbe popcnt tsc_deadline_timer aes xsave avx f16c rdrand hypervisor lahf_lm abm arat xsaveopt pln pts dtherm fsgsbase tsc_adjust bmi1 avx2 smep bmi2 invpcid
bogomips	: 6800.00
clflush size	: 64
cache_alignment	: 64
address sizes	: 42 bits physical, 48 bits virtual
power management:

processor	: 1
vendor_id	: GenuineIntel
cpu family	: 6
model		: 60
model name	: Intel(R) Core(TM) i3-4130 CPU @ 3.40GHz
stepping	: 3
microcode	: 0x1e
cpu MHz		: 3400.000
cache size	: 3072 KB
physical id	: 0
siblings	: 2
core id		: 1
cpu cores	: 2
apicid		: 1
initial apicid	: 1
fpu		: yes
fpu_exception	: yes
cpuid level	: 13
wp		: yes
flags		: fpu vme de pse tsc msr pae mce cx8 apic sep mtrr pge mca cmov pat pse36 clflush dts mmx fxsr sse sse2 ss ht syscall nx pdpe1gb rdtscp lm constant_tsc arch_perfmon pebs bts nopl xtopology tsc_reliable nonstop_tsc aperfmperf eagerfpu pni pclmulqdq ssse3 fma cx16 pcid sse4_1 sse4_2 x2apic movbe popcnt tsc_deadline_timer aes xsave avx f16c rdrand hypervisor lahf_lm abm arat xsaveopt pln pts dtherm fsgsbase tsc_adjust bmi1 avx2 smep bmi2 invpcid
bogomips	: 6800.00
clflush size	: 64
cache_alignment	: 64
address sizes	: 42 bits physical, 48 bits virtual
power management:



Memory: 4k page, physical 4033512k(899008k free), swap 1046524k(260808k free)

vm_info: Java HotSpot(TM) 64-Bit Server VM (25.71-b15) for linux-amd64 JRE (1.8.0_71-b15), built on Dec 22 2015 18:21:33 by "java_re" with gcc 4.3.0 20080428 (Red Hat 4.3.0-8)

time: Wed Jul 27 17:21:17 2016
elapsed time: 0 seconds (0d 0h 0m 0s)

