#
# There is insufficient memory for the Java Runtime Environment to continue.
# Native memory allocation (mmap) failed to map 1431830528 bytes for committing reserved memory.
# Possible reasons:
#   The system is out of physical RAM or swap space
#   In 32 bit mode, the process size limit was hit
# Possible solutions:
#   Reduce memory load on the system
#   Increase physical memory or swap space
#   Check if swap backing store is full
#   Use 64 bit Java on a 64 bit OS
#   Decrease Java heap size (-Xmx/-Xms)
#   Decrease number of Java threads
#   Decrease Java thread stack sizes (-Xss)
#   Set larger code cache with -XX:ReservedCodeCacheSize=
# This output file may be truncated or incomplete.
#
#  Out of Memory Error (os_linux.cpp:2627), pid=10805, tid=139686147716864
#
# JRE version:  (8.0_71-b15) (build )
# Java VM: Java HotSpot(TM) 64-Bit Server VM (25.71-b15 mixed mode linux-amd64 compressed oops)
# Failed to write core dump. Core dumps have been disabled. To enable core dumping, try "ulimit -c unlimited" before starting Java again
#

---------------  T H R E A D  ---------------

Current thread (0x00007f0b28009800):  JavaThread "Unknown thread" [_thread_in_vm, id=10826, stack(0x00007f0b3726f000,0x00007f0b37370000)]

Stack: [0x00007f0b3726f000,0x00007f0b37370000],  sp=0x00007f0b3736e0f0,  free space=1020k
Native frames: (J=compiled Java code, j=interpreted, Vv=VM code, C=native code)
V  [libjvm.so+0xaba71a]  VMError::report_and_die()+0x2ba
V  [libjvm.so+0x4f9ecb]  report_vm_out_of_memory(char const*, int, unsigned long, VMErrorType, char const*)+0x8b
V  [libjvm.so+0x91b553]  os::Linux::commit_memory_impl(char*, unsigned long, bool)+0x103
V  [libjvm.so+0x91baa9]  os::pd_commit_memory(char*, unsigned long, unsigned long, bool)+0x29
V  [libjvm.so+0x915dba]  os::commit_memory(char*, unsigned long, unsigned long, bool)+0x2a
V  [libjvm.so+0x989463]  PSVirtualSpace::expand_by(unsigned long)+0x53
V  [libjvm.so+0x9795a7]  PSOldGen::initialize(ReservedSpace, unsigned long, char const*, int)+0xb7
V  [libjvm.so+0x2d827a]  AdjoiningGenerations::AdjoiningGenerations(ReservedSpace, GenerationSizer*, unsigned long)+0x39a
V  [libjvm.so+0x93e876]  ParallelScavengeHeap::initialize()+0x1d6
V  [libjvm.so+0xa82f4b]  Universe::initialize_heap()+0xfb
V  [libjvm.so+0xa832be]  universe_init()+0x3e
V  [libjvm.so+0x639305]  init_globals()+0x65
V  [libjvm.so+0xa674be]  Threads::create_vm(JavaVMInitArgs*, bool*)+0x23e
V  [libjvm.so+0x6cd824]  JNI_CreateJavaVM+0x74
C  [libjli.so+0x745e]  JavaMain+0x9e
C  [libpthread.so.0+0x8182]  start_thread+0xc2


---------------  P R O C E S S  ---------------

Java Threads: ( => current thread )

Other Threads:

=>0x00007f0b28009800 (exited) JavaThread "Unknown thread" [_thread_in_vm, id=10826, stack(0x00007f0b3726f000,0x00007f0b37370000)]

VM state:not at safepoint (not fully initialized)

VM Mutex/Monitor currently owned by a thread: None

GC Heap History (0 events):
No events

Deoptimization events (0 events):
No events

Internal exceptions (0 events):
No events

Events (0 events):
No events


Dynamic libraries:
00400000-00401000 r-xp 00000000 08:01 3806047                            /home/mysql1/installPage/jdk1.8.0_71/bin/java
00600000-00601000 rw-p 00000000 08:01 3806047                            /home/mysql1/installPage/jdk1.8.0_71/bin/java
00e5e000-00e7f000 rw-p 00000000 00:00 0                                  [heap]
d5580000-100000000 rw-p 00000000 00:00 0 
7f0b19000000-7f0b19270000 rwxp 00000000 00:00 0 
7f0b19270000-7f0b28000000 ---p 00000000 00:00 0 
7f0b28000000-7f0b28032000 rw-p 00000000 00:00 0 
7f0b28032000-7f0b2c000000 ---p 00000000 00:00 0 
7f0b2d78b000-7f0b2da10000 rw-p 00000000 00:00 0 
7f0b2da10000-7f0b2dcba000 ---p 00000000 00:00 0 
7f0b2dcba000-7f0b2de1b000 rw-p 00000000 00:00 0 
7f0b2de1b000-7f0b2e1d1000 ---p 00000000 00:00 0 
7f0b2e1d1000-7f0b2e1eb000 r-xp 00000000 08:01 3806435                    /home/mysql1/installPage/jdk1.8.0_71/jre/lib/amd64/libzip.so
7f0b2e1eb000-7f0b2e3eb000 ---p 0001a000 08:01 3806435                    /home/mysql1/installPage/jdk1.8.0_71/jre/lib/amd64/libzip.so
7f0b2e3eb000-7f0b2e3ec000 rw-p 0001a000 08:01 3806435                    /home/mysql1/installPage/jdk1.8.0_71/jre/lib/amd64/libzip.so
7f0b2e3ec000-7f0b2e3f7000 r-xp 00000000 08:01 790551                     /lib/x86_64-linux-gnu/libnss_files-2.19.so
7f0b2e3f7000-7f0b2e5f6000 ---p 0000b000 08:01 790551                     /lib/x86_64-linux-gnu/libnss_files-2.19.so
7f0b2e5f6000-7f0b2e5f7000 r--p 0000a000 08:01 790551                     /lib/x86_64-linux-gnu/libnss_files-2.19.so
7f0b2e5f7000-7f0b2e5f8000 rw-p 0000b000 08:01 790551                     /lib/x86_64-linux-gnu/libnss_files-2.19.so
7f0b2e5f8000-7f0b2e603000 r-xp 00000000 08:01 790561                     /lib/x86_64-linux-gnu/libnss_nis-2.19.so
7f0b2e603000-7f0b2e802000 ---p 0000b000 08:01 790561                     /lib/x86_64-linux-gnu/libnss_nis-2.19.so
7f0b2e802000-7f0b2e803000 r--p 0000a000 08:01 790561                     /lib/x86_64-linux-gnu/libnss_nis-2.19.so
7f0b2e803000-7f0b2e804000 rw-p 0000b000 08:01 790561                     /lib/x86_64-linux-gnu/libnss_nis-2.19.so
7f0b2e804000-7f0b2e81b000 r-xp 00000000 08:01 790545                     /lib/x86_64-linux-gnu/libnsl-2.19.so
7f0b2e81b000-7f0b2ea1a000 ---p 00017000 08:01 790545                     /lib/x86_64-linux-gnu/libnsl-2.19.so
7f0b2ea1a000-7f0b2ea1b000 r--p 00016000 08:01 790545                     /lib/x86_64-linux-gnu/libnsl-2.19.so
7f0b2ea1b000-7f0b2ea1c000 rw-p 00017000 08:01 790545                     /lib/x86_64-linux-gnu/libnsl-2.19.so
7f0b2ea1c000-7f0b2ea1e000 rw-p 00000000 00:00 0 
7f0b2ea1e000-7f0b2ea27000 r-xp 00000000 08:01 790547                     /lib/x86_64-linux-gnu/libnss_compat-2.19.so
7f0b2ea27000-7f0b2ec26000 ---p 00009000 08:01 790547                     /lib/x86_64-linux-gnu/libnss_compat-2.19.so
7f0b2ec26000-7f0b2ec27000 r--p 00008000 08:01 790547                     /lib/x86_64-linux-gnu/libnss_compat-2.19.so
7f0b2ec27000-7f0b2ec28000 rw-p 00009000 08:01 790547                     /lib/x86_64-linux-gnu/libnss_compat-2.19.so
7f0b2ec28000-7f0b2ec52000 r-xp 00000000 08:01 3806422                    /home/mysql1/installPage/jdk1.8.0_71/jre/lib/amd64/libjava.so
7f0b2ec52000-7f0b2ee52000 ---p 0002a000 08:01 3806422                    /home/mysql1/installPage/jdk1.8.0_71/jre/lib/amd64/libjava.so
7f0b2ee52000-7f0b2ee54000 rw-p 0002a000 08:01 3806422                    /home/mysql1/installPage/jdk1.8.0_71/jre/lib/amd64/libjava.so
7f0b2ee54000-7f0b2ee61000 r-xp 00000000 08:01 3806412                    /home/mysql1/installPage/jdk1.8.0_71/jre/lib/amd64/libverify.so
7f0b2ee61000-7f0b2f061000 ---p 0000d000 08:01 3806412                    /home/mysql1/installPage/jdk1.8.0_71/jre/lib/amd64/libverify.so
7f0b2f061000-7f0b2f063000 rw-p 0000d000 08:01 3806412                    /home/mysql1/installPage/jdk1.8.0_71/jre/lib/amd64/libverify.so
7f0b2f063000-7f0b2fd22000 r-xp 00000000 08:01 3806428                    /home/mysql1/installPage/jdk1.8.0_71/jre/lib/amd64/server/libjvm.so
7f0b2fd22000-7f0b2ff21000 ---p 00cbf000 08:01 3806428                    /home/mysql1/installPage/jdk1.8.0_71/jre/lib/amd64/server/libjvm.so
7f0b2ff21000-7f0b2fffa000 rw-p 00cbe000 08:01 3806428                    /home/mysql1/installPage/jdk1.8.0_71/jre/lib/amd64/server/libjvm.so
7f0b2fffa000-7f0b30043000 rw-p 00000000 00:00 0 
7f0b30043000-7f0b30049000 r-xp 00000000 08:01 4072044                    /usr/lib/x86_64-linux-gnu/libdatrie.so.1.3.1
7f0b30049000-7f0b30248000 ---p 00006000 08:01 4072044                    /usr/lib/x86_64-linux-gnu/libdatrie.so.1.3.1
7f0b30248000-7f0b30249000 r--p 00005000 08:01 4072044                    /usr/lib/x86_64-linux-gnu/libdatrie.so.1.3.1
7f0b30249000-7f0b3024a000 rw-p 00006000 08:01 4072044                    /usr/lib/x86_64-linux-gnu/libdatrie.so.1.3.1
7f0b3024a000-7f0b30264000 r-xp 00000000 08:01 4072270                    /usr/lib/x86_64-linux-gnu/libgraphite2.so.3.0.1
7f0b30264000-7f0b30463000 ---p 0001a000 08:01 4072270                    /usr/lib/x86_64-linux-gnu/libgraphite2.so.3.0.1
7f0b30463000-7f0b30465000 r--p 00019000 08:01 4072270                    /usr/lib/x86_64-linux-gnu/libgraphite2.so.3.0.1
7f0b30465000-7f0b30466000 rw-p 0001b000 08:01 4072270                    /usr/lib/x86_64-linux-gnu/libgraphite2.so.3.0.1
7f0b30466000-7f0b3046b000 r-xp 00000000 08:01 4071852                    /usr/lib/x86_64-linux-gnu/libXdmcp.so.6.0.0
7f0b3046b000-7f0b3066a000 ---p 00005000 08:01 4071852                    /usr/lib/x86_64-linux-gnu/libXdmcp.so.6.0.0
7f0b3066a000-7f0b3066b000 r--p 00004000 08:01 4071852                    /usr/lib/x86_64-linux-gnu/libXdmcp.so.6.0.0
7f0b3066b000-7f0b3066c000 rw-p 00005000 08:01 4071852                    /usr/lib/x86_64-linux-gnu/libXdmcp.so.6.0.0
7f0b3066c000-7f0b3066e000 r-xp 00000000 08:01 4071841                    /usr/lib/x86_64-linux-gnu/libXau.so.6.0.0
7f0b3066e000-7f0b3086e000 ---p 00002000 08:01 4071841                    /usr/lib/x86_64-linux-gnu/libXau.so.6.0.0
7f0b3086e000-7f0b3086f000 r--p 00002000 08:01 4071841                    /usr/lib/x86_64-linux-gnu/libXau.so.6.0.0
7f0b3086f000-7f0b30870000 rw-p 00003000 08:01 4071841                    /usr/lib/x86_64-linux-gnu/libXau.so.6.0.0
7f0b30870000-7f0b30897000 r-xp 00000000 08:01 787434                     /lib/x86_64-linux-gnu/libexpat.so.1.6.0
7f0b30897000-7f0b30a97000 ---p 00027000 08:01 787434                     /lib/x86_64-linux-gnu/libexpat.so.1.6.0
7f0b30a97000-7f0b30a99000 r--p 00027000 08:01 787434                     /lib/x86_64-linux-gnu/libexpat.so.1.6.0
7f0b30a99000-7f0b30a9a000 rw-p 00029000 08:01 787434                     /lib/x86_64-linux-gnu/libexpat.so.1.6.0
7f0b30a9a000-7f0b30aa2000 r-xp 00000000 08:01 4072769                    /usr/lib/x86_64-linux-gnu/libthai.so.0.2.0
7f0b30aa2000-7f0b30ca1000 ---p 00008000 08:01 4072769                    /usr/lib/x86_64-linux-gnu/libthai.so.0.2.0
7f0b30ca1000-7f0b30ca2000 r--p 00007000 08:01 4072769                    /usr/lib/x86_64-linux-gnu/libthai.so.0.2.0
7f0b30ca2000-7f0b30ca3000 rw-p 00008000 08:01 4072769                    /usr/lib/x86_64-linux-gnu/libthai.so.0.2.0
7f0b30ca3000-7f0b30cf6000 r-xp 00000000 08:01 4067530                    /usr/lib/x86_64-linux-gnu/libharfbuzz.so.0.927.0
7f0b30cf6000-7f0b30ef6000 ---p 00053000 08:01 4067530                    /usr/lib/x86_64-linux-gnu/libharfbuzz.so.0.927.0
7f0b30ef6000-7f0b30ef7000 r--p 00053000 08:01 4067530                    /usr/lib/x86_64-linux-gnu/libharfbuzz.so.0.927.0
7f0b30ef7000-7f0b30ef8000 rw-p 00054000 08:01 4067530                    /usr/lib/x86_64-linux-gnu/libharfbuzz.so.0.927.0
7f0b30ef8000-7f0b30f0f000 r-xp 00000000 08:01 790602                     /lib/x86_64-linux-gnu/libresolv-2.19.so
7f0b30f0f000-7f0b3110f000 ---p 00017000 08:01 790602                     /lib/x86_64-linux-gnu/libresolv-2.19.so
7f0b3110f000-7f0b31110000 r--p 00017000 08:01 790602                     /lib/x86_64-linux-gnu/libresolv-2.19.so
7f0b31110000-7f0b31111000 rw-p 00018000 08:01 790602                     /lib/x86_64-linux-gnu/libresolv-2.19.so
7f0b31111000-7f0b31113000 rw-p 00000000 00:00 0 
7f0b31113000-7f0b31133000 r-xp 00000000 08:01 790606                     /lib/x86_64-linux-gnu/libselinux.so.1
7f0b31133000-7f0b31332000 ---p 00020000 08:01 790606                     /lib/x86_64-linux-gnu/libselinux.so.1
7f0b31332000-7f0b31333000 r--p 0001f000 08:01 790606                     /lib/x86_64-linux-gnu/libselinux.so.1
7f0b31333000-7f0b31334000 rw-p 00020000 08:01 790606                     /lib/x86_64-linux-gnu/libselinux.so.1
7f0b31334000-7f0b31336000 rw-p 00000000 00:00 0 
7f0b31336000-7f0b3133d000 r-xp 00000000 08:01 790604                     /lib/x86_64-linux-gnu/librt-2.19.so
7f0b3133d000-7f0b3153c000 ---p 00007000 08:01 790604                     /lib/x86_64-linux-gnu/librt-2.19.so
7f0b3153c000-7f0b3153d000 r--p 00006000 08:01 790604                     /lib/x86_64-linux-gnu/librt-2.19.so
7f0b3153d000-7f0b3153e000 rw-p 00007000 08:01 790604                     /lib/x86_64-linux-gnu/librt-2.19.so
7f0b3153e000-7f0b31556000 r-xp 00000000 08:01 790639                     /lib/x86_64-linux-gnu/libz.so.1.2.8
7f0b31556000-7f0b31755000 ---p 00018000 08:01 790639                     /lib/x86_64-linux-gnu/libz.so.1.2.8
7f0b31755000-7f0b31756000 r--p 00017000 08:01 790639                     /lib/x86_64-linux-gnu/libz.so.1.2.8
7f0b31756000-7f0b31757000 rw-p 00018000 08:01 790639                     /lib/x86_64-linux-gnu/libz.so.1.2.8
7f0b31757000-7f0b3175f000 r-xp 00000000 08:01 4072897                    /usr/lib/x86_64-linux-gnu/libxcb-render.so.0.0.0
7f0b3175f000-7f0b3195e000 ---p 00008000 08:01 4072897                    /usr/lib/x86_64-linux-gnu/libxcb-render.so.0.0.0
7f0b3195e000-7f0b3195f000 r--p 00007000 08:01 4072897                    /usr/lib/x86_64-linux-gnu/libxcb-render.so.0.0.0
7f0b3195f000-7f0b31960000 rw-p 00008000 08:01 4072897                    /usr/lib/x86_64-linux-gnu/libxcb-render.so.0.0.0
7f0b31960000-7f0b31962000 r-xp 00000000 08:01 4072901                    /usr/lib/x86_64-linux-gnu/libxcb-shm.so.0.0.0
7f0b31962000-7f0b31b61000 ---p 00002000 08:01 4072901                    /usr/lib/x86_64-linux-gnu/libxcb-shm.so.0.0.0
7f0b31b61000-7f0b31b62000 r--p 00001000 08:01 4072901                    /usr/lib/x86_64-linux-gnu/libxcb-shm.so.0.0.0
7f0b31b62000-7f0b31b63000 rw-p 00002000 08:01 4072901                    /usr/lib/x86_64-linux-gnu/libxcb-shm.so.0.0.0
7f0b31b63000-7f0b31b88000 r-xp 00000000 08:01 787437                     /lib/x86_64-linux-gnu/libpng12.so.0.50.0
7f0b31b88000-7f0b31d87000 ---p 00025000 08:01 787437                     /lib/x86_64-linux-gnu/libpng12.so.0.50.0
7f0b31d87000-7f0b31d88000 r--p 00024000 08:01 787437                     /lib/x86_64-linux-gnu/libpng12.so.0.50.0
7f0b31d88000-7f0b31d89000 rw-p 00025000 08:01 787437                     /lib/x86_64-linux-gnu/libpng12.so.0.50.0
7f0b31d89000-7f0b31e29000 r-xp 00000000 08:01 4067515                    /usr/lib/x86_64-linux-gnu/libpixman-1.so.0.30.2
7f0b31e29000-7f0b32029000 ---p 000a0000 08:01 4067515                    /usr/lib/x86_64-linux-gnu/libpixman-1.so.0.30.2
7f0b32029000-7f0b32030000 r--p 000a0000 08:01 4067515                    /usr/lib/x86_64-linux-gnu/libpixman-1.so.0.30.2
7f0b32030000-7f0b32031000 rw-p 000a7000 08:01 4067515                    /usr/lib/x86_64-linux-gnu/libpixman-1.so.0.30.2
7f0b32031000-7f0b3204e000 r-xp 00000000 08:01 4072911                    /usr/lib/x86_64-linux-gnu/libxcb.so.1.1.0
7f0b3204e000-7f0b3224e000 ---p 0001d000 08:01 4072911                    /usr/lib/x86_64-linux-gnu/libxcb.so.1.1.0
7f0b3224e000-7f0b3224f000 r--p 0001d000 08:01 4072911                    /usr/lib/x86_64-linux-gnu/libxcb.so.1.1.0
7f0b3224f000-7f0b32250000 rw-p 0001e000 08:01 4072911                    /usr/lib/x86_64-linux-gnu/libxcb.so.1.1.0
7f0b32250000-7f0b322ed000 r-xp 00000000 08:01 4067512                    /usr/lib/x86_64-linux-gnu/libfreetype.so.6.11.1
7f0b322ed000-7f0b324ec000 ---p 0009d000 08:01 4067512                    /usr/lib/x86_64-linux-gnu/libfreetype.so.6.11.1
7f0b324ec000-7f0b324f2000 r--p 0009c000 08:01 4067512                    /usr/lib/x86_64-linux-gnu/libfreetype.so.6.11.1
7f0b324f2000-7f0b324f3000 rw-p 000a2000 08:01 4067512                    /usr/lib/x86_64-linux-gnu/libfreetype.so.6.11.1
7f0b324f3000-7f0b32530000 r-xp 00000000 08:01 786523                     /lib/x86_64-linux-gnu/libpcre.so.3.13.1
7f0b32530000-7f0b3272f000 ---p 0003d000 08:01 786523                     /lib/x86_64-linux-gnu/libpcre.so.3.13.1
7f0b3272f000-7f0b32730000 r--p 0003c000 08:01 786523                     /lib/x86_64-linux-gnu/libpcre.so.3.13.1
7f0b32730000-7f0b32731000 rw-p 0003d000 08:01 786523                     /lib/x86_64-linux-gnu/libpcre.so.3.13.1
7f0b32731000-7f0b32738000 r-xp 00000000 08:01 4072119                    /usr/lib/x86_64-linux-gnu/libffi.so.6.0.1
7f0b32738000-7f0b32937000 ---p 00007000 08:01 4072119                    /usr/lib/x86_64-linux-gnu/libffi.so.6.0.1
7f0b32937000-7f0b32938000 r--p 00006000 08:01 4072119                    /usr/lib/x86_64-linux-gnu/libffi.so.6.0.1
7f0b32938000-7f0b32939000 rw-p 00007000 08:01 4072119                    /usr/lib/x86_64-linux-gnu/libffi.so.6.0.1
7f0b32939000-7f0b3294a000 r-xp 00000000 08:01 4063687                    /usr/lib/x86_64-linux-gnu/libXext.so.6.4.0
7f0b3294a000-7f0b32b49000 ---p 00011000 08:01 4063687                    /usr/lib/x86_64-linux-gnu/libXext.so.6.4.0
7f0b32b49000-7f0b32b4a000 r--p 00010000 08:01 4063687                    /usr/lib/x86_64-linux-gnu/libXext.so.6.4.0
7f0b32b4a000-7f0b32b4b000 rw-p 00011000 08:01 4063687                    /usr/lib/x86_64-linux-gnu/libXext.so.6.4.0
7f0b32b4b000-7f0b32b4d000 r-xp 00000000 08:01 4071850                    /usr/lib/x86_64-linux-gnu/libXdamage.so.1.1.0
7f0b32b4d000-7f0b32d4c000 ---p 00002000 08:01 4071850                    /usr/lib/x86_64-linux-gnu/libXdamage.so.1.1.0
7f0b32d4c000-7f0b32d4d000 r--p 00001000 08:01 4071850                    /usr/lib/x86_64-linux-gnu/libXdamage.so.1.1.0
7f0b32d4d000-7f0b32d4e000 rw-p 00002000 08:01 4071850                    /usr/lib/x86_64-linux-gnu/libXdamage.so.1.1.0
7f0b32d4e000-7f0b32d50000 r-xp 00000000 08:01 4071846                    /usr/lib/x86_64-linux-gnu/libXcomposite.so.1.0.0
7f0b32d50000-7f0b32f4f000 ---p 00002000 08:01 4071846                    /usr/lib/x86_64-linux-gnu/libXcomposite.so.1.0.0
7f0b32f4f000-7f0b32f50000 r--p 00001000 08:01 4071846                    /usr/lib/x86_64-linux-gnu/libXcomposite.so.1.0.0
7f0b32f50000-7f0b32f51000 rw-p 00002000 08:01 4071846                    /usr/lib/x86_64-linux-gnu/libXcomposite.so.1.0.0
7f0b32f51000-7f0b32f5a000 r-xp 00000000 08:01 4071848                    /usr/lib/x86_64-linux-gnu/libXcursor.so.1.0.2
7f0b32f5a000-7f0b33159000 ---p 00009000 08:01 4071848                    /usr/lib/x86_64-linux-gnu/libXcursor.so.1.0.2
7f0b33159000-7f0b3315a000 r--p 00008000 08:01 4071848                    /usr/lib/x86_64-linux-gnu/libXcursor.so.1.0.2
7f0b3315a000-7f0b3315b000 rw-p 00009000 08:01 4071848                    /usr/lib/x86_64-linux-gnu/libXcursor.so.1.0.2
7f0b3315b000-7f0b33164000 r-xp 00000000 08:01 4071874                    /usr/lib/x86_64-linux-gnu/libXrandr.so.2.2.0
7f0b33164000-7f0b33363000 ---p 00009000 08:01 4071874                    /usr/lib/x86_64-linux-gnu/libXrandr.so.2.2.0
7f0b33363000-7f0b33364000 r--p 00008000 08:01 4071874                    /usr/lib/x86_64-linux-gnu/libXrandr.so.2.2.0
7f0b33364000-7f0b33365000 rw-p 00009000 08:01 4071874                    /usr/lib/x86_64-linux-gnu/libXrandr.so.2.2.0
7f0b33365000-7f0b33374000 r-xp 00000000 08:01 4067544                    /usr/lib/x86_64-linux-gnu/libXi.so.6.1.0
7f0b33374000-7f0b33573000 ---p 0000f000 08:01 4067544                    /usr/lib/x86_64-linux-gnu/libXi.so.6.1.0
7f0b33573000-7f0b33574000 r--p 0000e000 08:01 4067544                    /usr/lib/x86_64-linux-gnu/libXi.so.6.1.0
7f0b33574000-7f0b33575000 rw-p 0000f000 08:01 4067544                    /usr/lib/x86_64-linux-gnu/libXi.so.6.1.0
7f0b33575000-7f0b33577000 r-xp 00000000 08:01 4071864                    /usr/lib/x86_64-linux-gnu/libXinerama.so.1.0.0
7f0b33577000-7f0b33776000 ---p 00002000 08:01 4071864                    /usr/lib/x86_64-linux-gnu/libXinerama.so.1.0.0
7f0b33776000-7f0b33777000 r--p 00001000 08:01 4071864                    /usr/lib/x86_64-linux-gnu/libXinerama.so.1.0.0
7f0b33777000-7f0b33778000 rw-p 00002000 08:01 4071864                    /usr/lib/x86_64-linux-gnu/libXinerama.so.1.0.0
7f0b33778000-7f0b33781000 r-xp 00000000 08:01 4067519                    /usr/lib/x86_64-linux-gnu/libXrender.so.1.3.0
7f0b33781000-7f0b33980000 ---p 00009000 08:01 4067519                    /usr/lib/x86_64-linux-gnu/libXrender.so.1.3.0
7f0b33980000-7f0b33981000 r--p 00008000 08:01 4067519                    /usr/lib/x86_64-linux-gnu/libXrender.so.1.3.0
7f0b33981000-7f0b33982000 rw-p 00009000 08:01 4067519                    /usr/lib/x86_64-linux-gnu/libXrender.so.1.3.0
7f0b33982000-7f0b33a87000 r-xp 00000000 08:01 790526                     /lib/x86_64-linux-gnu/libm-2.19.so
7f0b33a87000-7f0b33c86000 ---p 00105000 08:01 790526                     /lib/x86_64-linux-gnu/libm-2.19.so
7f0b33c86000-7f0b33c87000 r--p 00104000 08:01 790526                     /lib/x86_64-linux-gnu/libm-2.19.so
7f0b33c87000-7f0b33c88000 rw-p 00105000 08:01 790526                     /lib/x86_64-linux-gnu/libm-2.19.so
7f0b33c88000-7f0b33cc2000 r-xp 00000000 08:01 4072133                    /usr/lib/x86_64-linux-gnu/libfontconfig.so.1.8.0
7f0b33cc2000-7f0b33ec1000 ---p 0003a000 08:01 4072133                    /usr/lib/x86_64-linux-gnu/libfontconfig.so.1.8.0
7f0b33ec1000-7f0b33ec3000 r--p 00039000 08:01 4072133                    /usr/lib/x86_64-linux-gnu/libfontconfig.so.1.8.0
7f0b33ec3000-7f0b33ec4000 rw-p 0003b000 08:01 4072133                    /usr/lib/x86_64-linux-gnu/libfontconfig.so.1.8.0
7f0b33ec4000-7f0b33f0e000 r-xp 00000000 08:01 4067537                    /usr/lib/x86_64-linux-gnu/libpango-1.0.so.0.3600.3
7f0b33f0e000-7f0b3410e000 ---p 0004a000 08:01 4067537                    /usr/lib/x86_64-linux-gnu/libpango-1.0.so.0.3600.3
7f0b3410e000-7f0b34110000 r--p 0004a000 08:01 4067537                    /usr/lib/x86_64-linux-gnu/libpango-1.0.so.0.3600.3
7f0b34110000-7f0b34111000 rw-p 0004c000 08:01 4067537                    /usr/lib/x86_64-linux-gnu/libpango-1.0.so.0.3600.3
7f0b34111000-7f0b34125000 r-xp 00000000 08:01 4067539                    /usr/lib/x86_64-linux-gnu/libpangoft2-1.0.so.0.3600.3
7f0b34125000-7f0b34324000 ---p 00014000 08:01 4067539                    /usr/lib/x86_64-linux-gnu/libpangoft2-1.0.so.0.3600.3
7f0b34324000-7f0b34325000 r--p 00013000 08:01 4067539                    /usr/lib/x86_64-linux-gnu/libpangoft2-1.0.so.0.3600.3
7f0b34325000-7f0b34326000 rw-p 00014000 08:01 4067539                    /usr/lib/x86_64-linux-gnu/libpangoft2-1.0.so.0.3600.3
7f0b34326000-7f0b34492000 r-xp 00000000 08:01 4063618                    /usr/lib/x86_64-linux-gnu/libgio-2.0.so.0.4002.0
7f0b34492000-7f0b34691000 ---p 0016c000 08:01 4063618                    /usr/lib/x86_64-linux-gnu/libgio-2.0.so.0.4002.0
7f0b34691000-7f0b34695000 r--p 0016b000 08:01 4063618                    /usr/lib/x86_64-linux-gnu/libgio-2.0.so.0.4002.0
7f0b34695000-7f0b34697000 rw-p 0016f000 08:01 4063618                    /usr/lib/x86_64-linux-gnu/libgio-2.0.so.0.4002.0
7f0b34697000-7f0b34699000 rw-p 00000000 00:00 0 
7f0b34699000-7f0b346b9000 r-xp 00000000 08:01 4067527                    /usr/lib/x86_64-linux-gnu/libgdk_pixbuf-2.0.so.0.3000.7
7f0b346b9000-7f0b348b8000 ---p 00020000 08:01 4067527                    /usr/lib/x86_64-linux-gnu/libgdk_pixbuf-2.0.so.0.3000.7
7f0b348b8000-7f0b348b9000 r--p 0001f000 08:01 4067527                    /usr/lib/x86_64-linux-gnu/libgdk_pixbuf-2.0.so.0.3000.7
7f0b348b9000-7f0b348ba000 rw-p 00020000 08:01 4067527                    /usr/lib/x86_64-linux-gnu/libgdk_pixbuf-2.0.so.0.3000.7
7f0b348ba000-7f0b349c0000 r-xp 00000000 08:01 4067521                    /usr/lib/x86_64-linux-gnu/libcairo.so.2.11301.0
7f0b349c0000-7f0b34bbf000 ---p 00106000 08:01 4067521                    /usr/lib/x86_64-linux-gnu/libcairo.so.2.11301.0
7f0b34bbf000-7f0b34bc2000 r--p 00105000 08:01 4067521                    /usr/lib/x86_64-linux-gnu/libcairo.so.2.11301.0
7f0b34bc2000-7f0b34bc3000 rw-p 00108000 08:01 4067521                    /usr/lib/x86_64-linux-gnu/libcairo.so.2.11301.0
7f0b34bc3000-7f0b34bc5000 rw-p 00000000 00:00 0 
7f0b34bc5000-7f0b34be4000 r-xp 00000000 08:01 4071933                    /usr/lib/x86_64-linux-gnu/libatk-1.0.so.0.21009.1
7f0b34be4000-7f0b34de4000 ---p 0001f000 08:01 4071933                    /usr/lib/x86_64-linux-gnu/libatk-1.0.so.0.21009.1
7f0b34de4000-7f0b34de6000 r--p 0001f000 08:01 4071933                    /usr/lib/x86_64-linux-gnu/libatk-1.0.so.0.21009.1
7f0b34de6000-7f0b34de7000 rw-p 00021000 08:01 4071933                    /usr/lib/x86_64-linux-gnu/libatk-1.0.so.0.21009.1
7f0b34de7000-7f0b34dec000 r-xp 00000000 08:01 4063711                    /usr/lib/x86_64-linux-gnu/libXfixes.so.3.1.0
7f0b34dec000-7f0b34feb000 ---p 00005000 08:01 4063711                    /usr/lib/x86_64-linux-gnu/libXfixes.so.3.1.0
7f0b34feb000-7f0b34fec000 r--p 00004000 08:01 4063711                    /usr/lib/x86_64-linux-gnu/libXfixes.so.3.1.0
7f0b34fec000-7f0b34fed000 rw-p 00005000 08:01 4063711                    /usr/lib/x86_64-linux-gnu/libXfixes.so.3.1.0
7f0b34fed000-7f0b3511d000 r-xp 00000000 08:01 4071837                    /usr/lib/x86_64-linux-gnu/libX11.so.6.3.0
7f0b3511d000-7f0b3531d000 ---p 00130000 08:01 4071837                    /usr/lib/x86_64-linux-gnu/libX11.so.6.3.0
7f0b3531d000-7f0b3531e000 r--p 00130000 08:01 4071837                    /usr/lib/x86_64-linux-gnu/libX11.so.6.3.0
7f0b3531e000-7f0b35322000 rw-p 00131000 08:01 4071837                    /usr/lib/x86_64-linux-gnu/libX11.so.6.3.0
7f0b35322000-7f0b3532d000 r-xp 00000000 08:01 4067535                    /usr/lib/x86_64-linux-gnu/libpangocairo-1.0.so.0.3600.3
7f0b3532d000-7f0b3552d000 ---p 0000b000 08:01 4067535                    /usr/lib/x86_64-linux-gnu/libpangocairo-1.0.so.0.3600.3
7f0b3552d000-7f0b3552e000 r--p 0000b000 08:01 4067535                    /usr/lib/x86_64-linux-gnu/libpangocairo-1.0.so.0.3600.3
7f0b3552e000-7f0b3552f000 rw-p 0000c000 08:01 4067535                    /usr/lib/x86_64-linux-gnu/libpangocairo-1.0.so.0.3600.3
7f0b3552f000-7f0b35532000 r-xp 00000000 08:01 4063596                    /usr/lib/x86_64-linux-gnu/libgmodule-2.0.so.0.4002.0
7f0b35532000-7f0b35731000 ---p 00003000 08:01 4063596                    /usr/lib/x86_64-linux-gnu/libgmodule-2.0.so.0.4002.0
7f0b35731000-7f0b35732000 r--p 00002000 08:01 4063596                    /usr/lib/x86_64-linux-gnu/libgmodule-2.0.so.0.4002.0
7f0b35732000-7f0b35733000 rw-p 00003000 08:01 4063596                    /usr/lib/x86_64-linux-gnu/libgmodule-2.0.so.0.4002.0
7f0b35733000-7f0b35839000 r-xp 00000000 08:01 787439                     /lib/x86_64-linux-gnu/libglib-2.0.so.0.4002.0
7f0b35839000-7f0b35a38000 ---p 00106000 08:01 787439                     /lib/x86_64-linux-gnu/libglib-2.0.so.0.4002.0
7f0b35a38000-7f0b35a39000 r--p 00105000 08:01 787439                     /lib/x86_64-linux-gnu/libglib-2.0.so.0.4002.0
7f0b35a39000-7f0b35a3a000 rw-p 00106000 08:01 787439                     /lib/x86_64-linux-gnu/libglib-2.0.so.0.4002.0
7f0b35a3a000-7f0b35a3b000 rw-p 00000000 00:00 0 
7f0b35a3b000-7f0b35a8a000 r-xp 00000000 08:01 4063614                    /usr/lib/x86_64-linux-gnu/libgobject-2.0.so.0.4002.0
7f0b35a8a000-7f0b35c8a000 ---p 0004f000 08:01 4063614                    /usr/lib/x86_64-linux-gnu/libgobject-2.0.so.0.4002.0
7f0b35c8a000-7f0b35c8b000 r--p 0004f000 08:01 4063614                    /usr/lib/x86_64-linux-gnu/libgobject-2.0.so.0.4002.0
7f0b35c8b000-7f0b35c8c000 rw-p 00050000 08:01 4063614                    /usr/lib/x86_64-linux-gnu/libgobject-2.0.so.0.4002.0
7f0b35c8c000-7f0b35d39000 r-xp 00000000 08:01 4067548                    /usr/lib/x86_64-linux-gnu/libgdk-x11-2.0.so.0.2400.23
7f0b35d39000-7f0b35f39000 ---p 000ad000 08:01 4067548                    /usr/lib/x86_64-linux-gnu/libgdk-x11-2.0.so.0.2400.23
7f0b35f39000-7f0b35f3d000 r--p 000ad000 08:01 4067548                    /usr/lib/x86_64-linux-gnu/libgdk-x11-2.0.so.0.2400.23
7f0b35f3d000-7f0b35f3f000 rw-p 000b1000 08:01 4067548                    /usr/lib/x86_64-linux-gnu/libgdk-x11-2.0.so.0.2400.23
7f0b35f3f000-7f0b3636f000 r-xp 00000000 08:01 4067549                    /usr/lib/x86_64-linux-gnu/libgtk-x11-2.0.so.0.2400.23
7f0b3636f000-7f0b3656e000 ---p 00430000 08:01 4067549                    /usr/lib/x86_64-linux-gnu/libgtk-x11-2.0.so.0.2400.23
7f0b3656e000-7f0b36575000 r--p 0042f000 08:01 4067549                    /usr/lib/x86_64-linux-gnu/libgtk-x11-2.0.so.0.2400.23
7f0b36575000-7f0b36579000 rw-p 00436000 08:01 4067549                    /usr/lib/x86_64-linux-gnu/libgtk-x11-2.0.so.0.2400.23
7f0b36579000-7f0b3657c000 rw-p 00000000 00:00 0 
7f0b3657c000-7f0b36738000 r-xp 00000000 08:01 790476                     /lib/x86_64-linux-gnu/libc-2.19.so
7f0b36738000-7f0b36937000 ---p 001bc000 08:01 790476                     /lib/x86_64-linux-gnu/libc-2.19.so
7f0b36937000-7f0b3693b000 r--p 001bb000 08:01 790476                     /lib/x86_64-linux-gnu/libc-2.19.so
7f0b3693b000-7f0b3693d000 rw-p 001bf000 08:01 790476                     /lib/x86_64-linux-gnu/libc-2.19.so
7f0b3693d000-7f0b36942000 rw-p 00000000 00:00 0 
7f0b36942000-7f0b36945000 r-xp 00000000 08:01 790493                     /lib/x86_64-linux-gnu/libdl-2.19.so
7f0b36945000-7f0b36b44000 ---p 00003000 08:01 790493                     /lib/x86_64-linux-gnu/libdl-2.19.so
7f0b36b44000-7f0b36b45000 r--p 00002000 08:01 790493                     /lib/x86_64-linux-gnu/libdl-2.19.so
7f0b36b45000-7f0b36b46000 rw-p 00003000 08:01 790493                     /lib/x86_64-linux-gnu/libdl-2.19.so
7f0b36b46000-7f0b36b5b000 r-xp 00000000 08:01 3805305                    /home/mysql1/installPage/jdk1.8.0_71/lib/amd64/jli/libjli.so
7f0b36b5b000-7f0b36d5b000 ---p 00015000 08:01 3805305                    /home/mysql1/installPage/jdk1.8.0_71/lib/amd64/jli/libjli.so
7f0b36d5b000-7f0b36d5c000 rw-p 00015000 08:01 3805305                    /home/mysql1/installPage/jdk1.8.0_71/lib/amd64/jli/libjli.so
7f0b36d5c000-7f0b36d75000 r-xp 00000000 08:01 790596                     /lib/x86_64-linux-gnu/libpthread-2.19.so
7f0b36d75000-7f0b36f74000 ---p 00019000 08:01 790596                     /lib/x86_64-linux-gnu/libpthread-2.19.so
7f0b36f74000-7f0b36f75000 r--p 00018000 08:01 790596                     /lib/x86_64-linux-gnu/libpthread-2.19.so
7f0b36f75000-7f0b36f76000 rw-p 00019000 08:01 790596                     /lib/x86_64-linux-gnu/libpthread-2.19.so
7f0b36f76000-7f0b36f7a000 rw-p 00000000 00:00 0 
7f0b36f7a000-7f0b36f7b000 r-xp 00000000 08:01 1310792                    /opt/sublime_text/libsublime-imfix.so
7f0b36f7b000-7f0b3717a000 ---p 00001000 08:01 1310792                    /opt/sublime_text/libsublime-imfix.so
7f0b3717a000-7f0b3717b000 r--p 00000000 08:01 1310792                    /opt/sublime_text/libsublime-imfix.so
7f0b3717b000-7f0b3717c000 rw-p 00001000 08:01 1310792                    /opt/sublime_text/libsublime-imfix.so
7f0b3717c000-7f0b3719f000 r-xp 00000000 08:01 790452                     /lib/x86_64-linux-gnu/ld-2.19.so
7f0b3726f000-7f0b37272000 ---p 00000000 00:00 0 
7f0b37272000-7f0b37386000 rw-p 00000000 00:00 0                          [stack:10826]
7f0b3738f000-7f0b37392000 rw-p 00000000 00:00 0 
7f0b37392000-7f0b3739a000 rw-s 00000000 08:01 3802117                    /tmp/hsperfdata_root/10805
7f0b3739a000-7f0b3739b000 rw-p 00000000 00:00 0 
7f0b3739b000-7f0b3739c000 r--p 00000000 00:00 0 
7f0b3739c000-7f0b3739e000 rw-p 00000000 00:00 0 
7f0b3739e000-7f0b3739f000 r--p 00022000 08:01 790452                     /lib/x86_64-linux-gnu/ld-2.19.so
7f0b3739f000-7f0b373a0000 rw-p 00023000 08:01 790452                     /lib/x86_64-linux-gnu/ld-2.19.so
7f0b373a0000-7f0b373a1000 rw-p 00000000 00:00 0 
7fff7f375000-7fff7f396000 rw-p 00000000 00:00 0                          [stack]
7fff7f3fe000-7fff7f400000 r-xp 00000000 00:00 0                          [vdso]
ffffffffff600000-ffffffffff601000 r-xp 00000000 00:00 0                  [vsyscall]

VM Arguments:
jvm_args: -Xms2g -Xmx2g 
java_command: org.apache.spark.deploy.SparkSubmit pyspark-shell
java_class_path (initial): /home/mysql1/spark/conf/:/home/mysql1/spark/lib/spark-assembly-1.6.2-hadoop2.6.0.jar:/home/mysql1/spark/lib/datanucleus-rdbms-3.2.9.jar:/home/mysql1/spark/lib/datanucleus-api-jdo-3.2.6.jar:/home/mysql1/spark/lib/datanucleus-core-3.2.10.jar:/home/mysql1/hadoop/etc/hadoop/
Launcher Type: SUN_STANDARD

Environment Variables:
JAVA_HOME=/home/mysql1/installPage/jdk1.8.0_71
PATH=/usr/local/sbin:/usr/local/bin:/usr/sbin:/usr/bin:/sbin:/bin:/usr/games:/usr/local/games:/home/mysql1/spark/bin:/home/mysql1/hadoop/bin:/home/mysql1/installPage/jdk1.8.0_71/bin:/home/mysql1/hadoop/sbin:/home/mysql1/hive/bin:/home/mysql1/installPage/scala-2.11.8/bin:/home/mysql1/spark/python:/home/mysql1/spark/python/pyspark:/home/mysql1/spark/python/lib/py4j:/home/mysql1/spark/python:/home/mysql1/spark/bin:/home/mysql1/hadoop/bin:/home/mysql1/installPage/jdk1.8.0_71/bin:/home/mysql1/hadoop/sbin:/home/mysql1/hive/bin:/home/mysql1/installPage/scala-2.11.8/bin:/home/mysql1/spark/python:/home/mysql1/spark/python/pyspark:/home/mysql1/spark/python/lib/py4j:/home/mysql1/spark/bin:/home/mysql1/hadoop/bin:/home/mysql1/installPage/jdk1.8.0_71/bin:/home/mysql1/hadoop/sbin:/home/mysql1/hive/bin:/home/mysql1/installPage/scala-2.11.8/bin:/home/mysql1/spark/python:/home/mysql1/spark/python/pyspark:/home/mysql1/spark/python/lib/py4j
USERNAME=root
LD_PRELOAD=/opt/sublime_text/libsublime-imfix.so
SHELL=/bin/bash
DISPLAY=:0

Signal Handlers:
SIGSEGV: [libjvm.so+0xabafa0], sa_mask[0]=11111111011111111101111111111110, sa_flags=SA_RESTART|SA_SIGINFO
SIGBUS: [libjvm.so+0xabafa0], sa_mask[0]=11111111011111111101111111111110, sa_flags=SA_RESTART|SA_SIGINFO
SIGFPE: [libjvm.so+0x9183c0], sa_mask[0]=11111111011111111101111111111110, sa_flags=SA_RESTART|SA_SIGINFO
SIGPIPE: [libjvm.so+0x9183c0], sa_mask[0]=11111111011111111101111111111110, sa_flags=SA_RESTART|SA_SIGINFO
SIGXFSZ: [libjvm.so+0x9183c0], sa_mask[0]=11111111011111111101111111111110, sa_flags=SA_RESTART|SA_SIGINFO
SIGILL: [libjvm.so+0x9183c0], sa_mask[0]=11111111011111111101111111111110, sa_flags=SA_RESTART|SA_SIGINFO
SIGUSR1: SIG_DFL, sa_mask[0]=00000000000000000000000000000000, sa_flags=none
SIGUSR2: [libjvm.so+0x9199f0], sa_mask[0]=00000000000000000000000000000000, sa_flags=SA_RESTART|SA_SIGINFO
SIGHUP: SIG_DFL, sa_mask[0]=00000000000000000000000000000000, sa_flags=none
SIGINT: SIG_IGN, sa_mask[0]=00000000000000000000000000000000, sa_flags=none
SIGTERM: SIG_DFL, sa_mask[0]=00000000000000000000000000000000, sa_flags=none
SIGQUIT: SIG_DFL, sa_mask[0]=00000000000000000000000000000000, sa_flags=none


---------------  S Y S T E M  ---------------

OS:DISTRIB_ID=Ubuntu
DISTRIB_RELEASE=14.04
DISTRIB_CODENAME=trusty
DISTRIB_DESCRIPTION="Ubuntu 14.04.1 LTS"

uname:Linux 3.13.0-32-generic #57-Ubuntu SMP Tue Jul 15 03:51:08 UTC 2014 x86_64
libc:glibc 2.19 NPTL 2.19 
rlimit: STACK 8192k, CORE 0k, NPROC 31343, NOFILE 4096, AS infinity
load average:1.52 0.80 0.36

/proc/meminfo:
MemTotal:        4033512 kB
MemFree:          150588 kB
Buffers:            4324 kB
Cached:           201680 kB
SwapCached:       117672 kB
Active:          2443484 kB
Inactive:        1032320 kB
Active(anon):    2355124 kB
Inactive(anon):   958908 kB
Active(file):      88360 kB
Inactive(file):    73412 kB
Unevictable:          32 kB
Mlocked:              32 kB
SwapTotal:       1046524 kB
SwapFree:         543412 kB
Dirty:               388 kB
Writeback:             0 kB
AnonPages:       3158020 kB
Mapped:           107248 kB
Shmem:             44184 kB
Slab:             108888 kB
SReclaimable:      62372 kB
SUnreclaim:        46516 kB
KernelStack:        8120 kB
PageTables:        37580 kB
NFS_Unstable:          0 kB
Bounce:                0 kB
WritebackTmp:          0 kB
CommitLimit:     3063280 kB
Committed_AS:    9600096 kB
VmallocTotal:   34359738367 kB
VmallocUsed:      174536 kB
VmallocChunk:   34359503700 kB
HardwareCorrupted:     0 kB
AnonHugePages:   1867776 kB
HugePages_Total:       0
HugePages_Free:        0
HugePages_Rsvd:        0
HugePages_Surp:        0
Hugepagesize:       2048 kB
DirectMap4k:       59200 kB
DirectMap2M:     3086336 kB
DirectMap1G:     3145728 kB


CPU:total 2 (2 cores per cpu, 1 threads per core) family 6 model 60 stepping 3, cmov, cx8, fxsr, mmx, sse, sse2, sse3, ssse3, sse4.1, sse4.2, popcnt, avx, avx2, aes, clmul, erms, lzcnt, tsc, tscinvbit, bmi1, bmi2

/proc/cpuinfo:
processor	: 0
vendor_id	: GenuineIntel
cpu family	: 6
model		: 60
model name	: Intel(R) Core(TM) i3-4130 CPU @ 3.40GHz
stepping	: 3
microcode	: 0x1e
cpu MHz		: 3400.000
cache size	: 3072 KB
physical id	: 0
siblings	: 2
core id		: 0
cpu cores	: 2
apicid		: 0
initial apicid	: 0
fpu		: yes
fpu_exception	: yes
cpuid level	: 13
wp		: yes
flags		: fpu vme de pse tsc msr pae mce cx8 apic sep mtrr pge mca cmov pat pse36 clflush dts mmx fxsr sse sse2 ss ht syscall nx pdpe1gb rdtscp lm constant_tsc arch_perfmon pebs bts nopl xtopology tsc_reliable nonstop_tsc aperfmperf eagerfpu pni pclmulqdq ssse3 fma cx16 pcid sse4_1 sse4_2 x2apic movbe popcnt tsc_deadline_timer aes xsave avx f16c rdrand hypervisor lahf_lm abm arat xsaveopt pln pts dtherm fsgsbase tsc_adjust bmi1 avx2 smep bmi2 invpcid
bogomips	: 6800.00
clflush size	: 64
cache_alignment	: 64
address sizes	: 42 bits physical, 48 bits virtual
power management:

processor	: 1
vendor_id	: GenuineIntel
cpu family	: 6
model		: 60
model name	: Intel(R) Core(TM) i3-4130 CPU @ 3.40GHz
stepping	: 3
microcode	: 0x1e
cpu MHz		: 3400.000
cache size	: 3072 KB
physical id	: 0
siblings	: 2
core id		: 1
cpu cores	: 2
apicid		: 1
initial apicid	: 1
fpu		: yes
fpu_exception	: yes
cpuid level	: 13
wp		: yes
flags		: fpu vme de pse tsc msr pae mce cx8 apic sep mtrr pge mca cmov pat pse36 clflush dts mmx fxsr sse sse2 ss ht syscall nx pdpe1gb rdtscp lm constant_tsc arch_perfmon pebs bts nopl xtopology tsc_reliable nonstop_tsc aperfmperf eagerfpu pni pclmulqdq ssse3 fma cx16 pcid sse4_1 sse4_2 x2apic movbe popcnt tsc_deadline_timer aes xsave avx f16c rdrand hypervisor lahf_lm abm arat xsaveopt pln pts dtherm fsgsbase tsc_adjust bmi1 avx2 smep bmi2 invpcid
bogomips	: 6800.00
clflush size	: 64
cache_alignment	: 64
address sizes	: 42 bits physical, 48 bits virtual
power management:



Memory: 4k page, physical 4033512k(150588k free), swap 1046524k(543412k free)

vm_info: Java HotSpot(TM) 64-Bit Server VM (25.71-b15) for linux-amd64 JRE (1.8.0_71-b15), built on Dec 22 2015 18:21:33 by "java_re" with gcc 4.3.0 20080428 (Red Hat 4.3.0-8)

time: Tue Aug  2 09:19:12 2016
elapsed time: 0 seconds (0d 0h 0m 0s)

