#
# There is insufficient memory for the Java Runtime Environment to continue.
# Native memory allocation (mmap) failed to map 1431830528 bytes for committing reserved memory.
# Possible reasons:
#   The system is out of physical RAM or swap space
#   In 32 bit mode, the process size limit was hit
# Possible solutions:
#   Reduce memory load on the system
#   Increase physical memory or swap space
#   Check if swap backing store is full
#   Use 64 bit Java on a 64 bit OS
#   Decrease Java heap size (-Xmx/-Xms)
#   Decrease number of Java threads
#   Decrease Java thread stack sizes (-Xss)
#   Set larger code cache with -XX:ReservedCodeCacheSize=
# This output file may be truncated or incomplete.
#
#  Out of Memory Error (os_linux.cpp:2627), pid=10894, tid=139641492190976
#
# JRE version:  (8.0_71-b15) (build )
# Java VM: Java HotSpot(TM) 64-Bit Server VM (25.71-b15 mixed mode linux-amd64 compressed oops)
# Failed to write core dump. Core dumps have been disabled. To enable core dumping, try "ulimit -c unlimited" before starting Java again
#

---------------  T H R E A D  ---------------

Current thread (0x00007f00c4009800):  JavaThread "Unknown thread" [_thread_in_vm, id=10915, stack(0x00007f00d179b000,0x00007f00d189c000)]

Stack: [0x00007f00d179b000,0x00007f00d189c000],  sp=0x00007f00d189a0f0,  free space=1020k
Native frames: (J=compiled Java code, j=interpreted, Vv=VM code, C=native code)
V  [libjvm.so+0xaba71a]  VMError::report_and_die()+0x2ba
V  [libjvm.so+0x4f9ecb]  report_vm_out_of_memory(char const*, int, unsigned long, VMErrorType, char const*)+0x8b
V  [libjvm.so+0x91b553]  os::Linux::commit_memory_impl(char*, unsigned long, bool)+0x103
V  [libjvm.so+0x91baa9]  os::pd_commit_memory(char*, unsigned long, unsigned long, bool)+0x29
V  [libjvm.so+0x915dba]  os::commit_memory(char*, unsigned long, unsigned long, bool)+0x2a
V  [libjvm.so+0x989463]  PSVirtualSpace::expand_by(unsigned long)+0x53
V  [libjvm.so+0x9795a7]  PSOldGen::initialize(ReservedSpace, unsigned long, char const*, int)+0xb7
V  [libjvm.so+0x2d827a]  AdjoiningGenerations::AdjoiningGenerations(ReservedSpace, GenerationSizer*, unsigned long)+0x39a
V  [libjvm.so+0x93e876]  ParallelScavengeHeap::initialize()+0x1d6
V  [libjvm.so+0xa82f4b]  Universe::initialize_heap()+0xfb
V  [libjvm.so+0xa832be]  universe_init()+0x3e
V  [libjvm.so+0x639305]  init_globals()+0x65
V  [libjvm.so+0xa674be]  Threads::create_vm(JavaVMInitArgs*, bool*)+0x23e
V  [libjvm.so+0x6cd824]  JNI_CreateJavaVM+0x74
C  [libjli.so+0x745e]  JavaMain+0x9e
C  [libpthread.so.0+0x8182]  start_thread+0xc2


---------------  P R O C E S S  ---------------

Java Threads: ( => current thread )

Other Threads:

=>0x00007f00c4009800 (exited) JavaThread "Unknown thread" [_thread_in_vm, id=10915, stack(0x00007f00d179b000,0x00007f00d189c000)]

VM state:not at safepoint (not fully initialized)

VM Mutex/Monitor currently owned by a thread: None

GC Heap History (0 events):
No events

Deoptimization events (0 events):
No events

Internal exceptions (0 events):
No events

Events (0 events):
No events


Dynamic libraries:
00400000-00401000 r-xp 00000000 08:01 3806047                            /home/mysql1/installPage/jdk1.8.0_71/bin/java
00600000-00601000 rw-p 00000000 08:01 3806047                            /home/mysql1/installPage/jdk1.8.0_71/bin/java
01fde000-01fff000 rw-p 00000000 00:00 0                                  [heap]
d5580000-100000000 rw-p 00000000 00:00 0 
7f00b4bff000-7f00b4ea9000 ---p 00000000 00:00 0 
7f00b4ea9000-7f00b5000000 rw-p 00000000 00:00 0 
7f00b5000000-7f00b5270000 rwxp 00000000 00:00 0 
7f00b5270000-7f00c4000000 ---p 00000000 00:00 0 
7f00c4000000-7f00c4032000 rw-p 00000000 00:00 0 
7f00c4032000-7f00c8000000 ---p 00000000 00:00 0 
7f00c80b8000-7f00c8347000 rw-p 00000000 00:00 0 
7f00c8347000-7f00c86fd000 ---p 00000000 00:00 0 
7f00c86fd000-7f00c8717000 r-xp 00000000 08:01 3806435                    /home/mysql1/installPage/jdk1.8.0_71/jre/lib/amd64/libzip.so
7f00c8717000-7f00c8917000 ---p 0001a000 08:01 3806435                    /home/mysql1/installPage/jdk1.8.0_71/jre/lib/amd64/libzip.so
7f00c8917000-7f00c8918000 rw-p 0001a000 08:01 3806435                    /home/mysql1/installPage/jdk1.8.0_71/jre/lib/amd64/libzip.so
7f00c8918000-7f00c8923000 r-xp 00000000 08:01 790551                     /lib/x86_64-linux-gnu/libnss_files-2.19.so
7f00c8923000-7f00c8b22000 ---p 0000b000 08:01 790551                     /lib/x86_64-linux-gnu/libnss_files-2.19.so
7f00c8b22000-7f00c8b23000 r--p 0000a000 08:01 790551                     /lib/x86_64-linux-gnu/libnss_files-2.19.so
7f00c8b23000-7f00c8b24000 rw-p 0000b000 08:01 790551                     /lib/x86_64-linux-gnu/libnss_files-2.19.so
7f00c8b24000-7f00c8b2f000 r-xp 00000000 08:01 790561                     /lib/x86_64-linux-gnu/libnss_nis-2.19.so
7f00c8b2f000-7f00c8d2e000 ---p 0000b000 08:01 790561                     /lib/x86_64-linux-gnu/libnss_nis-2.19.so
7f00c8d2e000-7f00c8d2f000 r--p 0000a000 08:01 790561                     /lib/x86_64-linux-gnu/libnss_nis-2.19.so
7f00c8d2f000-7f00c8d30000 rw-p 0000b000 08:01 790561                     /lib/x86_64-linux-gnu/libnss_nis-2.19.so
7f00c8d30000-7f00c8d47000 r-xp 00000000 08:01 790545                     /lib/x86_64-linux-gnu/libnsl-2.19.so
7f00c8d47000-7f00c8f46000 ---p 00017000 08:01 790545                     /lib/x86_64-linux-gnu/libnsl-2.19.so
7f00c8f46000-7f00c8f47000 r--p 00016000 08:01 790545                     /lib/x86_64-linux-gnu/libnsl-2.19.so
7f00c8f47000-7f00c8f48000 rw-p 00017000 08:01 790545                     /lib/x86_64-linux-gnu/libnsl-2.19.so
7f00c8f48000-7f00c8f4a000 rw-p 00000000 00:00 0 
7f00c8f4a000-7f00c8f53000 r-xp 00000000 08:01 790547                     /lib/x86_64-linux-gnu/libnss_compat-2.19.so
7f00c8f53000-7f00c9152000 ---p 00009000 08:01 790547                     /lib/x86_64-linux-gnu/libnss_compat-2.19.so
7f00c9152000-7f00c9153000 r--p 00008000 08:01 790547                     /lib/x86_64-linux-gnu/libnss_compat-2.19.so
7f00c9153000-7f00c9154000 rw-p 00009000 08:01 790547                     /lib/x86_64-linux-gnu/libnss_compat-2.19.so
7f00c9154000-7f00c917e000 r-xp 00000000 08:01 3806422                    /home/mysql1/installPage/jdk1.8.0_71/jre/lib/amd64/libjava.so
7f00c917e000-7f00c937e000 ---p 0002a000 08:01 3806422                    /home/mysql1/installPage/jdk1.8.0_71/jre/lib/amd64/libjava.so
7f00c937e000-7f00c9380000 rw-p 0002a000 08:01 3806422                    /home/mysql1/installPage/jdk1.8.0_71/jre/lib/amd64/libjava.so
7f00c9380000-7f00c938d000 r-xp 00000000 08:01 3806412                    /home/mysql1/installPage/jdk1.8.0_71/jre/lib/amd64/libverify.so
7f00c938d000-7f00c958d000 ---p 0000d000 08:01 3806412                    /home/mysql1/installPage/jdk1.8.0_71/jre/lib/amd64/libverify.so
7f00c958d000-7f00c958f000 rw-p 0000d000 08:01 3806412                    /home/mysql1/installPage/jdk1.8.0_71/jre/lib/amd64/libverify.so
7f00c958f000-7f00ca24e000 r-xp 00000000 08:01 3806428                    /home/mysql1/installPage/jdk1.8.0_71/jre/lib/amd64/server/libjvm.so
7f00ca24e000-7f00ca44d000 ---p 00cbf000 08:01 3806428                    /home/mysql1/installPage/jdk1.8.0_71/jre/lib/amd64/server/libjvm.so
7f00ca44d000-7f00ca526000 rw-p 00cbe000 08:01 3806428                    /home/mysql1/installPage/jdk1.8.0_71/jre/lib/amd64/server/libjvm.so
7f00ca526000-7f00ca56f000 rw-p 00000000 00:00 0 
7f00ca56f000-7f00ca575000 r-xp 00000000 08:01 4072044                    /usr/lib/x86_64-linux-gnu/libdatrie.so.1.3.1
7f00ca575000-7f00ca774000 ---p 00006000 08:01 4072044                    /usr/lib/x86_64-linux-gnu/libdatrie.so.1.3.1
7f00ca774000-7f00ca775000 r--p 00005000 08:01 4072044                    /usr/lib/x86_64-linux-gnu/libdatrie.so.1.3.1
7f00ca775000-7f00ca776000 rw-p 00006000 08:01 4072044                    /usr/lib/x86_64-linux-gnu/libdatrie.so.1.3.1
7f00ca776000-7f00ca790000 r-xp 00000000 08:01 4072270                    /usr/lib/x86_64-linux-gnu/libgraphite2.so.3.0.1
7f00ca790000-7f00ca98f000 ---p 0001a000 08:01 4072270                    /usr/lib/x86_64-linux-gnu/libgraphite2.so.3.0.1
7f00ca98f000-7f00ca991000 r--p 00019000 08:01 4072270                    /usr/lib/x86_64-linux-gnu/libgraphite2.so.3.0.1
7f00ca991000-7f00ca992000 rw-p 0001b000 08:01 4072270                    /usr/lib/x86_64-linux-gnu/libgraphite2.so.3.0.1
7f00ca992000-7f00ca997000 r-xp 00000000 08:01 4071852                    /usr/lib/x86_64-linux-gnu/libXdmcp.so.6.0.0
7f00ca997000-7f00cab96000 ---p 00005000 08:01 4071852                    /usr/lib/x86_64-linux-gnu/libXdmcp.so.6.0.0
7f00cab96000-7f00cab97000 r--p 00004000 08:01 4071852                    /usr/lib/x86_64-linux-gnu/libXdmcp.so.6.0.0
7f00cab97000-7f00cab98000 rw-p 00005000 08:01 4071852                    /usr/lib/x86_64-linux-gnu/libXdmcp.so.6.0.0
7f00cab98000-7f00cab9a000 r-xp 00000000 08:01 4071841                    /usr/lib/x86_64-linux-gnu/libXau.so.6.0.0
7f00cab9a000-7f00cad9a000 ---p 00002000 08:01 4071841                    /usr/lib/x86_64-linux-gnu/libXau.so.6.0.0
7f00cad9a000-7f00cad9b000 r--p 00002000 08:01 4071841                    /usr/lib/x86_64-linux-gnu/libXau.so.6.0.0
7f00cad9b000-7f00cad9c000 rw-p 00003000 08:01 4071841                    /usr/lib/x86_64-linux-gnu/libXau.so.6.0.0
7f00cad9c000-7f00cadc3000 r-xp 00000000 08:01 787434                     /lib/x86_64-linux-gnu/libexpat.so.1.6.0
7f00cadc3000-7f00cafc3000 ---p 00027000 08:01 787434                     /lib/x86_64-linux-gnu/libexpat.so.1.6.0
7f00cafc3000-7f00cafc5000 r--p 00027000 08:01 787434                     /lib/x86_64-linux-gnu/libexpat.so.1.6.0
7f00cafc5000-7f00cafc6000 rw-p 00029000 08:01 787434                     /lib/x86_64-linux-gnu/libexpat.so.1.6.0
7f00cafc6000-7f00cafce000 r-xp 00000000 08:01 4072769                    /usr/lib/x86_64-linux-gnu/libthai.so.0.2.0
7f00cafce000-7f00cb1cd000 ---p 00008000 08:01 4072769                    /usr/lib/x86_64-linux-gnu/libthai.so.0.2.0
7f00cb1cd000-7f00cb1ce000 r--p 00007000 08:01 4072769                    /usr/lib/x86_64-linux-gnu/libthai.so.0.2.0
7f00cb1ce000-7f00cb1cf000 rw-p 00008000 08:01 4072769                    /usr/lib/x86_64-linux-gnu/libthai.so.0.2.0
7f00cb1cf000-7f00cb222000 r-xp 00000000 08:01 4067530                    /usr/lib/x86_64-linux-gnu/libharfbuzz.so.0.927.0
7f00cb222000-7f00cb422000 ---p 00053000 08:01 4067530                    /usr/lib/x86_64-linux-gnu/libharfbuzz.so.0.927.0
7f00cb422000-7f00cb423000 r--p 00053000 08:01 4067530                    /usr/lib/x86_64-linux-gnu/libharfbuzz.so.0.927.0
7f00cb423000-7f00cb424000 rw-p 00054000 08:01 4067530                    /usr/lib/x86_64-linux-gnu/libharfbuzz.so.0.927.0
7f00cb424000-7f00cb43b000 r-xp 00000000 08:01 790602                     /lib/x86_64-linux-gnu/libresolv-2.19.so
7f00cb43b000-7f00cb63b000 ---p 00017000 08:01 790602                     /lib/x86_64-linux-gnu/libresolv-2.19.so
7f00cb63b000-7f00cb63c000 r--p 00017000 08:01 790602                     /lib/x86_64-linux-gnu/libresolv-2.19.so
7f00cb63c000-7f00cb63d000 rw-p 00018000 08:01 790602                     /lib/x86_64-linux-gnu/libresolv-2.19.so
7f00cb63d000-7f00cb63f000 rw-p 00000000 00:00 0 
7f00cb63f000-7f00cb65f000 r-xp 00000000 08:01 790606                     /lib/x86_64-linux-gnu/libselinux.so.1
7f00cb65f000-7f00cb85e000 ---p 00020000 08:01 790606                     /lib/x86_64-linux-gnu/libselinux.so.1
7f00cb85e000-7f00cb85f000 r--p 0001f000 08:01 790606                     /lib/x86_64-linux-gnu/libselinux.so.1
7f00cb85f000-7f00cb860000 rw-p 00020000 08:01 790606                     /lib/x86_64-linux-gnu/libselinux.so.1
7f00cb860000-7f00cb862000 rw-p 00000000 00:00 0 
7f00cb862000-7f00cb869000 r-xp 00000000 08:01 790604                     /lib/x86_64-linux-gnu/librt-2.19.so
7f00cb869000-7f00cba68000 ---p 00007000 08:01 790604                     /lib/x86_64-linux-gnu/librt-2.19.so
7f00cba68000-7f00cba69000 r--p 00006000 08:01 790604                     /lib/x86_64-linux-gnu/librt-2.19.so
7f00cba69000-7f00cba6a000 rw-p 00007000 08:01 790604                     /lib/x86_64-linux-gnu/librt-2.19.so
7f00cba6a000-7f00cba82000 r-xp 00000000 08:01 790639                     /lib/x86_64-linux-gnu/libz.so.1.2.8
7f00cba82000-7f00cbc81000 ---p 00018000 08:01 790639                     /lib/x86_64-linux-gnu/libz.so.1.2.8
7f00cbc81000-7f00cbc82000 r--p 00017000 08:01 790639                     /lib/x86_64-linux-gnu/libz.so.1.2.8
7f00cbc82000-7f00cbc83000 rw-p 00018000 08:01 790639                     /lib/x86_64-linux-gnu/libz.so.1.2.8
7f00cbc83000-7f00cbc8b000 r-xp 00000000 08:01 4072897                    /usr/lib/x86_64-linux-gnu/libxcb-render.so.0.0.0
7f00cbc8b000-7f00cbe8a000 ---p 00008000 08:01 4072897                    /usr/lib/x86_64-linux-gnu/libxcb-render.so.0.0.0
7f00cbe8a000-7f00cbe8b000 r--p 00007000 08:01 4072897                    /usr/lib/x86_64-linux-gnu/libxcb-render.so.0.0.0
7f00cbe8b000-7f00cbe8c000 rw-p 00008000 08:01 4072897                    /usr/lib/x86_64-linux-gnu/libxcb-render.so.0.0.0
7f00cbe8c000-7f00cbe8e000 r-xp 00000000 08:01 4072901                    /usr/lib/x86_64-linux-gnu/libxcb-shm.so.0.0.0
7f00cbe8e000-7f00cc08d000 ---p 00002000 08:01 4072901                    /usr/lib/x86_64-linux-gnu/libxcb-shm.so.0.0.0
7f00cc08d000-7f00cc08e000 r--p 00001000 08:01 4072901                    /usr/lib/x86_64-linux-gnu/libxcb-shm.so.0.0.0
7f00cc08e000-7f00cc08f000 rw-p 00002000 08:01 4072901                    /usr/lib/x86_64-linux-gnu/libxcb-shm.so.0.0.0
7f00cc08f000-7f00cc0b4000 r-xp 00000000 08:01 787437                     /lib/x86_64-linux-gnu/libpng12.so.0.50.0
7f00cc0b4000-7f00cc2b3000 ---p 00025000 08:01 787437                     /lib/x86_64-linux-gnu/libpng12.so.0.50.0
7f00cc2b3000-7f00cc2b4000 r--p 00024000 08:01 787437                     /lib/x86_64-linux-gnu/libpng12.so.0.50.0
7f00cc2b4000-7f00cc2b5000 rw-p 00025000 08:01 787437                     /lib/x86_64-linux-gnu/libpng12.so.0.50.0
7f00cc2b5000-7f00cc355000 r-xp 00000000 08:01 4067515                    /usr/lib/x86_64-linux-gnu/libpixman-1.so.0.30.2
7f00cc355000-7f00cc555000 ---p 000a0000 08:01 4067515                    /usr/lib/x86_64-linux-gnu/libpixman-1.so.0.30.2
7f00cc555000-7f00cc55c000 r--p 000a0000 08:01 4067515                    /usr/lib/x86_64-linux-gnu/libpixman-1.so.0.30.2
7f00cc55c000-7f00cc55d000 rw-p 000a7000 08:01 4067515                    /usr/lib/x86_64-linux-gnu/libpixman-1.so.0.30.2
7f00cc55d000-7f00cc57a000 r-xp 00000000 08:01 4072911                    /usr/lib/x86_64-linux-gnu/libxcb.so.1.1.0
7f00cc57a000-7f00cc77a000 ---p 0001d000 08:01 4072911                    /usr/lib/x86_64-linux-gnu/libxcb.so.1.1.0
7f00cc77a000-7f00cc77b000 r--p 0001d000 08:01 4072911                    /usr/lib/x86_64-linux-gnu/libxcb.so.1.1.0
7f00cc77b000-7f00cc77c000 rw-p 0001e000 08:01 4072911                    /usr/lib/x86_64-linux-gnu/libxcb.so.1.1.0
7f00cc77c000-7f00cc819000 r-xp 00000000 08:01 4067512                    /usr/lib/x86_64-linux-gnu/libfreetype.so.6.11.1
7f00cc819000-7f00cca18000 ---p 0009d000 08:01 4067512                    /usr/lib/x86_64-linux-gnu/libfreetype.so.6.11.1
7f00cca18000-7f00cca1e000 r--p 0009c000 08:01 4067512                    /usr/lib/x86_64-linux-gnu/libfreetype.so.6.11.1
7f00cca1e000-7f00cca1f000 rw-p 000a2000 08:01 4067512                    /usr/lib/x86_64-linux-gnu/libfreetype.so.6.11.1
7f00cca1f000-7f00cca5c000 r-xp 00000000 08:01 786523                     /lib/x86_64-linux-gnu/libpcre.so.3.13.1
7f00cca5c000-7f00ccc5b000 ---p 0003d000 08:01 786523                     /lib/x86_64-linux-gnu/libpcre.so.3.13.1
7f00ccc5b000-7f00ccc5c000 r--p 0003c000 08:01 786523                     /lib/x86_64-linux-gnu/libpcre.so.3.13.1
7f00ccc5c000-7f00ccc5d000 rw-p 0003d000 08:01 786523                     /lib/x86_64-linux-gnu/libpcre.so.3.13.1
7f00ccc5d000-7f00ccc64000 r-xp 00000000 08:01 4072119                    /usr/lib/x86_64-linux-gnu/libffi.so.6.0.1
7f00ccc64000-7f00cce63000 ---p 00007000 08:01 4072119                    /usr/lib/x86_64-linux-gnu/libffi.so.6.0.1
7f00cce63000-7f00cce64000 r--p 00006000 08:01 4072119                    /usr/lib/x86_64-linux-gnu/libffi.so.6.0.1
7f00cce64000-7f00cce65000 rw-p 00007000 08:01 4072119                    /usr/lib/x86_64-linux-gnu/libffi.so.6.0.1
7f00cce65000-7f00cce76000 r-xp 00000000 08:01 4063687                    /usr/lib/x86_64-linux-gnu/libXext.so.6.4.0
7f00cce76000-7f00cd075000 ---p 00011000 08:01 4063687                    /usr/lib/x86_64-linux-gnu/libXext.so.6.4.0
7f00cd075000-7f00cd076000 r--p 00010000 08:01 4063687                    /usr/lib/x86_64-linux-gnu/libXext.so.6.4.0
7f00cd076000-7f00cd077000 rw-p 00011000 08:01 4063687                    /usr/lib/x86_64-linux-gnu/libXext.so.6.4.0
7f00cd077000-7f00cd079000 r-xp 00000000 08:01 4071850                    /usr/lib/x86_64-linux-gnu/libXdamage.so.1.1.0
7f00cd079000-7f00cd278000 ---p 00002000 08:01 4071850                    /usr/lib/x86_64-linux-gnu/libXdamage.so.1.1.0
7f00cd278000-7f00cd279000 r--p 00001000 08:01 4071850                    /usr/lib/x86_64-linux-gnu/libXdamage.so.1.1.0
7f00cd279000-7f00cd27a000 rw-p 00002000 08:01 4071850                    /usr/lib/x86_64-linux-gnu/libXdamage.so.1.1.0
7f00cd27a000-7f00cd27c000 r-xp 00000000 08:01 4071846                    /usr/lib/x86_64-linux-gnu/libXcomposite.so.1.0.0
7f00cd27c000-7f00cd47b000 ---p 00002000 08:01 4071846                    /usr/lib/x86_64-linux-gnu/libXcomposite.so.1.0.0
7f00cd47b000-7f00cd47c000 r--p 00001000 08:01 4071846                    /usr/lib/x86_64-linux-gnu/libXcomposite.so.1.0.0
7f00cd47c000-7f00cd47d000 rw-p 00002000 08:01 4071846                    /usr/lib/x86_64-linux-gnu/libXcomposite.so.1.0.0
7f00cd47d000-7f00cd486000 r-xp 00000000 08:01 4071848                    /usr/lib/x86_64-linux-gnu/libXcursor.so.1.0.2
7f00cd486000-7f00cd685000 ---p 00009000 08:01 4071848                    /usr/lib/x86_64-linux-gnu/libXcursor.so.1.0.2
7f00cd685000-7f00cd686000 r--p 00008000 08:01 4071848                    /usr/lib/x86_64-linux-gnu/libXcursor.so.1.0.2
7f00cd686000-7f00cd687000 rw-p 00009000 08:01 4071848                    /usr/lib/x86_64-linux-gnu/libXcursor.so.1.0.2
7f00cd687000-7f00cd690000 r-xp 00000000 08:01 4071874                    /usr/lib/x86_64-linux-gnu/libXrandr.so.2.2.0
7f00cd690000-7f00cd88f000 ---p 00009000 08:01 4071874                    /usr/lib/x86_64-linux-gnu/libXrandr.so.2.2.0
7f00cd88f000-7f00cd890000 r--p 00008000 08:01 4071874                    /usr/lib/x86_64-linux-gnu/libXrandr.so.2.2.0
7f00cd890000-7f00cd891000 rw-p 00009000 08:01 4071874                    /usr/lib/x86_64-linux-gnu/libXrandr.so.2.2.0
7f00cd891000-7f00cd8a0000 r-xp 00000000 08:01 4067544                    /usr/lib/x86_64-linux-gnu/libXi.so.6.1.0
7f00cd8a0000-7f00cda9f000 ---p 0000f000 08:01 4067544                    /usr/lib/x86_64-linux-gnu/libXi.so.6.1.0
7f00cda9f000-7f00cdaa0000 r--p 0000e000 08:01 4067544                    /usr/lib/x86_64-linux-gnu/libXi.so.6.1.0
7f00cdaa0000-7f00cdaa1000 rw-p 0000f000 08:01 4067544                    /usr/lib/x86_64-linux-gnu/libXi.so.6.1.0
7f00cdaa1000-7f00cdaa3000 r-xp 00000000 08:01 4071864                    /usr/lib/x86_64-linux-gnu/libXinerama.so.1.0.0
7f00cdaa3000-7f00cdca2000 ---p 00002000 08:01 4071864                    /usr/lib/x86_64-linux-gnu/libXinerama.so.1.0.0
7f00cdca2000-7f00cdca3000 r--p 00001000 08:01 4071864                    /usr/lib/x86_64-linux-gnu/libXinerama.so.1.0.0
7f00cdca3000-7f00cdca4000 rw-p 00002000 08:01 4071864                    /usr/lib/x86_64-linux-gnu/libXinerama.so.1.0.0
7f00cdca4000-7f00cdcad000 r-xp 00000000 08:01 4067519                    /usr/lib/x86_64-linux-gnu/libXrender.so.1.3.0
7f00cdcad000-7f00cdeac000 ---p 00009000 08:01 4067519                    /usr/lib/x86_64-linux-gnu/libXrender.so.1.3.0
7f00cdeac000-7f00cdead000 r--p 00008000 08:01 4067519                    /usr/lib/x86_64-linux-gnu/libXrender.so.1.3.0
7f00cdead000-7f00cdeae000 rw-p 00009000 08:01 4067519                    /usr/lib/x86_64-linux-gnu/libXrender.so.1.3.0
7f00cdeae000-7f00cdfb3000 r-xp 00000000 08:01 790526                     /lib/x86_64-linux-gnu/libm-2.19.so
7f00cdfb3000-7f00ce1b2000 ---p 00105000 08:01 790526                     /lib/x86_64-linux-gnu/libm-2.19.so
7f00ce1b2000-7f00ce1b3000 r--p 00104000 08:01 790526                     /lib/x86_64-linux-gnu/libm-2.19.so
7f00ce1b3000-7f00ce1b4000 rw-p 00105000 08:01 790526                     /lib/x86_64-linux-gnu/libm-2.19.so
7f00ce1b4000-7f00ce1ee000 r-xp 00000000 08:01 4072133                    /usr/lib/x86_64-linux-gnu/libfontconfig.so.1.8.0
7f00ce1ee000-7f00ce3ed000 ---p 0003a000 08:01 4072133                    /usr/lib/x86_64-linux-gnu/libfontconfig.so.1.8.0
7f00ce3ed000-7f00ce3ef000 r--p 00039000 08:01 4072133                    /usr/lib/x86_64-linux-gnu/libfontconfig.so.1.8.0
7f00ce3ef000-7f00ce3f0000 rw-p 0003b000 08:01 4072133                    /usr/lib/x86_64-linux-gnu/libfontconfig.so.1.8.0
7f00ce3f0000-7f00ce43a000 r-xp 00000000 08:01 4067537                    /usr/lib/x86_64-linux-gnu/libpango-1.0.so.0.3600.3
7f00ce43a000-7f00ce63a000 ---p 0004a000 08:01 4067537                    /usr/lib/x86_64-linux-gnu/libpango-1.0.so.0.3600.3
7f00ce63a000-7f00ce63c000 r--p 0004a000 08:01 4067537                    /usr/lib/x86_64-linux-gnu/libpango-1.0.so.0.3600.3
7f00ce63c000-7f00ce63d000 rw-p 0004c000 08:01 4067537                    /usr/lib/x86_64-linux-gnu/libpango-1.0.so.0.3600.3
7f00ce63d000-7f00ce651000 r-xp 00000000 08:01 4067539                    /usr/lib/x86_64-linux-gnu/libpangoft2-1.0.so.0.3600.3
7f00ce651000-7f00ce850000 ---p 00014000 08:01 4067539                    /usr/lib/x86_64-linux-gnu/libpangoft2-1.0.so.0.3600.3
7f00ce850000-7f00ce851000 r--p 00013000 08:01 4067539                    /usr/lib/x86_64-linux-gnu/libpangoft2-1.0.so.0.3600.3
7f00ce851000-7f00ce852000 rw-p 00014000 08:01 4067539                    /usr/lib/x86_64-linux-gnu/libpangoft2-1.0.so.0.3600.3
7f00ce852000-7f00ce9be000 r-xp 00000000 08:01 4063618                    /usr/lib/x86_64-linux-gnu/libgio-2.0.so.0.4002.0
7f00ce9be000-7f00cebbd000 ---p 0016c000 08:01 4063618                    /usr/lib/x86_64-linux-gnu/libgio-2.0.so.0.4002.0
7f00cebbd000-7f00cebc1000 r--p 0016b000 08:01 4063618                    /usr/lib/x86_64-linux-gnu/libgio-2.0.so.0.4002.0
7f00cebc1000-7f00cebc3000 rw-p 0016f000 08:01 4063618                    /usr/lib/x86_64-linux-gnu/libgio-2.0.so.0.4002.0
7f00cebc3000-7f00cebc5000 rw-p 00000000 00:00 0 
7f00cebc5000-7f00cebe5000 r-xp 00000000 08:01 4067527                    /usr/lib/x86_64-linux-gnu/libgdk_pixbuf-2.0.so.0.3000.7
7f00cebe5000-7f00cede4000 ---p 00020000 08:01 4067527                    /usr/lib/x86_64-linux-gnu/libgdk_pixbuf-2.0.so.0.3000.7
7f00cede4000-7f00cede5000 r--p 0001f000 08:01 4067527                    /usr/lib/x86_64-linux-gnu/libgdk_pixbuf-2.0.so.0.3000.7
7f00cede5000-7f00cede6000 rw-p 00020000 08:01 4067527                    /usr/lib/x86_64-linux-gnu/libgdk_pixbuf-2.0.so.0.3000.7
7f00cede6000-7f00ceeec000 r-xp 00000000 08:01 4067521                    /usr/lib/x86_64-linux-gnu/libcairo.so.2.11301.0
7f00ceeec000-7f00cf0eb000 ---p 00106000 08:01 4067521                    /usr/lib/x86_64-linux-gnu/libcairo.so.2.11301.0
7f00cf0eb000-7f00cf0ee000 r--p 00105000 08:01 4067521                    /usr/lib/x86_64-linux-gnu/libcairo.so.2.11301.0
7f00cf0ee000-7f00cf0ef000 rw-p 00108000 08:01 4067521                    /usr/lib/x86_64-linux-gnu/libcairo.so.2.11301.0
7f00cf0ef000-7f00cf0f1000 rw-p 00000000 00:00 0 
7f00cf0f1000-7f00cf110000 r-xp 00000000 08:01 4071933                    /usr/lib/x86_64-linux-gnu/libatk-1.0.so.0.21009.1
7f00cf110000-7f00cf310000 ---p 0001f000 08:01 4071933                    /usr/lib/x86_64-linux-gnu/libatk-1.0.so.0.21009.1
7f00cf310000-7f00cf312000 r--p 0001f000 08:01 4071933                    /usr/lib/x86_64-linux-gnu/libatk-1.0.so.0.21009.1
7f00cf312000-7f00cf313000 rw-p 00021000 08:01 4071933                    /usr/lib/x86_64-linux-gnu/libatk-1.0.so.0.21009.1
7f00cf313000-7f00cf318000 r-xp 00000000 08:01 4063711                    /usr/lib/x86_64-linux-gnu/libXfixes.so.3.1.0
7f00cf318000-7f00cf517000 ---p 00005000 08:01 4063711                    /usr/lib/x86_64-linux-gnu/libXfixes.so.3.1.0
7f00cf517000-7f00cf518000 r--p 00004000 08:01 4063711                    /usr/lib/x86_64-linux-gnu/libXfixes.so.3.1.0
7f00cf518000-7f00cf519000 rw-p 00005000 08:01 4063711                    /usr/lib/x86_64-linux-gnu/libXfixes.so.3.1.0
7f00cf519000-7f00cf649000 r-xp 00000000 08:01 4071837                    /usr/lib/x86_64-linux-gnu/libX11.so.6.3.0
7f00cf649000-7f00cf849000 ---p 00130000 08:01 4071837                    /usr/lib/x86_64-linux-gnu/libX11.so.6.3.0
7f00cf849000-7f00cf84a000 r--p 00130000 08:01 4071837                    /usr/lib/x86_64-linux-gnu/libX11.so.6.3.0
7f00cf84a000-7f00cf84e000 rw-p 00131000 08:01 4071837                    /usr/lib/x86_64-linux-gnu/libX11.so.6.3.0
7f00cf84e000-7f00cf859000 r-xp 00000000 08:01 4067535                    /usr/lib/x86_64-linux-gnu/libpangocairo-1.0.so.0.3600.3
7f00cf859000-7f00cfa59000 ---p 0000b000 08:01 4067535                    /usr/lib/x86_64-linux-gnu/libpangocairo-1.0.so.0.3600.3
7f00cfa59000-7f00cfa5a000 r--p 0000b000 08:01 4067535                    /usr/lib/x86_64-linux-gnu/libpangocairo-1.0.so.0.3600.3
7f00cfa5a000-7f00cfa5b000 rw-p 0000c000 08:01 4067535                    /usr/lib/x86_64-linux-gnu/libpangocairo-1.0.so.0.3600.3
7f00cfa5b000-7f00cfa5e000 r-xp 00000000 08:01 4063596                    /usr/lib/x86_64-linux-gnu/libgmodule-2.0.so.0.4002.0
7f00cfa5e000-7f00cfc5d000 ---p 00003000 08:01 4063596                    /usr/lib/x86_64-linux-gnu/libgmodule-2.0.so.0.4002.0
7f00cfc5d000-7f00cfc5e000 r--p 00002000 08:01 4063596                    /usr/lib/x86_64-linux-gnu/libgmodule-2.0.so.0.4002.0
7f00cfc5e000-7f00cfc5f000 rw-p 00003000 08:01 4063596                    /usr/lib/x86_64-linux-gnu/libgmodule-2.0.so.0.4002.0
7f00cfc5f000-7f00cfd65000 r-xp 00000000 08:01 787439                     /lib/x86_64-linux-gnu/libglib-2.0.so.0.4002.0
7f00cfd65000-7f00cff64000 ---p 00106000 08:01 787439                     /lib/x86_64-linux-gnu/libglib-2.0.so.0.4002.0
7f00cff64000-7f00cff65000 r--p 00105000 08:01 787439                     /lib/x86_64-linux-gnu/libglib-2.0.so.0.4002.0
7f00cff65000-7f00cff66000 rw-p 00106000 08:01 787439                     /lib/x86_64-linux-gnu/libglib-2.0.so.0.4002.0
7f00cff66000-7f00cff67000 rw-p 00000000 00:00 0 
7f00cff67000-7f00cffb6000 r-xp 00000000 08:01 4063614                    /usr/lib/x86_64-linux-gnu/libgobject-2.0.so.0.4002.0
7f00cffb6000-7f00d01b6000 ---p 0004f000 08:01 4063614                    /usr/lib/x86_64-linux-gnu/libgobject-2.0.so.0.4002.0
7f00d01b6000-7f00d01b7000 r--p 0004f000 08:01 4063614                    /usr/lib/x86_64-linux-gnu/libgobject-2.0.so.0.4002.0
7f00d01b7000-7f00d01b8000 rw-p 00050000 08:01 4063614                    /usr/lib/x86_64-linux-gnu/libgobject-2.0.so.0.4002.0
7f00d01b8000-7f00d0265000 r-xp 00000000 08:01 4067548                    /usr/lib/x86_64-linux-gnu/libgdk-x11-2.0.so.0.2400.23
7f00d0265000-7f00d0465000 ---p 000ad000 08:01 4067548                    /usr/lib/x86_64-linux-gnu/libgdk-x11-2.0.so.0.2400.23
7f00d0465000-7f00d0469000 r--p 000ad000 08:01 4067548                    /usr/lib/x86_64-linux-gnu/libgdk-x11-2.0.so.0.2400.23
7f00d0469000-7f00d046b000 rw-p 000b1000 08:01 4067548                    /usr/lib/x86_64-linux-gnu/libgdk-x11-2.0.so.0.2400.23
7f00d046b000-7f00d089b000 r-xp 00000000 08:01 4067549                    /usr/lib/x86_64-linux-gnu/libgtk-x11-2.0.so.0.2400.23
7f00d089b000-7f00d0a9a000 ---p 00430000 08:01 4067549                    /usr/lib/x86_64-linux-gnu/libgtk-x11-2.0.so.0.2400.23
7f00d0a9a000-7f00d0aa1000 r--p 0042f000 08:01 4067549                    /usr/lib/x86_64-linux-gnu/libgtk-x11-2.0.so.0.2400.23
7f00d0aa1000-7f00d0aa5000 rw-p 00436000 08:01 4067549                    /usr/lib/x86_64-linux-gnu/libgtk-x11-2.0.so.0.2400.23
7f00d0aa5000-7f00d0aa8000 rw-p 00000000 00:00 0 
7f00d0aa8000-7f00d0c64000 r-xp 00000000 08:01 790476                     /lib/x86_64-linux-gnu/libc-2.19.so
7f00d0c64000-7f00d0e63000 ---p 001bc000 08:01 790476                     /lib/x86_64-linux-gnu/libc-2.19.so
7f00d0e63000-7f00d0e67000 r--p 001bb000 08:01 790476                     /lib/x86_64-linux-gnu/libc-2.19.so
7f00d0e67000-7f00d0e69000 rw-p 001bf000 08:01 790476                     /lib/x86_64-linux-gnu/libc-2.19.so
7f00d0e69000-7f00d0e6e000 rw-p 00000000 00:00 0 
7f00d0e6e000-7f00d0e71000 r-xp 00000000 08:01 790493                     /lib/x86_64-linux-gnu/libdl-2.19.so
7f00d0e71000-7f00d1070000 ---p 00003000 08:01 790493                     /lib/x86_64-linux-gnu/libdl-2.19.so
7f00d1070000-7f00d1071000 r--p 00002000 08:01 790493                     /lib/x86_64-linux-gnu/libdl-2.19.so
7f00d1071000-7f00d1072000 rw-p 00003000 08:01 790493                     /lib/x86_64-linux-gnu/libdl-2.19.so
7f00d1072000-7f00d1087000 r-xp 00000000 08:01 3805305                    /home/mysql1/installPage/jdk1.8.0_71/lib/amd64/jli/libjli.so
7f00d1087000-7f00d1287000 ---p 00015000 08:01 3805305                    /home/mysql1/installPage/jdk1.8.0_71/lib/amd64/jli/libjli.so
7f00d1287000-7f00d1288000 rw-p 00015000 08:01 3805305                    /home/mysql1/installPage/jdk1.8.0_71/lib/amd64/jli/libjli.so
7f00d1288000-7f00d12a1000 r-xp 00000000 08:01 790596                     /lib/x86_64-linux-gnu/libpthread-2.19.so
7f00d12a1000-7f00d14a0000 ---p 00019000 08:01 790596                     /lib/x86_64-linux-gnu/libpthread-2.19.so
7f00d14a0000-7f00d14a1000 r--p 00018000 08:01 790596                     /lib/x86_64-linux-gnu/libpthread-2.19.so
7f00d14a1000-7f00d14a2000 rw-p 00019000 08:01 790596                     /lib/x86_64-linux-gnu/libpthread-2.19.so
7f00d14a2000-7f00d14a6000 rw-p 00000000 00:00 0 
7f00d14a6000-7f00d14a7000 r-xp 00000000 08:01 1310792                    /opt/sublime_text/libsublime-imfix.so
7f00d14a7000-7f00d16a6000 ---p 00001000 08:01 1310792                    /opt/sublime_text/libsublime-imfix.so
7f00d16a6000-7f00d16a7000 r--p 00000000 08:01 1310792                    /opt/sublime_text/libsublime-imfix.so
7f00d16a7000-7f00d16a8000 rw-p 00001000 08:01 1310792                    /opt/sublime_text/libsublime-imfix.so
7f00d16a8000-7f00d16cb000 r-xp 00000000 08:01 790452                     /lib/x86_64-linux-gnu/ld-2.19.so
7f00d179b000-7f00d179e000 ---p 00000000 00:00 0 
7f00d179e000-7f00d18b2000 rw-p 00000000 00:00 0                          [stack:10915]
7f00d18bb000-7f00d18be000 rw-p 00000000 00:00 0 
7f00d18be000-7f00d18c6000 rw-s 00000000 08:01 3802117                    /tmp/hsperfdata_root/10894
7f00d18c6000-7f00d18c7000 rw-p 00000000 00:00 0 
7f00d18c7000-7f00d18c8000 r--p 00000000 00:00 0 
7f00d18c8000-7f00d18ca000 rw-p 00000000 00:00 0 
7f00d18ca000-7f00d18cb000 r--p 00022000 08:01 790452                     /lib/x86_64-linux-gnu/ld-2.19.so
7f00d18cb000-7f00d18cc000 rw-p 00023000 08:01 790452                     /lib/x86_64-linux-gnu/ld-2.19.so
7f00d18cc000-7f00d18cd000 rw-p 00000000 00:00 0 
7fff8932b000-7fff8934c000 rw-p 00000000 00:00 0                          [stack]
7fff893fe000-7fff89400000 r-xp 00000000 00:00 0                          [vdso]
ffffffffff600000-ffffffffff601000 r-xp 00000000 00:00 0                  [vsyscall]

VM Arguments:
jvm_args: -Xms2g -Xmx2g 
java_command: org.apache.spark.deploy.SparkSubmit pyspark-shell
java_class_path (initial): /home/mysql1/spark/conf/:/home/mysql1/spark/lib/spark-assembly-1.6.2-hadoop2.6.0.jar:/home/mysql1/spark/lib/datanucleus-rdbms-3.2.9.jar:/home/mysql1/spark/lib/datanucleus-api-jdo-3.2.6.jar:/home/mysql1/spark/lib/datanucleus-core-3.2.10.jar:/home/mysql1/hadoop/etc/hadoop/
Launcher Type: SUN_STANDARD

Environment Variables:
JAVA_HOME=/home/mysql1/installPage/jdk1.8.0_71
PATH=/usr/local/sbin:/usr/local/bin:/usr/sbin:/usr/bin:/sbin:/bin:/usr/games:/usr/local/games:/home/mysql1/spark/bin:/home/mysql1/hadoop/bin:/home/mysql1/installPage/jdk1.8.0_71/bin:/home/mysql1/hadoop/sbin:/home/mysql1/hive/bin:/home/mysql1/installPage/scala-2.11.8/bin:/home/mysql1/spark/python:/home/mysql1/spark/python/pyspark:/home/mysql1/spark/python/lib/py4j:/home/mysql1/spark/python:/home/mysql1/spark/bin:/home/mysql1/hadoop/bin:/home/mysql1/installPage/jdk1.8.0_71/bin:/home/mysql1/hadoop/sbin:/home/mysql1/hive/bin:/home/mysql1/installPage/scala-2.11.8/bin:/home/mysql1/spark/python:/home/mysql1/spark/python/pyspark:/home/mysql1/spark/python/lib/py4j:/home/mysql1/spark/bin:/home/mysql1/hadoop/bin:/home/mysql1/installPage/jdk1.8.0_71/bin:/home/mysql1/hadoop/sbin:/home/mysql1/hive/bin:/home/mysql1/installPage/scala-2.11.8/bin:/home/mysql1/spark/python:/home/mysql1/spark/python/pyspark:/home/mysql1/spark/python/lib/py4j
USERNAME=root
LD_PRELOAD=/opt/sublime_text/libsublime-imfix.so
SHELL=/bin/bash
DISPLAY=:0

Signal Handlers:
SIGSEGV: [libjvm.so+0xabafa0], sa_mask[0]=11111111011111111101111111111110, sa_flags=SA_RESTART|SA_SIGINFO
SIGBUS: [libjvm.so+0xabafa0], sa_mask[0]=11111111011111111101111111111110, sa_flags=SA_RESTART|SA_SIGINFO
SIGFPE: [libjvm.so+0x9183c0], sa_mask[0]=11111111011111111101111111111110, sa_flags=SA_RESTART|SA_SIGINFO
SIGPIPE: [libjvm.so+0x9183c0], sa_mask[0]=11111111011111111101111111111110, sa_flags=SA_RESTART|SA_SIGINFO
SIGXFSZ: [libjvm.so+0x9183c0], sa_mask[0]=11111111011111111101111111111110, sa_flags=SA_RESTART|SA_SIGINFO
SIGILL: [libjvm.so+0x9183c0], sa_mask[0]=11111111011111111101111111111110, sa_flags=SA_RESTART|SA_SIGINFO
SIGUSR1: SIG_DFL, sa_mask[0]=00000000000000000000000000000000, sa_flags=none
SIGUSR2: [libjvm.so+0x9199f0], sa_mask[0]=00000000000000000000000000000000, sa_flags=SA_RESTART|SA_SIGINFO
SIGHUP: SIG_DFL, sa_mask[0]=00000000000000000000000000000000, sa_flags=none
SIGINT: SIG_IGN, sa_mask[0]=00000000000000000000000000000000, sa_flags=none
SIGTERM: SIG_DFL, sa_mask[0]=00000000000000000000000000000000, sa_flags=none
SIGQUIT: SIG_DFL, sa_mask[0]=00000000000000000000000000000000, sa_flags=none


---------------  S Y S T E M  ---------------

OS:DISTRIB_ID=Ubuntu
DISTRIB_RELEASE=14.04
DISTRIB_CODENAME=trusty
DISTRIB_DESCRIPTION="Ubuntu 14.04.1 LTS"

uname:Linux 3.13.0-32-generic #57-Ubuntu SMP Tue Jul 15 03:51:08 UTC 2014 x86_64
libc:glibc 2.19 NPTL 2.19 
rlimit: STACK 8192k, CORE 0k, NPROC 31343, NOFILE 4096, AS infinity
load average:1.25 0.94 0.47

/proc/meminfo:
MemTotal:        4033512 kB
MemFree:          144440 kB
Buffers:            4424 kB
Cached:           213824 kB
SwapCached:       117716 kB
Active:          2443156 kB
Inactive:        1049404 kB
Active(anon):    2359432 kB
Inactive(anon):   959316 kB
Active(file):      83724 kB
Inactive(file):    90088 kB
Unevictable:          32 kB
Mlocked:              32 kB
SwapTotal:       1046524 kB
SwapFree:         543656 kB
Dirty:              8264 kB
Writeback:             0 kB
AnonPages:       3162532 kB
Mapped:           107492 kB
Shmem:             44312 kB
Slab:              95020 kB
SReclaimable:      48548 kB
SUnreclaim:        46472 kB
KernelStack:        8128 kB
PageTables:        37612 kB
NFS_Unstable:          0 kB
Bounce:                0 kB
WritebackTmp:          0 kB
CommitLimit:     3063280 kB
Committed_AS:    9649012 kB
VmallocTotal:   34359738367 kB
VmallocUsed:      174536 kB
VmallocChunk:   34359503700 kB
HardwareCorrupted:     0 kB
AnonHugePages:   1894400 kB
HugePages_Total:       0
HugePages_Free:        0
HugePages_Rsvd:        0
HugePages_Surp:        0
Hugepagesize:       2048 kB
DirectMap4k:       59200 kB
DirectMap2M:     3086336 kB
DirectMap1G:     3145728 kB


CPU:total 2 (2 cores per cpu, 1 threads per core) family 6 model 60 stepping 3, cmov, cx8, fxsr, mmx, sse, sse2, sse3, ssse3, sse4.1, sse4.2, popcnt, avx, avx2, aes, clmul, erms, lzcnt, tsc, tscinvbit, bmi1, bmi2

/proc/cpuinfo:
processor	: 0
vendor_id	: GenuineIntel
cpu family	: 6
model		: 60
model name	: Intel(R) Core(TM) i3-4130 CPU @ 3.40GHz
stepping	: 3
microcode	: 0x1e
cpu MHz		: 3400.000
cache size	: 3072 KB
physical id	: 0
siblings	: 2
core id		: 0
cpu cores	: 2
apicid		: 0
initial apicid	: 0
fpu		: yes
fpu_exception	: yes
cpuid level	: 13
wp		: yes
flags		: fpu vme de pse tsc msr pae mce cx8 apic sep mtrr pge mca cmov pat pse36 clflush dts mmx fxsr sse sse2 ss ht syscall nx pdpe1gb rdtscp lm constant_tsc arch_perfmon pebs bts nopl xtopology tsc_reliable nonstop_tsc aperfmperf eagerfpu pni pclmulqdq ssse3 fma cx16 pcid sse4_1 sse4_2 x2apic movbe popcnt tsc_deadline_timer aes xsave avx f16c rdrand hypervisor lahf_lm abm arat xsaveopt pln pts dtherm fsgsbase tsc_adjust bmi1 avx2 smep bmi2 invpcid
bogomips	: 6800.00
clflush size	: 64
cache_alignment	: 64
address sizes	: 42 bits physical, 48 bits virtual
power management:

processor	: 1
vendor_id	: GenuineIntel
cpu family	: 6
model		: 60
model name	: Intel(R) Core(TM) i3-4130 CPU @ 3.40GHz
stepping	: 3
microcode	: 0x1e
cpu MHz		: 3400.000
cache size	: 3072 KB
physical id	: 0
siblings	: 2
core id		: 1
cpu cores	: 2
apicid		: 1
initial apicid	: 1
fpu		: yes
fpu_exception	: yes
cpuid level	: 13
wp		: yes
flags		: fpu vme de pse tsc msr pae mce cx8 apic sep mtrr pge mca cmov pat pse36 clflush dts mmx fxsr sse sse2 ss ht syscall nx pdpe1gb rdtscp lm constant_tsc arch_perfmon pebs bts nopl xtopology tsc_reliable nonstop_tsc aperfmperf eagerfpu pni pclmulqdq ssse3 fma cx16 pcid sse4_1 sse4_2 x2apic movbe popcnt tsc_deadline_timer aes xsave avx f16c rdrand hypervisor lahf_lm abm arat xsaveopt pln pts dtherm fsgsbase tsc_adjust bmi1 avx2 smep bmi2 invpcid
bogomips	: 6800.00
clflush size	: 64
cache_alignment	: 64
address sizes	: 42 bits physical, 48 bits virtual
power management:



Memory: 4k page, physical 4033512k(144440k free), swap 1046524k(543656k free)

vm_info: Java HotSpot(TM) 64-Bit Server VM (25.71-b15) for linux-amd64 JRE (1.8.0_71-b15), built on Dec 22 2015 18:21:33 by "java_re" with gcc 4.3.0 20080428 (Red Hat 4.3.0-8)

time: Tue Aug  2 09:21:28 2016
elapsed time: 0 seconds (0d 0h 0m 0s)

