#
# There is insufficient memory for the Java Runtime Environment to continue.
# Native memory allocation (mmap) failed to map 716177408 bytes for committing reserved memory.
# Possible reasons:
#   The system is out of physical RAM or swap space
#   In 32 bit mode, the process size limit was hit
# Possible solutions:
#   Reduce memory load on the system
#   Increase physical memory or swap space
#   Check if swap backing store is full
#   Use 64 bit Java on a 64 bit OS
#   Decrease Java heap size (-Xmx/-Xms)
#   Decrease number of Java threads
#   Decrease Java thread stack sizes (-Xss)
#   Set larger code cache with -XX:ReservedCodeCacheSize=
# This output file may be truncated or incomplete.
#
#  Out of Memory Error (os_linux.cpp:2627), pid=7012, tid=140058197858048
#
# JRE version:  (8.0_71-b15) (build )
# Java VM: Java HotSpot(TM) 64-Bit Server VM (25.71-b15 mixed mode linux-amd64 compressed oops)
# Failed to write core dump. Core dumps have been disabled. To enable core dumping, try "ulimit -c unlimited" before starting Java again
#

---------------  T H R E A D  ---------------

Current thread (0x00007f61c8009800):  JavaThread "Unknown thread" [_thread_in_vm, id=7034, stack(0x00007f61d7119000,0x00007f61d721a000)]

Stack: [0x00007f61d7119000,0x00007f61d721a000],  sp=0x00007f61d72180f0,  free space=1020k
Native frames: (J=compiled Java code, j=interpreted, Vv=VM code, C=native code)
V  [libjvm.so+0xaba71a]  VMError::report_and_die()+0x2ba
V  [libjvm.so+0x4f9ecb]  report_vm_out_of_memory(char const*, int, unsigned long, VMErrorType, char const*)+0x8b
V  [libjvm.so+0x91b553]  os::Linux::commit_memory_impl(char*, unsigned long, bool)+0x103
V  [libjvm.so+0x91baa9]  os::pd_commit_memory(char*, unsigned long, unsigned long, bool)+0x29
V  [libjvm.so+0x915dba]  os::commit_memory(char*, unsigned long, unsigned long, bool)+0x2a
V  [libjvm.so+0x989463]  PSVirtualSpace::expand_by(unsigned long)+0x53
V  [libjvm.so+0x9795a7]  PSOldGen::initialize(ReservedSpace, unsigned long, char const*, int)+0xb7
V  [libjvm.so+0x2d827a]  AdjoiningGenerations::AdjoiningGenerations(ReservedSpace, GenerationSizer*, unsigned long)+0x39a
V  [libjvm.so+0x93e876]  ParallelScavengeHeap::initialize()+0x1d6
V  [libjvm.so+0xa82f4b]  Universe::initialize_heap()+0xfb
V  [libjvm.so+0xa832be]  universe_init()+0x3e
V  [libjvm.so+0x639305]  init_globals()+0x65
V  [libjvm.so+0xa674be]  Threads::create_vm(JavaVMInitArgs*, bool*)+0x23e
V  [libjvm.so+0x6cd824]  JNI_CreateJavaVM+0x74
C  [libjli.so+0x745e]  JavaMain+0x9e
C  [libpthread.so.0+0x8182]  start_thread+0xc2


---------------  P R O C E S S  ---------------

Java Threads: ( => current thread )

Other Threads:

=>0x00007f61c8009800 (exited) JavaThread "Unknown thread" [_thread_in_vm, id=7034, stack(0x00007f61d7119000,0x00007f61d721a000)]

VM state:not at safepoint (not fully initialized)

VM Mutex/Monitor currently owned by a thread: None

GC Heap History (0 events):
No events

Deoptimization events (0 events):
No events

Internal exceptions (0 events):
No events

Events (0 events):
No events


Dynamic libraries:
00400000-00401000 r-xp 00000000 08:01 3806047                            /home/mysql1/installPage/jdk1.8.0_71/bin/java
00600000-00601000 rw-p 00000000 08:01 3806047                            /home/mysql1/installPage/jdk1.8.0_71/bin/java
023e4000-02405000 rw-p 00000000 00:00 0                                  [heap]
eab00000-100000000 rw-p 00000000 00:00 0 
7f61b9000000-7f61b9270000 rwxp 00000000 00:00 0 
7f61b9270000-7f61c8000000 ---p 00000000 00:00 0 
7f61c8000000-7f61c8032000 rw-p 00000000 00:00 0 
7f61c8032000-7f61cc000000 ---p 00000000 00:00 0 
7f61cd835000-7f61cdaba000 rw-p 00000000 00:00 0 
7f61cdaba000-7f61cdc0f000 ---p 00000000 00:00 0 
7f61cdc0f000-7f61cdcc5000 rw-p 00000000 00:00 0 
7f61cdcc5000-7f61ce07b000 ---p 00000000 00:00 0 
7f61ce07b000-7f61ce095000 r-xp 00000000 08:01 3806435                    /home/mysql1/installPage/jdk1.8.0_71/jre/lib/amd64/libzip.so
7f61ce095000-7f61ce295000 ---p 0001a000 08:01 3806435                    /home/mysql1/installPage/jdk1.8.0_71/jre/lib/amd64/libzip.so
7f61ce295000-7f61ce296000 rw-p 0001a000 08:01 3806435                    /home/mysql1/installPage/jdk1.8.0_71/jre/lib/amd64/libzip.so
7f61ce296000-7f61ce2a1000 r-xp 00000000 08:01 790551                     /lib/x86_64-linux-gnu/libnss_files-2.19.so
7f61ce2a1000-7f61ce4a0000 ---p 0000b000 08:01 790551                     /lib/x86_64-linux-gnu/libnss_files-2.19.so
7f61ce4a0000-7f61ce4a1000 r--p 0000a000 08:01 790551                     /lib/x86_64-linux-gnu/libnss_files-2.19.so
7f61ce4a1000-7f61ce4a2000 rw-p 0000b000 08:01 790551                     /lib/x86_64-linux-gnu/libnss_files-2.19.so
7f61ce4a2000-7f61ce4ad000 r-xp 00000000 08:01 790561                     /lib/x86_64-linux-gnu/libnss_nis-2.19.so
7f61ce4ad000-7f61ce6ac000 ---p 0000b000 08:01 790561                     /lib/x86_64-linux-gnu/libnss_nis-2.19.so
7f61ce6ac000-7f61ce6ad000 r--p 0000a000 08:01 790561                     /lib/x86_64-linux-gnu/libnss_nis-2.19.so
7f61ce6ad000-7f61ce6ae000 rw-p 0000b000 08:01 790561                     /lib/x86_64-linux-gnu/libnss_nis-2.19.so
7f61ce6ae000-7f61ce6c5000 r-xp 00000000 08:01 790545                     /lib/x86_64-linux-gnu/libnsl-2.19.so
7f61ce6c5000-7f61ce8c4000 ---p 00017000 08:01 790545                     /lib/x86_64-linux-gnu/libnsl-2.19.so
7f61ce8c4000-7f61ce8c5000 r--p 00016000 08:01 790545                     /lib/x86_64-linux-gnu/libnsl-2.19.so
7f61ce8c5000-7f61ce8c6000 rw-p 00017000 08:01 790545                     /lib/x86_64-linux-gnu/libnsl-2.19.so
7f61ce8c6000-7f61ce8c8000 rw-p 00000000 00:00 0 
7f61ce8c8000-7f61ce8d1000 r-xp 00000000 08:01 790547                     /lib/x86_64-linux-gnu/libnss_compat-2.19.so
7f61ce8d1000-7f61cead0000 ---p 00009000 08:01 790547                     /lib/x86_64-linux-gnu/libnss_compat-2.19.so
7f61cead0000-7f61cead1000 r--p 00008000 08:01 790547                     /lib/x86_64-linux-gnu/libnss_compat-2.19.so
7f61cead1000-7f61cead2000 rw-p 00009000 08:01 790547                     /lib/x86_64-linux-gnu/libnss_compat-2.19.so
7f61cead2000-7f61ceafc000 r-xp 00000000 08:01 3806422                    /home/mysql1/installPage/jdk1.8.0_71/jre/lib/amd64/libjava.so
7f61ceafc000-7f61cecfc000 ---p 0002a000 08:01 3806422                    /home/mysql1/installPage/jdk1.8.0_71/jre/lib/amd64/libjava.so
7f61cecfc000-7f61cecfe000 rw-p 0002a000 08:01 3806422                    /home/mysql1/installPage/jdk1.8.0_71/jre/lib/amd64/libjava.so
7f61cecfe000-7f61ced0b000 r-xp 00000000 08:01 3806412                    /home/mysql1/installPage/jdk1.8.0_71/jre/lib/amd64/libverify.so
7f61ced0b000-7f61cef0b000 ---p 0000d000 08:01 3806412                    /home/mysql1/installPage/jdk1.8.0_71/jre/lib/amd64/libverify.so
7f61cef0b000-7f61cef0d000 rw-p 0000d000 08:01 3806412                    /home/mysql1/installPage/jdk1.8.0_71/jre/lib/amd64/libverify.so
7f61cef0d000-7f61cfbcc000 r-xp 00000000 08:01 3806428                    /home/mysql1/installPage/jdk1.8.0_71/jre/lib/amd64/server/libjvm.so
7f61cfbcc000-7f61cfdcb000 ---p 00cbf000 08:01 3806428                    /home/mysql1/installPage/jdk1.8.0_71/jre/lib/amd64/server/libjvm.so
7f61cfdcb000-7f61cfea4000 rw-p 00cbe000 08:01 3806428                    /home/mysql1/installPage/jdk1.8.0_71/jre/lib/amd64/server/libjvm.so
7f61cfea4000-7f61cfeed000 rw-p 00000000 00:00 0 
7f61cfeed000-7f61cfef3000 r-xp 00000000 08:01 4072044                    /usr/lib/x86_64-linux-gnu/libdatrie.so.1.3.1
7f61cfef3000-7f61d00f2000 ---p 00006000 08:01 4072044                    /usr/lib/x86_64-linux-gnu/libdatrie.so.1.3.1
7f61d00f2000-7f61d00f3000 r--p 00005000 08:01 4072044                    /usr/lib/x86_64-linux-gnu/libdatrie.so.1.3.1
7f61d00f3000-7f61d00f4000 rw-p 00006000 08:01 4072044                    /usr/lib/x86_64-linux-gnu/libdatrie.so.1.3.1
7f61d00f4000-7f61d010e000 r-xp 00000000 08:01 4072270                    /usr/lib/x86_64-linux-gnu/libgraphite2.so.3.0.1
7f61d010e000-7f61d030d000 ---p 0001a000 08:01 4072270                    /usr/lib/x86_64-linux-gnu/libgraphite2.so.3.0.1
7f61d030d000-7f61d030f000 r--p 00019000 08:01 4072270                    /usr/lib/x86_64-linux-gnu/libgraphite2.so.3.0.1
7f61d030f000-7f61d0310000 rw-p 0001b000 08:01 4072270                    /usr/lib/x86_64-linux-gnu/libgraphite2.so.3.0.1
7f61d0310000-7f61d0315000 r-xp 00000000 08:01 4071852                    /usr/lib/x86_64-linux-gnu/libXdmcp.so.6.0.0
7f61d0315000-7f61d0514000 ---p 00005000 08:01 4071852                    /usr/lib/x86_64-linux-gnu/libXdmcp.so.6.0.0
7f61d0514000-7f61d0515000 r--p 00004000 08:01 4071852                    /usr/lib/x86_64-linux-gnu/libXdmcp.so.6.0.0
7f61d0515000-7f61d0516000 rw-p 00005000 08:01 4071852                    /usr/lib/x86_64-linux-gnu/libXdmcp.so.6.0.0
7f61d0516000-7f61d0518000 r-xp 00000000 08:01 4071841                    /usr/lib/x86_64-linux-gnu/libXau.so.6.0.0
7f61d0518000-7f61d0718000 ---p 00002000 08:01 4071841                    /usr/lib/x86_64-linux-gnu/libXau.so.6.0.0
7f61d0718000-7f61d0719000 r--p 00002000 08:01 4071841                    /usr/lib/x86_64-linux-gnu/libXau.so.6.0.0
7f61d0719000-7f61d071a000 rw-p 00003000 08:01 4071841                    /usr/lib/x86_64-linux-gnu/libXau.so.6.0.0
7f61d071a000-7f61d0741000 r-xp 00000000 08:01 787434                     /lib/x86_64-linux-gnu/libexpat.so.1.6.0
7f61d0741000-7f61d0941000 ---p 00027000 08:01 787434                     /lib/x86_64-linux-gnu/libexpat.so.1.6.0
7f61d0941000-7f61d0943000 r--p 00027000 08:01 787434                     /lib/x86_64-linux-gnu/libexpat.so.1.6.0
7f61d0943000-7f61d0944000 rw-p 00029000 08:01 787434                     /lib/x86_64-linux-gnu/libexpat.so.1.6.0
7f61d0944000-7f61d094c000 r-xp 00000000 08:01 4072769                    /usr/lib/x86_64-linux-gnu/libthai.so.0.2.0
7f61d094c000-7f61d0b4b000 ---p 00008000 08:01 4072769                    /usr/lib/x86_64-linux-gnu/libthai.so.0.2.0
7f61d0b4b000-7f61d0b4c000 r--p 00007000 08:01 4072769                    /usr/lib/x86_64-linux-gnu/libthai.so.0.2.0
7f61d0b4c000-7f61d0b4d000 rw-p 00008000 08:01 4072769                    /usr/lib/x86_64-linux-gnu/libthai.so.0.2.0
7f61d0b4d000-7f61d0ba0000 r-xp 00000000 08:01 4067530                    /usr/lib/x86_64-linux-gnu/libharfbuzz.so.0.927.0
7f61d0ba0000-7f61d0da0000 ---p 00053000 08:01 4067530                    /usr/lib/x86_64-linux-gnu/libharfbuzz.so.0.927.0
7f61d0da0000-7f61d0da1000 r--p 00053000 08:01 4067530                    /usr/lib/x86_64-linux-gnu/libharfbuzz.so.0.927.0
7f61d0da1000-7f61d0da2000 rw-p 00054000 08:01 4067530                    /usr/lib/x86_64-linux-gnu/libharfbuzz.so.0.927.0
7f61d0da2000-7f61d0db9000 r-xp 00000000 08:01 790602                     /lib/x86_64-linux-gnu/libresolv-2.19.so
7f61d0db9000-7f61d0fb9000 ---p 00017000 08:01 790602                     /lib/x86_64-linux-gnu/libresolv-2.19.so
7f61d0fb9000-7f61d0fba000 r--p 00017000 08:01 790602                     /lib/x86_64-linux-gnu/libresolv-2.19.so
7f61d0fba000-7f61d0fbb000 rw-p 00018000 08:01 790602                     /lib/x86_64-linux-gnu/libresolv-2.19.so
7f61d0fbb000-7f61d0fbd000 rw-p 00000000 00:00 0 
7f61d0fbd000-7f61d0fdd000 r-xp 00000000 08:01 790606                     /lib/x86_64-linux-gnu/libselinux.so.1
7f61d0fdd000-7f61d11dc000 ---p 00020000 08:01 790606                     /lib/x86_64-linux-gnu/libselinux.so.1
7f61d11dc000-7f61d11dd000 r--p 0001f000 08:01 790606                     /lib/x86_64-linux-gnu/libselinux.so.1
7f61d11dd000-7f61d11de000 rw-p 00020000 08:01 790606                     /lib/x86_64-linux-gnu/libselinux.so.1
7f61d11de000-7f61d11e0000 rw-p 00000000 00:00 0 
7f61d11e0000-7f61d11e7000 r-xp 00000000 08:01 790604                     /lib/x86_64-linux-gnu/librt-2.19.so
7f61d11e7000-7f61d13e6000 ---p 00007000 08:01 790604                     /lib/x86_64-linux-gnu/librt-2.19.so
7f61d13e6000-7f61d13e7000 r--p 00006000 08:01 790604                     /lib/x86_64-linux-gnu/librt-2.19.so
7f61d13e7000-7f61d13e8000 rw-p 00007000 08:01 790604                     /lib/x86_64-linux-gnu/librt-2.19.so
7f61d13e8000-7f61d1400000 r-xp 00000000 08:01 790639                     /lib/x86_64-linux-gnu/libz.so.1.2.8
7f61d1400000-7f61d15ff000 ---p 00018000 08:01 790639                     /lib/x86_64-linux-gnu/libz.so.1.2.8
7f61d15ff000-7f61d1600000 r--p 00017000 08:01 790639                     /lib/x86_64-linux-gnu/libz.so.1.2.8
7f61d1600000-7f61d1601000 rw-p 00018000 08:01 790639                     /lib/x86_64-linux-gnu/libz.so.1.2.8
7f61d1601000-7f61d1609000 r-xp 00000000 08:01 4072897                    /usr/lib/x86_64-linux-gnu/libxcb-render.so.0.0.0
7f61d1609000-7f61d1808000 ---p 00008000 08:01 4072897                    /usr/lib/x86_64-linux-gnu/libxcb-render.so.0.0.0
7f61d1808000-7f61d1809000 r--p 00007000 08:01 4072897                    /usr/lib/x86_64-linux-gnu/libxcb-render.so.0.0.0
7f61d1809000-7f61d180a000 rw-p 00008000 08:01 4072897                    /usr/lib/x86_64-linux-gnu/libxcb-render.so.0.0.0
7f61d180a000-7f61d180c000 r-xp 00000000 08:01 4072901                    /usr/lib/x86_64-linux-gnu/libxcb-shm.so.0.0.0
7f61d180c000-7f61d1a0b000 ---p 00002000 08:01 4072901                    /usr/lib/x86_64-linux-gnu/libxcb-shm.so.0.0.0
7f61d1a0b000-7f61d1a0c000 r--p 00001000 08:01 4072901                    /usr/lib/x86_64-linux-gnu/libxcb-shm.so.0.0.0
7f61d1a0c000-7f61d1a0d000 rw-p 00002000 08:01 4072901                    /usr/lib/x86_64-linux-gnu/libxcb-shm.so.0.0.0
7f61d1a0d000-7f61d1a32000 r-xp 00000000 08:01 787437                     /lib/x86_64-linux-gnu/libpng12.so.0.50.0
7f61d1a32000-7f61d1c31000 ---p 00025000 08:01 787437                     /lib/x86_64-linux-gnu/libpng12.so.0.50.0
7f61d1c31000-7f61d1c32000 r--p 00024000 08:01 787437                     /lib/x86_64-linux-gnu/libpng12.so.0.50.0
7f61d1c32000-7f61d1c33000 rw-p 00025000 08:01 787437                     /lib/x86_64-linux-gnu/libpng12.so.0.50.0
7f61d1c33000-7f61d1cd3000 r-xp 00000000 08:01 4067515                    /usr/lib/x86_64-linux-gnu/libpixman-1.so.0.30.2
7f61d1cd3000-7f61d1ed3000 ---p 000a0000 08:01 4067515                    /usr/lib/x86_64-linux-gnu/libpixman-1.so.0.30.2
7f61d1ed3000-7f61d1eda000 r--p 000a0000 08:01 4067515                    /usr/lib/x86_64-linux-gnu/libpixman-1.so.0.30.2
7f61d1eda000-7f61d1edb000 rw-p 000a7000 08:01 4067515                    /usr/lib/x86_64-linux-gnu/libpixman-1.so.0.30.2
7f61d1edb000-7f61d1ef8000 r-xp 00000000 08:01 4072911                    /usr/lib/x86_64-linux-gnu/libxcb.so.1.1.0
7f61d1ef8000-7f61d20f8000 ---p 0001d000 08:01 4072911                    /usr/lib/x86_64-linux-gnu/libxcb.so.1.1.0
7f61d20f8000-7f61d20f9000 r--p 0001d000 08:01 4072911                    /usr/lib/x86_64-linux-gnu/libxcb.so.1.1.0
7f61d20f9000-7f61d20fa000 rw-p 0001e000 08:01 4072911                    /usr/lib/x86_64-linux-gnu/libxcb.so.1.1.0
7f61d20fa000-7f61d2197000 r-xp 00000000 08:01 4067512                    /usr/lib/x86_64-linux-gnu/libfreetype.so.6.11.1
7f61d2197000-7f61d2396000 ---p 0009d000 08:01 4067512                    /usr/lib/x86_64-linux-gnu/libfreetype.so.6.11.1
7f61d2396000-7f61d239c000 r--p 0009c000 08:01 4067512                    /usr/lib/x86_64-linux-gnu/libfreetype.so.6.11.1
7f61d239c000-7f61d239d000 rw-p 000a2000 08:01 4067512                    /usr/lib/x86_64-linux-gnu/libfreetype.so.6.11.1
7f61d239d000-7f61d23da000 r-xp 00000000 08:01 786523                     /lib/x86_64-linux-gnu/libpcre.so.3.13.1
7f61d23da000-7f61d25d9000 ---p 0003d000 08:01 786523                     /lib/x86_64-linux-gnu/libpcre.so.3.13.1
7f61d25d9000-7f61d25da000 r--p 0003c000 08:01 786523                     /lib/x86_64-linux-gnu/libpcre.so.3.13.1
7f61d25da000-7f61d25db000 rw-p 0003d000 08:01 786523                     /lib/x86_64-linux-gnu/libpcre.so.3.13.1
7f61d25db000-7f61d25e2000 r-xp 00000000 08:01 4072119                    /usr/lib/x86_64-linux-gnu/libffi.so.6.0.1
7f61d25e2000-7f61d27e1000 ---p 00007000 08:01 4072119                    /usr/lib/x86_64-linux-gnu/libffi.so.6.0.1
7f61d27e1000-7f61d27e2000 r--p 00006000 08:01 4072119                    /usr/lib/x86_64-linux-gnu/libffi.so.6.0.1
7f61d27e2000-7f61d27e3000 rw-p 00007000 08:01 4072119                    /usr/lib/x86_64-linux-gnu/libffi.so.6.0.1
7f61d27e3000-7f61d27f4000 r-xp 00000000 08:01 4063687                    /usr/lib/x86_64-linux-gnu/libXext.so.6.4.0
7f61d27f4000-7f61d29f3000 ---p 00011000 08:01 4063687                    /usr/lib/x86_64-linux-gnu/libXext.so.6.4.0
7f61d29f3000-7f61d29f4000 r--p 00010000 08:01 4063687                    /usr/lib/x86_64-linux-gnu/libXext.so.6.4.0
7f61d29f4000-7f61d29f5000 rw-p 00011000 08:01 4063687                    /usr/lib/x86_64-linux-gnu/libXext.so.6.4.0
7f61d29f5000-7f61d29f7000 r-xp 00000000 08:01 4071850                    /usr/lib/x86_64-linux-gnu/libXdamage.so.1.1.0
7f61d29f7000-7f61d2bf6000 ---p 00002000 08:01 4071850                    /usr/lib/x86_64-linux-gnu/libXdamage.so.1.1.0
7f61d2bf6000-7f61d2bf7000 r--p 00001000 08:01 4071850                    /usr/lib/x86_64-linux-gnu/libXdamage.so.1.1.0
7f61d2bf7000-7f61d2bf8000 rw-p 00002000 08:01 4071850                    /usr/lib/x86_64-linux-gnu/libXdamage.so.1.1.0
7f61d2bf8000-7f61d2bfa000 r-xp 00000000 08:01 4071846                    /usr/lib/x86_64-linux-gnu/libXcomposite.so.1.0.0
7f61d2bfa000-7f61d2df9000 ---p 00002000 08:01 4071846                    /usr/lib/x86_64-linux-gnu/libXcomposite.so.1.0.0
7f61d2df9000-7f61d2dfa000 r--p 00001000 08:01 4071846                    /usr/lib/x86_64-linux-gnu/libXcomposite.so.1.0.0
7f61d2dfa000-7f61d2dfb000 rw-p 00002000 08:01 4071846                    /usr/lib/x86_64-linux-gnu/libXcomposite.so.1.0.0
7f61d2dfb000-7f61d2e04000 r-xp 00000000 08:01 4071848                    /usr/lib/x86_64-linux-gnu/libXcursor.so.1.0.2
7f61d2e04000-7f61d3003000 ---p 00009000 08:01 4071848                    /usr/lib/x86_64-linux-gnu/libXcursor.so.1.0.2
7f61d3003000-7f61d3004000 r--p 00008000 08:01 4071848                    /usr/lib/x86_64-linux-gnu/libXcursor.so.1.0.2
7f61d3004000-7f61d3005000 rw-p 00009000 08:01 4071848                    /usr/lib/x86_64-linux-gnu/libXcursor.so.1.0.2
7f61d3005000-7f61d300e000 r-xp 00000000 08:01 4071874                    /usr/lib/x86_64-linux-gnu/libXrandr.so.2.2.0
7f61d300e000-7f61d320d000 ---p 00009000 08:01 4071874                    /usr/lib/x86_64-linux-gnu/libXrandr.so.2.2.0
7f61d320d000-7f61d320e000 r--p 00008000 08:01 4071874                    /usr/lib/x86_64-linux-gnu/libXrandr.so.2.2.0
7f61d320e000-7f61d320f000 rw-p 00009000 08:01 4071874                    /usr/lib/x86_64-linux-gnu/libXrandr.so.2.2.0
7f61d320f000-7f61d321e000 r-xp 00000000 08:01 4067544                    /usr/lib/x86_64-linux-gnu/libXi.so.6.1.0
7f61d321e000-7f61d341d000 ---p 0000f000 08:01 4067544                    /usr/lib/x86_64-linux-gnu/libXi.so.6.1.0
7f61d341d000-7f61d341e000 r--p 0000e000 08:01 4067544                    /usr/lib/x86_64-linux-gnu/libXi.so.6.1.0
7f61d341e000-7f61d341f000 rw-p 0000f000 08:01 4067544                    /usr/lib/x86_64-linux-gnu/libXi.so.6.1.0
7f61d341f000-7f61d3421000 r-xp 00000000 08:01 4071864                    /usr/lib/x86_64-linux-gnu/libXinerama.so.1.0.0
7f61d3421000-7f61d3620000 ---p 00002000 08:01 4071864                    /usr/lib/x86_64-linux-gnu/libXinerama.so.1.0.0
7f61d3620000-7f61d3621000 r--p 00001000 08:01 4071864                    /usr/lib/x86_64-linux-gnu/libXinerama.so.1.0.0
7f61d3621000-7f61d3622000 rw-p 00002000 08:01 4071864                    /usr/lib/x86_64-linux-gnu/libXinerama.so.1.0.0
7f61d3622000-7f61d362b000 r-xp 00000000 08:01 4067519                    /usr/lib/x86_64-linux-gnu/libXrender.so.1.3.0
7f61d362b000-7f61d382a000 ---p 00009000 08:01 4067519                    /usr/lib/x86_64-linux-gnu/libXrender.so.1.3.0
7f61d382a000-7f61d382b000 r--p 00008000 08:01 4067519                    /usr/lib/x86_64-linux-gnu/libXrender.so.1.3.0
7f61d382b000-7f61d382c000 rw-p 00009000 08:01 4067519                    /usr/lib/x86_64-linux-gnu/libXrender.so.1.3.0
7f61d382c000-7f61d3931000 r-xp 00000000 08:01 790526                     /lib/x86_64-linux-gnu/libm-2.19.so
7f61d3931000-7f61d3b30000 ---p 00105000 08:01 790526                     /lib/x86_64-linux-gnu/libm-2.19.so
7f61d3b30000-7f61d3b31000 r--p 00104000 08:01 790526                     /lib/x86_64-linux-gnu/libm-2.19.so
7f61d3b31000-7f61d3b32000 rw-p 00105000 08:01 790526                     /lib/x86_64-linux-gnu/libm-2.19.so
7f61d3b32000-7f61d3b6c000 r-xp 00000000 08:01 4072133                    /usr/lib/x86_64-linux-gnu/libfontconfig.so.1.8.0
7f61d3b6c000-7f61d3d6b000 ---p 0003a000 08:01 4072133                    /usr/lib/x86_64-linux-gnu/libfontconfig.so.1.8.0
7f61d3d6b000-7f61d3d6d000 r--p 00039000 08:01 4072133                    /usr/lib/x86_64-linux-gnu/libfontconfig.so.1.8.0
7f61d3d6d000-7f61d3d6e000 rw-p 0003b000 08:01 4072133                    /usr/lib/x86_64-linux-gnu/libfontconfig.so.1.8.0
7f61d3d6e000-7f61d3db8000 r-xp 00000000 08:01 4067537                    /usr/lib/x86_64-linux-gnu/libpango-1.0.so.0.3600.3
7f61d3db8000-7f61d3fb8000 ---p 0004a000 08:01 4067537                    /usr/lib/x86_64-linux-gnu/libpango-1.0.so.0.3600.3
7f61d3fb8000-7f61d3fba000 r--p 0004a000 08:01 4067537                    /usr/lib/x86_64-linux-gnu/libpango-1.0.so.0.3600.3
7f61d3fba000-7f61d3fbb000 rw-p 0004c000 08:01 4067537                    /usr/lib/x86_64-linux-gnu/libpango-1.0.so.0.3600.3
7f61d3fbb000-7f61d3fcf000 r-xp 00000000 08:01 4067539                    /usr/lib/x86_64-linux-gnu/libpangoft2-1.0.so.0.3600.3
7f61d3fcf000-7f61d41ce000 ---p 00014000 08:01 4067539                    /usr/lib/x86_64-linux-gnu/libpangoft2-1.0.so.0.3600.3
7f61d41ce000-7f61d41cf000 r--p 00013000 08:01 4067539                    /usr/lib/x86_64-linux-gnu/libpangoft2-1.0.so.0.3600.3
7f61d41cf000-7f61d41d0000 rw-p 00014000 08:01 4067539                    /usr/lib/x86_64-linux-gnu/libpangoft2-1.0.so.0.3600.3
7f61d41d0000-7f61d433c000 r-xp 00000000 08:01 4063618                    /usr/lib/x86_64-linux-gnu/libgio-2.0.so.0.4002.0
7f61d433c000-7f61d453b000 ---p 0016c000 08:01 4063618                    /usr/lib/x86_64-linux-gnu/libgio-2.0.so.0.4002.0
7f61d453b000-7f61d453f000 r--p 0016b000 08:01 4063618                    /usr/lib/x86_64-linux-gnu/libgio-2.0.so.0.4002.0
7f61d453f000-7f61d4541000 rw-p 0016f000 08:01 4063618                    /usr/lib/x86_64-linux-gnu/libgio-2.0.so.0.4002.0
7f61d4541000-7f61d4543000 rw-p 00000000 00:00 0 
7f61d4543000-7f61d4563000 r-xp 00000000 08:01 4067527                    /usr/lib/x86_64-linux-gnu/libgdk_pixbuf-2.0.so.0.3000.7
7f61d4563000-7f61d4762000 ---p 00020000 08:01 4067527                    /usr/lib/x86_64-linux-gnu/libgdk_pixbuf-2.0.so.0.3000.7
7f61d4762000-7f61d4763000 r--p 0001f000 08:01 4067527                    /usr/lib/x86_64-linux-gnu/libgdk_pixbuf-2.0.so.0.3000.7
7f61d4763000-7f61d4764000 rw-p 00020000 08:01 4067527                    /usr/lib/x86_64-linux-gnu/libgdk_pixbuf-2.0.so.0.3000.7
7f61d4764000-7f61d486a000 r-xp 00000000 08:01 4067521                    /usr/lib/x86_64-linux-gnu/libcairo.so.2.11301.0
7f61d486a000-7f61d4a69000 ---p 00106000 08:01 4067521                    /usr/lib/x86_64-linux-gnu/libcairo.so.2.11301.0
7f61d4a69000-7f61d4a6c000 r--p 00105000 08:01 4067521                    /usr/lib/x86_64-linux-gnu/libcairo.so.2.11301.0
7f61d4a6c000-7f61d4a6d000 rw-p 00108000 08:01 4067521                    /usr/lib/x86_64-linux-gnu/libcairo.so.2.11301.0
7f61d4a6d000-7f61d4a6f000 rw-p 00000000 00:00 0 
7f61d4a6f000-7f61d4a8e000 r-xp 00000000 08:01 4071933                    /usr/lib/x86_64-linux-gnu/libatk-1.0.so.0.21009.1
7f61d4a8e000-7f61d4c8e000 ---p 0001f000 08:01 4071933                    /usr/lib/x86_64-linux-gnu/libatk-1.0.so.0.21009.1
7f61d4c8e000-7f61d4c90000 r--p 0001f000 08:01 4071933                    /usr/lib/x86_64-linux-gnu/libatk-1.0.so.0.21009.1
7f61d4c90000-7f61d4c91000 rw-p 00021000 08:01 4071933                    /usr/lib/x86_64-linux-gnu/libatk-1.0.so.0.21009.1
7f61d4c91000-7f61d4c96000 r-xp 00000000 08:01 4063711                    /usr/lib/x86_64-linux-gnu/libXfixes.so.3.1.0
7f61d4c96000-7f61d4e95000 ---p 00005000 08:01 4063711                    /usr/lib/x86_64-linux-gnu/libXfixes.so.3.1.0
7f61d4e95000-7f61d4e96000 r--p 00004000 08:01 4063711                    /usr/lib/x86_64-linux-gnu/libXfixes.so.3.1.0
7f61d4e96000-7f61d4e97000 rw-p 00005000 08:01 4063711                    /usr/lib/x86_64-linux-gnu/libXfixes.so.3.1.0
7f61d4e97000-7f61d4fc7000 r-xp 00000000 08:01 4071837                    /usr/lib/x86_64-linux-gnu/libX11.so.6.3.0
7f61d4fc7000-7f61d51c7000 ---p 00130000 08:01 4071837                    /usr/lib/x86_64-linux-gnu/libX11.so.6.3.0
7f61d51c7000-7f61d51c8000 r--p 00130000 08:01 4071837                    /usr/lib/x86_64-linux-gnu/libX11.so.6.3.0
7f61d51c8000-7f61d51cc000 rw-p 00131000 08:01 4071837                    /usr/lib/x86_64-linux-gnu/libX11.so.6.3.0
7f61d51cc000-7f61d51d7000 r-xp 00000000 08:01 4067535                    /usr/lib/x86_64-linux-gnu/libpangocairo-1.0.so.0.3600.3
7f61d51d7000-7f61d53d7000 ---p 0000b000 08:01 4067535                    /usr/lib/x86_64-linux-gnu/libpangocairo-1.0.so.0.3600.3
7f61d53d7000-7f61d53d8000 r--p 0000b000 08:01 4067535                    /usr/lib/x86_64-linux-gnu/libpangocairo-1.0.so.0.3600.3
7f61d53d8000-7f61d53d9000 rw-p 0000c000 08:01 4067535                    /usr/lib/x86_64-linux-gnu/libpangocairo-1.0.so.0.3600.3
7f61d53d9000-7f61d53dc000 r-xp 00000000 08:01 4063596                    /usr/lib/x86_64-linux-gnu/libgmodule-2.0.so.0.4002.0
7f61d53dc000-7f61d55db000 ---p 00003000 08:01 4063596                    /usr/lib/x86_64-linux-gnu/libgmodule-2.0.so.0.4002.0
7f61d55db000-7f61d55dc000 r--p 00002000 08:01 4063596                    /usr/lib/x86_64-linux-gnu/libgmodule-2.0.so.0.4002.0
7f61d55dc000-7f61d55dd000 rw-p 00003000 08:01 4063596                    /usr/lib/x86_64-linux-gnu/libgmodule-2.0.so.0.4002.0
7f61d55dd000-7f61d56e3000 r-xp 00000000 08:01 787439                     /lib/x86_64-linux-gnu/libglib-2.0.so.0.4002.0
7f61d56e3000-7f61d58e2000 ---p 00106000 08:01 787439                     /lib/x86_64-linux-gnu/libglib-2.0.so.0.4002.0
7f61d58e2000-7f61d58e3000 r--p 00105000 08:01 787439                     /lib/x86_64-linux-gnu/libglib-2.0.so.0.4002.0
7f61d58e3000-7f61d58e4000 rw-p 00106000 08:01 787439                     /lib/x86_64-linux-gnu/libglib-2.0.so.0.4002.0
7f61d58e4000-7f61d58e5000 rw-p 00000000 00:00 0 
7f61d58e5000-7f61d5934000 r-xp 00000000 08:01 4063614                    /usr/lib/x86_64-linux-gnu/libgobject-2.0.so.0.4002.0
7f61d5934000-7f61d5b34000 ---p 0004f000 08:01 4063614                    /usr/lib/x86_64-linux-gnu/libgobject-2.0.so.0.4002.0
7f61d5b34000-7f61d5b35000 r--p 0004f000 08:01 4063614                    /usr/lib/x86_64-linux-gnu/libgobject-2.0.so.0.4002.0
7f61d5b35000-7f61d5b36000 rw-p 00050000 08:01 4063614                    /usr/lib/x86_64-linux-gnu/libgobject-2.0.so.0.4002.0
7f61d5b36000-7f61d5be3000 r-xp 00000000 08:01 4067548                    /usr/lib/x86_64-linux-gnu/libgdk-x11-2.0.so.0.2400.23
7f61d5be3000-7f61d5de3000 ---p 000ad000 08:01 4067548                    /usr/lib/x86_64-linux-gnu/libgdk-x11-2.0.so.0.2400.23
7f61d5de3000-7f61d5de7000 r--p 000ad000 08:01 4067548                    /usr/lib/x86_64-linux-gnu/libgdk-x11-2.0.so.0.2400.23
7f61d5de7000-7f61d5de9000 rw-p 000b1000 08:01 4067548                    /usr/lib/x86_64-linux-gnu/libgdk-x11-2.0.so.0.2400.23
7f61d5de9000-7f61d6219000 r-xp 00000000 08:01 4067549                    /usr/lib/x86_64-linux-gnu/libgtk-x11-2.0.so.0.2400.23
7f61d6219000-7f61d6418000 ---p 00430000 08:01 4067549                    /usr/lib/x86_64-linux-gnu/libgtk-x11-2.0.so.0.2400.23
7f61d6418000-7f61d641f000 r--p 0042f000 08:01 4067549                    /usr/lib/x86_64-linux-gnu/libgtk-x11-2.0.so.0.2400.23
7f61d641f000-7f61d6423000 rw-p 00436000 08:01 4067549                    /usr/lib/x86_64-linux-gnu/libgtk-x11-2.0.so.0.2400.23
7f61d6423000-7f61d6426000 rw-p 00000000 00:00 0 
7f61d6426000-7f61d65e2000 r-xp 00000000 08:01 790476                     /lib/x86_64-linux-gnu/libc-2.19.so
7f61d65e2000-7f61d67e1000 ---p 001bc000 08:01 790476                     /lib/x86_64-linux-gnu/libc-2.19.so
7f61d67e1000-7f61d67e5000 r--p 001bb000 08:01 790476                     /lib/x86_64-linux-gnu/libc-2.19.so
7f61d67e5000-7f61d67e7000 rw-p 001bf000 08:01 790476                     /lib/x86_64-linux-gnu/libc-2.19.so
7f61d67e7000-7f61d67ec000 rw-p 00000000 00:00 0 
7f61d67ec000-7f61d67ef000 r-xp 00000000 08:01 790493                     /lib/x86_64-linux-gnu/libdl-2.19.so
7f61d67ef000-7f61d69ee000 ---p 00003000 08:01 790493                     /lib/x86_64-linux-gnu/libdl-2.19.so
7f61d69ee000-7f61d69ef000 r--p 00002000 08:01 790493                     /lib/x86_64-linux-gnu/libdl-2.19.so
7f61d69ef000-7f61d69f0000 rw-p 00003000 08:01 790493                     /lib/x86_64-linux-gnu/libdl-2.19.so
7f61d69f0000-7f61d6a05000 r-xp 00000000 08:01 3805305                    /home/mysql1/installPage/jdk1.8.0_71/lib/amd64/jli/libjli.so
7f61d6a05000-7f61d6c05000 ---p 00015000 08:01 3805305                    /home/mysql1/installPage/jdk1.8.0_71/lib/amd64/jli/libjli.so
7f61d6c05000-7f61d6c06000 rw-p 00015000 08:01 3805305                    /home/mysql1/installPage/jdk1.8.0_71/lib/amd64/jli/libjli.so
7f61d6c06000-7f61d6c1f000 r-xp 00000000 08:01 790596                     /lib/x86_64-linux-gnu/libpthread-2.19.so
7f61d6c1f000-7f61d6e1e000 ---p 00019000 08:01 790596                     /lib/x86_64-linux-gnu/libpthread-2.19.so
7f61d6e1e000-7f61d6e1f000 r--p 00018000 08:01 790596                     /lib/x86_64-linux-gnu/libpthread-2.19.so
7f61d6e1f000-7f61d6e20000 rw-p 00019000 08:01 790596                     /lib/x86_64-linux-gnu/libpthread-2.19.so
7f61d6e20000-7f61d6e24000 rw-p 00000000 00:00 0 
7f61d6e24000-7f61d6e25000 r-xp 00000000 08:01 1310792                    /opt/sublime_text/libsublime-imfix.so
7f61d6e25000-7f61d7024000 ---p 00001000 08:01 1310792                    /opt/sublime_text/libsublime-imfix.so
7f61d7024000-7f61d7025000 r--p 00000000 08:01 1310792                    /opt/sublime_text/libsublime-imfix.so
7f61d7025000-7f61d7026000 rw-p 00001000 08:01 1310792                    /opt/sublime_text/libsublime-imfix.so
7f61d7026000-7f61d7049000 r-xp 00000000 08:01 790452                     /lib/x86_64-linux-gnu/ld-2.19.so
7f61d7119000-7f61d711c000 ---p 00000000 00:00 0 
7f61d711c000-7f61d7230000 rw-p 00000000 00:00 0                          [stack:7034]
7f61d7239000-7f61d723c000 rw-p 00000000 00:00 0 
7f61d723c000-7f61d7244000 rw-s 00000000 08:01 3803864                    /tmp/hsperfdata_root/7012
7f61d7244000-7f61d7245000 rw-p 00000000 00:00 0 
7f61d7245000-7f61d7246000 r--p 00000000 00:00 0 
7f61d7246000-7f61d7248000 rw-p 00000000 00:00 0 
7f61d7248000-7f61d7249000 r--p 00022000 08:01 790452                     /lib/x86_64-linux-gnu/ld-2.19.so
7f61d7249000-7f61d724a000 rw-p 00023000 08:01 790452                     /lib/x86_64-linux-gnu/ld-2.19.so
7f61d724a000-7f61d724b000 rw-p 00000000 00:00 0 
7fff0d197000-7fff0d1b8000 rw-p 00000000 00:00 0                          [stack]
7fff0d1fe000-7fff0d200000 r-xp 00000000 00:00 0                          [vdso]
ffffffffff600000-ffffffffff601000 r-xp 00000000 00:00 0                  [vsyscall]

VM Arguments:
jvm_args: -Xms1g -Xmx1g 
java_command: org.apache.spark.deploy.SparkSubmit pyspark-shell
java_class_path (initial): /home/mysql1/spark/conf/:/home/mysql1/spark/lib/spark-assembly-1.6.2-hadoop2.6.0.jar:/home/mysql1/spark/lib/datanucleus-rdbms-3.2.9.jar:/home/mysql1/spark/lib/datanucleus-api-jdo-3.2.6.jar:/home/mysql1/spark/lib/datanucleus-core-3.2.10.jar:/home/mysql1/hadoop/etc/hadoop/
Launcher Type: SUN_STANDARD

Environment Variables:
JAVA_HOME=/home/mysql1/installPage/jdk1.8.0_71
PATH=/usr/local/sbin:/usr/local/bin:/usr/sbin:/usr/bin:/sbin:/bin:/usr/games:/usr/local/games:/home/mysql1/spark/bin:/home/mysql1/hadoop/bin:/home/mysql1/installPage/jdk1.8.0_71/bin:/home/mysql1/hadoop/sbin:/home/mysql1/hive/bin:/home/mysql1/installPage/scala-2.11.8/bin:/home/mysql1/spark/python:/home/mysql1/spark/python/pyspark:/home/mysql1/spark/python/lib/py4j
USERNAME=root
LD_PRELOAD=/opt/sublime_text/libsublime-imfix.so
SHELL=/bin/bash
DISPLAY=:0

Signal Handlers:
SIGSEGV: [libjvm.so+0xabafa0], sa_mask[0]=11111111011111111101111111111110, sa_flags=SA_RESTART|SA_SIGINFO
SIGBUS: [libjvm.so+0xabafa0], sa_mask[0]=11111111011111111101111111111110, sa_flags=SA_RESTART|SA_SIGINFO
SIGFPE: [libjvm.so+0x9183c0], sa_mask[0]=11111111011111111101111111111110, sa_flags=SA_RESTART|SA_SIGINFO
SIGPIPE: [libjvm.so+0x9183c0], sa_mask[0]=11111111011111111101111111111110, sa_flags=SA_RESTART|SA_SIGINFO
SIGXFSZ: [libjvm.so+0x9183c0], sa_mask[0]=11111111011111111101111111111110, sa_flags=SA_RESTART|SA_SIGINFO
SIGILL: [libjvm.so+0x9183c0], sa_mask[0]=11111111011111111101111111111110, sa_flags=SA_RESTART|SA_SIGINFO
SIGUSR1: SIG_DFL, sa_mask[0]=00000000000000000000000000000000, sa_flags=none
SIGUSR2: [libjvm.so+0x9199f0], sa_mask[0]=00000000000000000000000000000000, sa_flags=SA_RESTART|SA_SIGINFO
SIGHUP: SIG_DFL, sa_mask[0]=00000000000000000000000000000000, sa_flags=none
SIGINT: SIG_IGN, sa_mask[0]=00000000000000000000000000000000, sa_flags=none
SIGTERM: SIG_DFL, sa_mask[0]=00000000000000000000000000000000, sa_flags=none
SIGQUIT: SIG_DFL, sa_mask[0]=00000000000000000000000000000000, sa_flags=none


---------------  S Y S T E M  ---------------

OS:DISTRIB_ID=Ubuntu
DISTRIB_RELEASE=14.04
DISTRIB_CODENAME=trusty
DISTRIB_DESCRIPTION="Ubuntu 14.04.1 LTS"

uname:Linux 3.13.0-32-generic #57-Ubuntu SMP Tue Jul 15 03:51:08 UTC 2014 x86_64
libc:glibc 2.19 NPTL 2.19 
rlimit: STACK 8192k, CORE 0k, NPROC 31343, NOFILE 4096, AS infinity
load average:1.20 1.72 1.57

/proc/meminfo:
MemTotal:        4033512 kB
MemFree:          117080 kB
Buffers:            5492 kB
Cached:           202992 kB
SwapCached:        89500 kB
Active:          2533628 kB
Inactive:        1005852 kB
Active(anon):    2486756 kB
Inactive(anon):   870652 kB
Active(file):      46872 kB
Inactive(file):   135200 kB
Unevictable:          32 kB
Mlocked:              32 kB
SwapTotal:       1046524 kB
SwapFree:         108736 kB
Dirty:               136 kB
Writeback:             0 kB
AnonPages:       3242048 kB
Mapped:            69860 kB
Shmem:             26092 kB
Slab:              71492 kB
SReclaimable:      24368 kB
SUnreclaim:        47124 kB
KernelStack:        8416 kB
PageTables:        39512 kB
NFS_Unstable:          0 kB
Bounce:                0 kB
WritebackTmp:          0 kB
CommitLimit:     3063280 kB
Committed_AS:    9651496 kB
VmallocTotal:   34359738367 kB
VmallocUsed:      174612 kB
VmallocChunk:   34359506504 kB
HardwareCorrupted:     0 kB
AnonHugePages:   1232896 kB
HugePages_Total:       0
HugePages_Free:        0
HugePages_Rsvd:        0
HugePages_Surp:        0
Hugepagesize:       2048 kB
DirectMap4k:       59200 kB
DirectMap2M:     3086336 kB
DirectMap1G:     3145728 kB


CPU:total 2 (2 cores per cpu, 1 threads per core) family 6 model 60 stepping 3, cmov, cx8, fxsr, mmx, sse, sse2, sse3, ssse3, sse4.1, sse4.2, popcnt, avx, avx2, aes, clmul, erms, lzcnt, tsc, tscinvbit, bmi1, bmi2

/proc/cpuinfo:
processor	: 0
vendor_id	: GenuineIntel
cpu family	: 6
model		: 60
model name	: Intel(R) Core(TM) i3-4130 CPU @ 3.40GHz
stepping	: 3
microcode	: 0x1e
cpu MHz		: 3400.000
cache size	: 3072 KB
physical id	: 0
siblings	: 2
core id		: 0
cpu cores	: 2
apicid		: 0
initial apicid	: 0
fpu		: yes
fpu_exception	: yes
cpuid level	: 13
wp		: yes
flags		: fpu vme de pse tsc msr pae mce cx8 apic sep mtrr pge mca cmov pat pse36 clflush dts mmx fxsr sse sse2 ss ht syscall nx pdpe1gb rdtscp lm constant_tsc arch_perfmon pebs bts nopl xtopology tsc_reliable nonstop_tsc aperfmperf eagerfpu pni pclmulqdq ssse3 fma cx16 pcid sse4_1 sse4_2 x2apic movbe popcnt tsc_deadline_timer aes xsave avx f16c rdrand hypervisor lahf_lm abm arat xsaveopt pln pts dtherm fsgsbase tsc_adjust bmi1 avx2 smep bmi2 invpcid
bogomips	: 6800.00
clflush size	: 64
cache_alignment	: 64
address sizes	: 42 bits physical, 48 bits virtual
power management:

processor	: 1
vendor_id	: GenuineIntel
cpu family	: 6
model		: 60
model name	: Intel(R) Core(TM) i3-4130 CPU @ 3.40GHz
stepping	: 3
microcode	: 0x1e
cpu MHz		: 3400.000
cache size	: 3072 KB
physical id	: 0
siblings	: 2
core id		: 1
cpu cores	: 2
apicid		: 1
initial apicid	: 1
fpu		: yes
fpu_exception	: yes
cpuid level	: 13
wp		: yes
flags		: fpu vme de pse tsc msr pae mce cx8 apic sep mtrr pge mca cmov pat pse36 clflush dts mmx fxsr sse sse2 ss ht syscall nx pdpe1gb rdtscp lm constant_tsc arch_perfmon pebs bts nopl xtopology tsc_reliable nonstop_tsc aperfmperf eagerfpu pni pclmulqdq ssse3 fma cx16 pcid sse4_1 sse4_2 x2apic movbe popcnt tsc_deadline_timer aes xsave avx f16c rdrand hypervisor lahf_lm abm arat xsaveopt pln pts dtherm fsgsbase tsc_adjust bmi1 avx2 smep bmi2 invpcid
bogomips	: 6800.00
clflush size	: 64
cache_alignment	: 64
address sizes	: 42 bits physical, 48 bits virtual
power management:



Memory: 4k page, physical 4033512k(117080k free), swap 1046524k(108736k free)

vm_info: Java HotSpot(TM) 64-Bit Server VM (25.71-b15) for linux-amd64 JRE (1.8.0_71-b15), built on Dec 22 2015 18:21:33 by "java_re" with gcc 4.3.0 20080428 (Red Hat 4.3.0-8)

time: Wed Jul 27 14:16:43 2016
elapsed time: 0 seconds (0d 0h 0m 0s)

